INFO 2023-09-23 08:42:51,004 autoreload 1784 9988 Watching for file changes with StatReloader
INFO 2023-09-23 08:42:53,737 basehttp 1784 24268 "GET / HTTP/1.1" 200 13
INFO 2023-09-23 08:42:59,543 basehttp 1784 24268 "GET /about/ HTTP/1.1" 200 8
INFO 2023-09-23 08:53:43,925 autoreload 1784 9988 C:\Users\andre\PycharmProjects\DjangoHomework\myproject\myapp\views.py changed, reloading.
INFO 2023-09-23 08:53:45,261 autoreload 13532 24180 Watching for file changes with StatReloader
INFO 2023-09-23 08:56:07,353 autoreload 13532 24180 C:\Users\andre\PycharmProjects\DjangoHomework\myproject\myproject\settings.py changed, reloading.
INFO 2023-09-23 08:56:08,235 autoreload 13868 24876 Watching for file changes with StatReloader
INFO 2023-09-23 08:56:14,125 basehttp 13868 22020 "GET / HTTP/1.1" 200 13
INFO 2023-09-23 08:56:16,803 basehttp 13868 25428 "GET / HTTP/1.1" 200 13
INFO 2023-09-23 08:56:21,987 basehttp 13868 25428 "GET / HTTP/1.1" 200 13
INFO 2023-09-23 08:56:54,294 autoreload 13868 24876 C:\Users\andre\PycharmProjects\DjangoHomework\myproject\myproject\urls.py changed, reloading.
INFO 2023-09-23 08:56:55,202 autoreload 4772 7912 Watching for file changes with StatReloader
INFO 2023-09-23 08:56:55,560 basehttp 4772 9772 "GET / HTTP/1.1" 200 10664
INFO 2023-09-23 08:59:15,642 autoreload 4772 7912 C:\Users\andre\PycharmProjects\DjangoHomework\myproject\myproject\urls.py changed, reloading.
INFO 2023-09-23 08:59:16,395 autoreload 4600 15940 Watching for file changes with StatReloader
INFO 2023-09-23 09:00:55,364 autoreload 4600 15940 C:\Users\andre\PycharmProjects\DjangoHomework\myproject\myapp\views.py changed, reloading.
INFO 2023-09-23 09:00:56,146 autoreload 20960 13724 Watching for file changes with StatReloader
INFO 2023-09-23 09:01:41,449 autoreload 20960 13724 C:\Users\andre\PycharmProjects\DjangoHomework\myproject\myapp\views.py changed, reloading.
INFO 2023-09-23 09:01:42,493 autoreload 16308 23324 Watching for file changes with StatReloader
INFO 2023-09-23 09:01:43,549 basehttp 16308 1156 "GET / HTTP/1.1" 200 431
INFO 2023-09-23 09:02:05,165 autoreload 16308 23324 C:\Users\andre\PycharmProjects\DjangoHomework\myproject\myapp\views.py changed, reloading.
INFO 2023-09-23 09:02:05,882 autoreload 19528 11672 Watching for file changes with StatReloader
INFO 2023-09-23 09:02:06,005 basehttp 19528 23872 "GET / HTTP/1.1" 200 457
INFO 2023-09-23 09:02:26,154 basehttp 19528 1380 "GET / HTTP/1.1" 200 457
INFO 2023-09-23 09:02:26,272 autoreload 19528 11672 C:\Users\andre\PycharmProjects\DjangoHomework\myproject\myapp\views.py changed, reloading.
INFO 2023-09-23 09:02:26,970 autoreload 8700 23460 Watching for file changes with StatReloader
INFO 2023-09-23 09:02:28,487 basehttp 8700 12736 "GET / HTTP/1.1" 200 429
INFO 2023-09-23 09:03:20,022 autoreload 8700 23460 C:\Users\andre\PycharmProjects\DjangoHomework\myproject\myapp\views.py changed, reloading.
INFO 2023-09-23 09:03:20,755 autoreload 16724 3928 Watching for file changes with StatReloader
INFO 2023-09-23 09:03:21,031 basehttp 16724 20092 "GET / HTTP/1.1" 200 457
INFO 2023-09-23 09:09:37,177 autoreload 16724 3928 C:\Users\andre\PycharmProjects\DjangoHomework\myproject\myapp\views.py changed, reloading.
INFO 2023-09-23 09:09:37,925 autoreload 16108 24492 Watching for file changes with StatReloader
INFO 2023-09-23 09:09:43,966 basehttp 16108 22488 "GET /about/ HTTP/1.1" 200 8
INFO 2023-09-23 09:09:53,355 autoreload 16108 24492 C:\Users\andre\PycharmProjects\DjangoHomework\myproject\myapp\views.py changed, reloading.
INFO 2023-09-23 09:09:54,063 autoreload 8428 16064 Watching for file changes with StatReloader
INFO 2023-09-23 09:09:54,572 basehttp 8428 23428 "GET /about/ HTTP/1.1" 200 433
INFO 2023-09-23 09:13:50,447 autoreload 8428 16064 C:\Users\andre\PycharmProjects\DjangoHomework\myproject\myapp\views.py changed, reloading.
INFO 2023-09-23 09:13:51,215 autoreload 15092 21528 Watching for file changes with StatReloader
INFO 2023-09-23 09:13:51,453 basehttp 15092 17836 "GET /about/ HTTP/1.1" 200 689
INFO 2023-09-23 09:14:23,249 autoreload 15092 21528 C:\Users\andre\PycharmProjects\DjangoHomework\myproject\myapp\views.py changed, reloading.
INFO 2023-09-23 09:14:23,958 autoreload 13208 11564 Watching for file changes with StatReloader
INFO 2023-09-23 09:14:24,249 basehttp 13208 6520 "GET /about/ HTTP/1.1" 200 689
INFO 2023-09-28 11:08:20,370 autoreload 16980 18692 Watching for file changes with StatReloader
INFO 2023-09-28 11:09:03,941 autoreload 16980 18692 C:\Users\andre\PycharmProjects\DjangoHomework\myproject\myapp\urls.py changed, reloading.
INFO 2023-09-28 11:09:04,778 autoreload 18224 21212 Watching for file changes with StatReloader
INFO 2023-09-28 11:09:54,978 autoreload 18224 21212 C:\Users\andre\PycharmProjects\DjangoHomework\myproject\myapp\views.py changed, reloading.
INFO 2023-09-28 11:09:55,933 autoreload 14004 17456 Watching for file changes with StatReloader
INFO 2023-09-28 11:10:47,944 autoreload 14004 17456 C:\Users\andre\PycharmProjects\DjangoHomework\myproject\myapp\urls.py changed, reloading.
INFO 2023-09-28 11:10:49,021 autoreload 14880 26872 Watching for file changes with StatReloader
INFO 2023-09-28 11:12:07,627 autoreload 15876 30300 Watching for file changes with StatReloader
INFO 2023-09-28 11:12:32,110 autoreload 29136 4704 Watching for file changes with StatReloader
ERROR 2023-09-28 11:12:34,729 log 29136 6140 Internal Server Error: /
Traceback (most recent call last):
  File "C:\Users\andre\PycharmProjects\DjangoHomework\venv\lib\site-packages\django\core\handlers\exception.py", line 55, in inner
    response = get_response(request)
  File "C:\Users\andre\PycharmProjects\DjangoHomework\venv\lib\site-packages\django\core\handlers\base.py", line 197, in _get_response
    response = wrapped_callback(request, *callback_args, **callback_kwargs)
  File "C:\Users\andre\PycharmProjects\DjangoHomework\myproject\myapp\views.py", line 9, in index
    return render(request, 'sem3/index.html', context)
  File "C:\Users\andre\PycharmProjects\DjangoHomework\venv\lib\site-packages\django\shortcuts.py", line 24, in render
    content = loader.render_to_string(template_name, context, request, using=using)
  File "C:\Users\andre\PycharmProjects\DjangoHomework\venv\lib\site-packages\django\template\loader.py", line 61, in render_to_string
    template = get_template(template_name, using=using)
  File "C:\Users\andre\PycharmProjects\DjangoHomework\venv\lib\site-packages\django\template\loader.py", line 19, in get_template
    raise TemplateDoesNotExist(template_name, chain=chain)
django.template.exceptions.TemplateDoesNotExist: sem3/index.html
ERROR 2023-09-28 11:12:34,736 basehttp 29136 6140 "GET / HTTP/1.1" 500 79136
INFO 2023-09-28 11:13:19,798 autoreload 28384 10648 Watching for file changes with StatReloader
ERROR 2023-09-28 11:13:24,391 log 28384 29128 Internal Server Error: /
Traceback (most recent call last):
  File "C:\Users\andre\PycharmProjects\DjangoHomework\venv\lib\site-packages\django\core\handlers\exception.py", line 55, in inner
    response = get_response(request)
  File "C:\Users\andre\PycharmProjects\DjangoHomework\venv\lib\site-packages\django\core\handlers\base.py", line 197, in _get_response
    response = wrapped_callback(request, *callback_args, **callback_kwargs)
  File "C:\Users\andre\PycharmProjects\DjangoHomework\myproject\myapp\views.py", line 9, in index
    return render(request, 'sem3/index.html', context)
  File "C:\Users\andre\PycharmProjects\DjangoHomework\venv\lib\site-packages\django\shortcuts.py", line 24, in render
    content = loader.render_to_string(template_name, context, request, using=using)
  File "C:\Users\andre\PycharmProjects\DjangoHomework\venv\lib\site-packages\django\template\loader.py", line 61, in render_to_string
    template = get_template(template_name, using=using)
  File "C:\Users\andre\PycharmProjects\DjangoHomework\venv\lib\site-packages\django\template\loader.py", line 19, in get_template
    raise TemplateDoesNotExist(template_name, chain=chain)
django.template.exceptions.TemplateDoesNotExist: sem3/index.html
ERROR 2023-09-28 11:13:24,391 basehttp 28384 29128 "GET / HTTP/1.1" 500 79136
INFO 2023-09-28 11:15:39,682 autoreload 29500 19400 Watching for file changes with StatReloader
ERROR 2023-09-28 11:15:41,396 log 29500 9848 Internal Server Error: /
Traceback (most recent call last):
  File "C:\Users\andre\PycharmProjects\DjangoHomework\venv\lib\site-packages\django\core\handlers\exception.py", line 55, in inner
    response = get_response(request)
  File "C:\Users\andre\PycharmProjects\DjangoHomework\venv\lib\site-packages\django\core\handlers\base.py", line 197, in _get_response
    response = wrapped_callback(request, *callback_args, **callback_kwargs)
  File "C:\Users\andre\PycharmProjects\DjangoHomework\myproject\myapp\views.py", line 9, in index
    return render(request, 'sem3/index.html', context)
  File "C:\Users\andre\PycharmProjects\DjangoHomework\venv\lib\site-packages\django\shortcuts.py", line 24, in render
    content = loader.render_to_string(template_name, context, request, using=using)
  File "C:\Users\andre\PycharmProjects\DjangoHomework\venv\lib\site-packages\django\template\loader.py", line 61, in render_to_string
    template = get_template(template_name, using=using)
  File "C:\Users\andre\PycharmProjects\DjangoHomework\venv\lib\site-packages\django\template\loader.py", line 19, in get_template
    raise TemplateDoesNotExist(template_name, chain=chain)
django.template.exceptions.TemplateDoesNotExist: sem3/index.html
ERROR 2023-09-28 11:15:41,396 basehttp 29500 9848 "GET / HTTP/1.1" 500 79136
INFO 2023-09-28 11:18:08,495 autoreload 29500 19400 C:\Users\andre\PycharmProjects\DjangoHomework\myproject\myproject\urls.py changed, reloading.
INFO 2023-09-28 11:18:09,138 autoreload 15776 30072 Watching for file changes with StatReloader
WARNING 2023-09-28 11:18:11,004 log 15776 28272 Not Found: /
WARNING 2023-09-28 11:18:11,006 basehttp 15776 28272 "GET / HTTP/1.1" 404 2165
INFO 2023-09-28 11:18:19,367 basehttp 15776 28272 "GET /hm HTTP/1.1" 301 0
ERROR 2023-09-28 11:18:19,421 log 15776 20028 Internal Server Error: /hm/
Traceback (most recent call last):
  File "C:\Users\andre\PycharmProjects\DjangoHomework\venv\lib\site-packages\django\core\handlers\exception.py", line 55, in inner
    response = get_response(request)
  File "C:\Users\andre\PycharmProjects\DjangoHomework\venv\lib\site-packages\django\core\handlers\base.py", line 197, in _get_response
    response = wrapped_callback(request, *callback_args, **callback_kwargs)
  File "C:\Users\andre\PycharmProjects\DjangoHomework\myproject\myapp\views.py", line 9, in index
    return render(request, 'sem3/index.html', context)
  File "C:\Users\andre\PycharmProjects\DjangoHomework\venv\lib\site-packages\django\shortcuts.py", line 24, in render
    content = loader.render_to_string(template_name, context, request, using=using)
  File "C:\Users\andre\PycharmProjects\DjangoHomework\venv\lib\site-packages\django\template\loader.py", line 61, in render_to_string
    template = get_template(template_name, using=using)
  File "C:\Users\andre\PycharmProjects\DjangoHomework\venv\lib\site-packages\django\template\loader.py", line 19, in get_template
    raise TemplateDoesNotExist(template_name, chain=chain)
django.template.exceptions.TemplateDoesNotExist: sem3/index.html
ERROR 2023-09-28 11:18:19,421 basehttp 15776 20028 "GET /hm/ HTTP/1.1" 500 79172
INFO 2023-09-28 11:19:39,077 autoreload 16700 19848 Watching for file changes with StatReloader
WARNING 2023-09-28 11:19:40,966 log 16700 11016 Not Found: /
WARNING 2023-09-28 11:19:40,968 basehttp 16700 11016 "GET / HTTP/1.1" 404 2165
WARNING 2023-09-28 11:19:48,574 log 16700 11016 Not Found: /hw
WARNING 2023-09-28 11:19:48,574 basehttp 16700 11016 "GET /hw HTTP/1.1" 404 2189
INFO 2023-09-28 11:20:12,133 autoreload 16700 19848 C:\Users\andre\PycharmProjects\DjangoHomework\myproject\myproject\urls.py changed, reloading.
INFO 2023-09-28 11:20:12,929 autoreload 12272 8068 Watching for file changes with StatReloader
INFO 2023-09-28 11:20:13,363 basehttp 12272 29292 "GET /hw HTTP/1.1" 301 0
ERROR 2023-09-28 11:20:13,402 log 12272 31044 Internal Server Error: /hw/
Traceback (most recent call last):
  File "C:\Users\andre\PycharmProjects\DjangoHomework\venv\lib\site-packages\django\core\handlers\exception.py", line 55, in inner
    response = get_response(request)
  File "C:\Users\andre\PycharmProjects\DjangoHomework\venv\lib\site-packages\django\core\handlers\base.py", line 197, in _get_response
    response = wrapped_callback(request, *callback_args, **callback_kwargs)
  File "C:\Users\andre\PycharmProjects\DjangoHomework\myproject\myapp\views.py", line 9, in index
    return render(request, 'sem3/index.html', context)
  File "C:\Users\andre\PycharmProjects\DjangoHomework\venv\lib\site-packages\django\shortcuts.py", line 24, in render
    content = loader.render_to_string(template_name, context, request, using=using)
  File "C:\Users\andre\PycharmProjects\DjangoHomework\venv\lib\site-packages\django\template\loader.py", line 61, in render_to_string
    template = get_template(template_name, using=using)
  File "C:\Users\andre\PycharmProjects\DjangoHomework\venv\lib\site-packages\django\template\loader.py", line 19, in get_template
    raise TemplateDoesNotExist(template_name, chain=chain)
django.template.exceptions.TemplateDoesNotExist: sem3/index.html
ERROR 2023-09-28 11:20:13,405 basehttp 12272 31044 "GET /hw/ HTTP/1.1" 500 79309
INFO 2023-09-28 11:20:31,309 autoreload 12864 6536 Watching for file changes with StatReloader
ERROR 2023-09-28 11:20:34,460 log 12864 25812 Internal Server Error: /hw/
Traceback (most recent call last):
  File "C:\Users\andre\PycharmProjects\DjangoHomework\venv\lib\site-packages\django\core\handlers\exception.py", line 55, in inner
    response = get_response(request)
  File "C:\Users\andre\PycharmProjects\DjangoHomework\venv\lib\site-packages\django\core\handlers\base.py", line 197, in _get_response
    response = wrapped_callback(request, *callback_args, **callback_kwargs)
  File "C:\Users\andre\PycharmProjects\DjangoHomework\myproject\myapp\views.py", line 9, in index
    return render(request, 'sem3/index.html', context)
  File "C:\Users\andre\PycharmProjects\DjangoHomework\venv\lib\site-packages\django\shortcuts.py", line 24, in render
    content = loader.render_to_string(template_name, context, request, using=using)
  File "C:\Users\andre\PycharmProjects\DjangoHomework\venv\lib\site-packages\django\template\loader.py", line 61, in render_to_string
    template = get_template(template_name, using=using)
  File "C:\Users\andre\PycharmProjects\DjangoHomework\venv\lib\site-packages\django\template\loader.py", line 19, in get_template
    raise TemplateDoesNotExist(template_name, chain=chain)
django.template.exceptions.TemplateDoesNotExist: sem3/index.html
ERROR 2023-09-28 11:20:34,462 basehttp 12864 25812 "GET /hw/ HTTP/1.1" 500 79309
ERROR 2023-09-28 11:20:36,395 log 12864 25812 Internal Server Error: /hw/
Traceback (most recent call last):
  File "C:\Users\andre\PycharmProjects\DjangoHomework\venv\lib\site-packages\django\core\handlers\exception.py", line 55, in inner
    response = get_response(request)
  File "C:\Users\andre\PycharmProjects\DjangoHomework\venv\lib\site-packages\django\core\handlers\base.py", line 197, in _get_response
    response = wrapped_callback(request, *callback_args, **callback_kwargs)
  File "C:\Users\andre\PycharmProjects\DjangoHomework\myproject\myapp\views.py", line 9, in index
    return render(request, 'sem3/index.html', context)
  File "C:\Users\andre\PycharmProjects\DjangoHomework\venv\lib\site-packages\django\shortcuts.py", line 24, in render
    content = loader.render_to_string(template_name, context, request, using=using)
  File "C:\Users\andre\PycharmProjects\DjangoHomework\venv\lib\site-packages\django\template\loader.py", line 61, in render_to_string
    template = get_template(template_name, using=using)
  File "C:\Users\andre\PycharmProjects\DjangoHomework\venv\lib\site-packages\django\template\loader.py", line 19, in get_template
    raise TemplateDoesNotExist(template_name, chain=chain)
django.template.exceptions.TemplateDoesNotExist: sem3/index.html
ERROR 2023-09-28 11:20:36,397 basehttp 12864 25812 "GET /hw/ HTTP/1.1" 500 79309
INFO 2023-09-28 11:21:22,416 autoreload 12864 6536 C:\Users\andre\PycharmProjects\DjangoHomework\myproject\myapp\urls.py changed, reloading.
INFO 2023-09-28 11:21:23,042 autoreload 8468 21460 Watching for file changes with StatReloader
INFO 2023-09-28 11:21:46,016 autoreload 8468 21460 C:\Users\andre\PycharmProjects\DjangoHomework\myproject\myapp\urls.py changed, reloading.
INFO 2023-09-28 11:21:46,626 autoreload 14360 32280 Watching for file changes with StatReloader
WARNING 2023-09-28 11:21:49,308 log 14360 3084 Not Found: /
WARNING 2023-09-28 11:21:49,308 basehttp 14360 3084 "GET / HTTP/1.1" 404 2165
ERROR 2023-09-28 11:21:57,493 log 14360 3084 Internal Server Error: /hw/
Traceback (most recent call last):
  File "C:\Users\andre\PycharmProjects\DjangoHomework\venv\lib\site-packages\django\core\handlers\exception.py", line 55, in inner
    response = get_response(request)
  File "C:\Users\andre\PycharmProjects\DjangoHomework\venv\lib\site-packages\django\core\handlers\base.py", line 197, in _get_response
    response = wrapped_callback(request, *callback_args, **callback_kwargs)
  File "C:\Users\andre\PycharmProjects\DjangoHomework\myproject\myapp\views.py", line 9, in main
    return render(request, 'sem3/index.html', context)
  File "C:\Users\andre\PycharmProjects\DjangoHomework\venv\lib\site-packages\django\shortcuts.py", line 24, in render
    content = loader.render_to_string(template_name, context, request, using=using)
  File "C:\Users\andre\PycharmProjects\DjangoHomework\venv\lib\site-packages\django\template\loader.py", line 61, in render_to_string
    template = get_template(template_name, using=using)
  File "C:\Users\andre\PycharmProjects\DjangoHomework\venv\lib\site-packages\django\template\loader.py", line 19, in get_template
    raise TemplateDoesNotExist(template_name, chain=chain)
django.template.exceptions.TemplateDoesNotExist: sem3/index.html
ERROR 2023-09-28 11:21:57,509 basehttp 14360 3084 "GET /hw/ HTTP/1.1" 500 79166
INFO 2023-09-28 11:23:56,192 autoreload 14360 32280 C:\Users\andre\PycharmProjects\DjangoHomework\myproject\myapp\views.py changed, reloading.
INFO 2023-09-28 11:23:57,027 autoreload 32764 30784 Watching for file changes with StatReloader
INFO 2023-09-28 11:24:16,350 autoreload 32764 30784 C:\Users\andre\PycharmProjects\DjangoHomework\myproject\myproject\urls.py changed, reloading.
INFO 2023-09-28 11:24:17,093 autoreload 29640 12900 Watching for file changes with StatReloader
ERROR 2023-09-28 11:24:33,204 log 29640 28504 Internal Server Error: /
Traceback (most recent call last):
  File "C:\Users\andre\PycharmProjects\DjangoHomework\venv\lib\site-packages\django\template\backends\django.py", line 61, in render
    return self.template.render(context)
  File "C:\Users\andre\PycharmProjects\DjangoHomework\venv\lib\site-packages\django\template\base.py", line 175, in render
    return self._render(context)
  File "C:\Users\andre\PycharmProjects\DjangoHomework\venv\lib\site-packages\django\template\base.py", line 167, in _render
    return self.nodelist.render(context)
  File "C:\Users\andre\PycharmProjects\DjangoHomework\venv\lib\site-packages\django\template\base.py", line 1005, in render
    return SafeString("".join([node.render_annotated(context) for node in self]))
  File "C:\Users\andre\PycharmProjects\DjangoHomework\venv\lib\site-packages\django\template\base.py", line 1005, in <listcomp>
    return SafeString("".join([node.render_annotated(context) for node in self]))
  File "C:\Users\andre\PycharmProjects\DjangoHomework\venv\lib\site-packages\django\template\base.py", line 966, in render_annotated
    return self.render(context)
  File "C:\Users\andre\PycharmProjects\DjangoHomework\venv\lib\site-packages\django\template\loader_tags.py", line 132, in render
    compiled_parent = self.get_parent(context)
  File "C:\Users\andre\PycharmProjects\DjangoHomework\venv\lib\site-packages\django\template\loader_tags.py", line 129, in get_parent
    return self.find_template(parent, context)
  File "C:\Users\andre\PycharmProjects\DjangoHomework\venv\lib\site-packages\django\template\loader_tags.py", line 107, in find_template
    template, origin = context.template.engine.find_template(
  File "C:\Users\andre\PycharmProjects\DjangoHomework\venv\lib\site-packages\django\template\engine.py", line 161, in find_template
    raise TemplateDoesNotExist(name, tried=tried)
django.template.exceptions.TemplateDoesNotExist: sem3/base.html

The above exception was the direct cause of the following exception:

Traceback (most recent call last):
  File "C:\Users\andre\PycharmProjects\DjangoHomework\venv\lib\site-packages\django\core\handlers\exception.py", line 55, in inner
    response = get_response(request)
  File "C:\Users\andre\PycharmProjects\DjangoHomework\venv\lib\site-packages\django\core\handlers\base.py", line 197, in _get_response
    response = wrapped_callback(request, *callback_args, **callback_kwargs)
  File "C:\Users\andre\PycharmProjects\DjangoHomework\myproject\myapp\views.py", line 9, in index
    return render(request, 'myapp/index.html', context)
  File "C:\Users\andre\PycharmProjects\DjangoHomework\venv\lib\site-packages\django\shortcuts.py", line 24, in render
    content = loader.render_to_string(template_name, context, request, using=using)
  File "C:\Users\andre\PycharmProjects\DjangoHomework\venv\lib\site-packages\django\template\loader.py", line 62, in render_to_string
    return template.render(context, request)
  File "C:\Users\andre\PycharmProjects\DjangoHomework\venv\lib\site-packages\django\template\backends\django.py", line 63, in render
    reraise(exc, self.backend)
  File "C:\Users\andre\PycharmProjects\DjangoHomework\venv\lib\site-packages\django\template\backends\django.py", line 84, in reraise
    raise new from exc
django.template.exceptions.TemplateDoesNotExist: sem3/base.html
ERROR 2023-09-28 11:24:33,210 basehttp 29640 28504 "GET / HTTP/1.1" 500 129031
INFO 2023-09-28 11:26:00,130 autoreload 8044 7508 Watching for file changes with StatReloader
INFO 2023-09-28 11:26:01,514 basehttp 8044 26112 "GET / HTTP/1.1" 200 245
INFO 2023-09-28 11:26:11,859 basehttp 8044 26112 "GET /about HTTP/1.1" 301 0
INFO 2023-09-28 11:26:11,876 basehttp 8044 27584 "GET /about/ HTTP/1.1" 200 424
INFO 2023-09-28 11:41:23,171 autoreload 8044 7508 C:\Users\andre\PycharmProjects\DjangoHomework\myproject\myapp\views.py changed, reloading.
INFO 2023-09-28 11:41:23,844 autoreload 15076 7576 Watching for file changes with StatReloader
INFO 2023-09-28 11:43:46,325 autoreload 15076 7576 C:\Users\andre\PycharmProjects\DjangoHomework\myproject\myapp\views.py changed, reloading.
INFO 2023-09-28 11:43:47,168 autoreload 11968 29052 Watching for file changes with StatReloader
INFO 2023-09-28 11:45:11,843 autoreload 11968 29052 C:\Users\andre\PycharmProjects\DjangoHomework\myproject\myapp\views.py changed, reloading.
INFO 2023-09-28 11:45:12,623 autoreload 28036 23568 Watching for file changes with StatReloader
INFO 2023-09-28 11:46:20,741 autoreload 28036 23568 C:\Users\andre\PycharmProjects\DjangoHomework\myproject\myapp\views.py changed, reloading.
INFO 2023-09-28 11:46:21,672 autoreload 7328 5440 Watching for file changes with StatReloader
INFO 2023-09-28 11:46:53,068 autoreload 7328 5440 C:\Users\andre\PycharmProjects\DjangoHomework\myproject\myapp\views.py changed, reloading.
INFO 2023-09-28 11:46:54,056 autoreload 25160 12220 Watching for file changes with StatReloader
INFO 2023-09-28 11:47:05,704 autoreload 25160 12220 C:\Users\andre\PycharmProjects\DjangoHomework\myproject\myapp\views.py changed, reloading.
INFO 2023-09-28 11:47:06,501 autoreload 29160 13872 Watching for file changes with StatReloader
INFO 2023-09-28 11:47:48,290 autoreload 29160 13872 C:\Users\andre\PycharmProjects\DjangoHomework\myproject\myapp\views.py changed, reloading.
INFO 2023-09-28 11:47:49,193 autoreload 16120 12344 Watching for file changes with StatReloader
INFO 2023-09-28 11:52:52,760 autoreload 16120 12344 C:\Users\andre\PycharmProjects\DjangoHomework\myproject\myapp\views.py changed, reloading.
INFO 2023-09-28 11:52:53,810 autoreload 25736 27544 Watching for file changes with StatReloader
INFO 2023-09-28 11:55:49,840 autoreload 25736 27544 C:\Users\andre\PycharmProjects\DjangoHomework\myproject\myapp\views.py changed, reloading.
INFO 2023-09-28 11:55:51,009 autoreload 24104 24424 Watching for file changes with StatReloader
INFO 2023-09-28 12:24:35,095 autoreload 24104 24424 C:\Users\andre\PycharmProjects\DjangoHomework\myproject\myapp\views.py changed, reloading.
INFO 2023-09-28 12:24:36,192 autoreload 20836 21264 Watching for file changes with StatReloader
INFO 2023-09-28 13:24:57,642 autoreload 1584 21424 Watching for file changes with StatReloader
INFO 2023-09-28 13:25:01,681 basehttp 1584 15104 "GET / HTTP/1.1" 200 245
INFO 2023-09-28 13:25:13,009 basehttp 1584 28276 "GET /orders/4 HTTP/1.1" 301 0
ERROR 2023-09-28 13:25:13,569 log 1584 23600 Internal Server Error: /orders/4/
Traceback (most recent call last):
  File "C:\Users\andre\PycharmProjects\DjangoHomework\venv\lib\site-packages\django\core\handlers\exception.py", line 55, in inner
    response = get_response(request)
  File "C:\Users\andre\PycharmProjects\DjangoHomework\venv\lib\site-packages\django\core\handlers\base.py", line 197, in _get_response
    response = wrapped_callback(request, *callback_args, **callback_kwargs)
  File "C:\Users\andre\PycharmProjects\DjangoHomework\myproject\myapp\views.py", line 26, in orders
    return render(request, 'myapp3/author_posts.html', context)
  File "C:\Users\andre\PycharmProjects\DjangoHomework\venv\lib\site-packages\django\shortcuts.py", line 24, in render
    content = loader.render_to_string(template_name, context, request, using=using)
  File "C:\Users\andre\PycharmProjects\DjangoHomework\venv\lib\site-packages\django\template\loader.py", line 61, in render_to_string
    template = get_template(template_name, using=using)
  File "C:\Users\andre\PycharmProjects\DjangoHomework\venv\lib\site-packages\django\template\loader.py", line 19, in get_template
    raise TemplateDoesNotExist(template_name, chain=chain)
django.template.exceptions.TemplateDoesNotExist: myapp3/author_posts.html
ERROR 2023-09-28 13:25:13,575 basehttp 1584 23600 "GET /orders/4/ HTTP/1.1" 500 79238
WARNING 2023-09-28 13:25:40,072 log 1584 23600 Not Found: /orders/
WARNING 2023-09-28 13:25:40,072 basehttp 1584 23600 "GET /orders/ HTTP/1.1" 404 2618
INFO 2023-09-28 13:27:53,400 autoreload 1584 21424 C:\Users\andre\PycharmProjects\DjangoHomework\myproject\myapp\views.py changed, reloading.
INFO 2023-09-28 13:27:54,272 autoreload 31320 26352 Watching for file changes with StatReloader
INFO 2023-09-28 13:28:16,090 basehttp 31320 10284 "GET / HTTP/1.1" 200 245
ERROR 2023-09-28 13:28:33,668 log 31320 10284 Internal Server Error: /orders/4/
Traceback (most recent call last):
  File "C:\Users\andre\PycharmProjects\DjangoHomework\venv\lib\site-packages\django\core\handlers\exception.py", line 55, in inner
    response = get_response(request)
  File "C:\Users\andre\PycharmProjects\DjangoHomework\venv\lib\site-packages\django\core\handlers\base.py", line 197, in _get_response
    response = wrapped_callback(request, *callback_args, **callback_kwargs)
  File "C:\Users\andre\PycharmProjects\DjangoHomework\myproject\myapp\views.py", line 26, in orders
    return render(request, 'myapp3/author_posts.html', context)
  File "C:\Users\andre\PycharmProjects\DjangoHomework\venv\lib\site-packages\django\shortcuts.py", line 24, in render
    content = loader.render_to_string(template_name, context, request, using=using)
  File "C:\Users\andre\PycharmProjects\DjangoHomework\venv\lib\site-packages\django\template\loader.py", line 61, in render_to_string
    template = get_template(template_name, using=using)
  File "C:\Users\andre\PycharmProjects\DjangoHomework\venv\lib\site-packages\django\template\loader.py", line 19, in get_template
    raise TemplateDoesNotExist(template_name, chain=chain)
django.template.exceptions.TemplateDoesNotExist: myapp3/author_posts.html
ERROR 2023-09-28 13:28:33,683 basehttp 31320 10284 "GET /orders/4/ HTTP/1.1" 500 79238
INFO 2023-09-28 13:31:52,616 autoreload 11772 7512 Watching for file changes with StatReloader
INFO 2023-09-28 13:31:55,413 basehttp 11772 26532 "GET / HTTP/1.1" 200 245
ERROR 2023-09-28 13:32:05,824 log 11772 26532 Internal Server Error: /orders/3/
Traceback (most recent call last):
  File "C:\Users\andre\PycharmProjects\DjangoHomework\venv\lib\site-packages\django\core\handlers\exception.py", line 55, in inner
    response = get_response(request)
  File "C:\Users\andre\PycharmProjects\DjangoHomework\venv\lib\site-packages\django\core\handlers\base.py", line 197, in _get_response
    response = wrapped_callback(request, *callback_args, **callback_kwargs)
  File "C:\Users\andre\PycharmProjects\DjangoHomework\myproject\myapp\views.py", line 26, in orders
    return render(request, 'myapp3/author_posts.html', context)
  File "C:\Users\andre\PycharmProjects\DjangoHomework\venv\lib\site-packages\django\shortcuts.py", line 24, in render
    content = loader.render_to_string(template_name, context, request, using=using)
  File "C:\Users\andre\PycharmProjects\DjangoHomework\venv\lib\site-packages\django\template\loader.py", line 61, in render_to_string
    template = get_template(template_name, using=using)
  File "C:\Users\andre\PycharmProjects\DjangoHomework\venv\lib\site-packages\django\template\loader.py", line 19, in get_template
    raise TemplateDoesNotExist(template_name, chain=chain)
django.template.exceptions.TemplateDoesNotExist: myapp3/author_posts.html
ERROR 2023-09-28 13:32:05,840 basehttp 11772 26532 "GET /orders/3/ HTTP/1.1" 500 78715
INFO 2023-09-28 13:38:21,389 basehttp 11772 22128 "GET /about/ HTTP/1.1" 200 424
ERROR 2023-09-28 13:38:35,139 log 11772 22128 Internal Server Error: /orders/4/
Traceback (most recent call last):
  File "C:\Users\andre\PycharmProjects\DjangoHomework\venv\lib\site-packages\django\core\handlers\exception.py", line 55, in inner
    response = get_response(request)
  File "C:\Users\andre\PycharmProjects\DjangoHomework\venv\lib\site-packages\django\core\handlers\base.py", line 197, in _get_response
    response = wrapped_callback(request, *callback_args, **callback_kwargs)
  File "C:\Users\andre\PycharmProjects\DjangoHomework\myproject\myapp\views.py", line 26, in orders
    return render(request, 'myapp3/author_posts.html', context)
  File "C:\Users\andre\PycharmProjects\DjangoHomework\venv\lib\site-packages\django\shortcuts.py", line 24, in render
    content = loader.render_to_string(template_name, context, request, using=using)
  File "C:\Users\andre\PycharmProjects\DjangoHomework\venv\lib\site-packages\django\template\loader.py", line 61, in render_to_string
    template = get_template(template_name, using=using)
  File "C:\Users\andre\PycharmProjects\DjangoHomework\venv\lib\site-packages\django\template\loader.py", line 19, in get_template
    raise TemplateDoesNotExist(template_name, chain=chain)
django.template.exceptions.TemplateDoesNotExist: myapp3/author_posts.html
ERROR 2023-09-28 13:38:35,139 basehttp 11772 22128 "GET /orders/4/ HTTP/1.1" 500 79238
INFO 2023-09-28 13:40:16,609 autoreload 11772 7512 C:\Users\andre\PycharmProjects\DjangoHomework\myproject\myapp\views.py changed, reloading.
INFO 2023-09-28 13:40:17,237 autoreload 23248 29880 Watching for file changes with StatReloader
ERROR 2023-09-28 13:40:24,033 log 23248 30792 Internal Server Error: /orders/4/
Traceback (most recent call last):
  File "C:\Users\andre\PycharmProjects\DjangoHomework\venv\lib\site-packages\django\core\handlers\exception.py", line 55, in inner
    response = get_response(request)
  File "C:\Users\andre\PycharmProjects\DjangoHomework\venv\lib\site-packages\django\core\handlers\base.py", line 197, in _get_response
    response = wrapped_callback(request, *callback_args, **callback_kwargs)
  File "C:\Users\andre\PycharmProjects\DjangoHomework\myproject\myapp\views.py", line 26, in orders
    return render(request, 'myapp/orders.html', context)
  File "C:\Users\andre\PycharmProjects\DjangoHomework\venv\lib\site-packages\django\shortcuts.py", line 24, in render
    content = loader.render_to_string(template_name, context, request, using=using)
  File "C:\Users\andre\PycharmProjects\DjangoHomework\venv\lib\site-packages\django\template\loader.py", line 61, in render_to_string
    template = get_template(template_name, using=using)
  File "C:\Users\andre\PycharmProjects\DjangoHomework\venv\lib\site-packages\django\template\loader.py", line 15, in get_template
    return engine.get_template(template_name)
  File "C:\Users\andre\PycharmProjects\DjangoHomework\venv\lib\site-packages\django\template\backends\django.py", line 33, in get_template
    return Template(self.engine.get_template(template_name), self)
  File "C:\Users\andre\PycharmProjects\DjangoHomework\venv\lib\site-packages\django\template\engine.py", line 175, in get_template
    template, origin = self.find_template(template_name)
  File "C:\Users\andre\PycharmProjects\DjangoHomework\venv\lib\site-packages\django\template\engine.py", line 157, in find_template
    template = loader.get_template(name, skip=skip)
  File "C:\Users\andre\PycharmProjects\DjangoHomework\venv\lib\site-packages\django\template\loaders\cached.py", line 57, in get_template
    template = super().get_template(template_name, skip)
  File "C:\Users\andre\PycharmProjects\DjangoHomework\venv\lib\site-packages\django\template\loaders\base.py", line 28, in get_template
    return Template(
  File "C:\Users\andre\PycharmProjects\DjangoHomework\venv\lib\site-packages\django\template\base.py", line 154, in __init__
    self.nodelist = self.compile_nodelist()
  File "C:\Users\andre\PycharmProjects\DjangoHomework\venv\lib\site-packages\django\template\base.py", line 200, in compile_nodelist
    return parser.parse()
  File "C:\Users\andre\PycharmProjects\DjangoHomework\venv\lib\site-packages\django\template\base.py", line 513, in parse
    raise self.error(token, e)
  File "C:\Users\andre\PycharmProjects\DjangoHomework\venv\lib\site-packages\django\template\base.py", line 511, in parse
    compiled_result = compile_func(self, token)
  File "C:\Users\andre\PycharmProjects\DjangoHomework\venv\lib\site-packages\django\template\loader_tags.py", line 293, in do_extends
    nodelist = parser.parse()
  File "C:\Users\andre\PycharmProjects\DjangoHomework\venv\lib\site-packages\django\template\base.py", line 513, in parse
    raise self.error(token, e)
  File "C:\Users\andre\PycharmProjects\DjangoHomework\venv\lib\site-packages\django\template\base.py", line 511, in parse
    compiled_result = compile_func(self, token)
  File "C:\Users\andre\PycharmProjects\DjangoHomework\venv\lib\site-packages\django\template\loader_tags.py", line 232, in do_block
    nodelist = parser.parse(("endblock",))
  File "C:\Users\andre\PycharmProjects\DjangoHomework\venv\lib\site-packages\django\template\base.py", line 513, in parse
    raise self.error(token, e)
  File "C:\Users\andre\PycharmProjects\DjangoHomework\venv\lib\site-packages\django\template\base.py", line 511, in parse
    compiled_result = compile_func(self, token)
  File "C:\Users\andre\PycharmProjects\DjangoHomework\venv\lib\site-packages\django\template\defaulttags.py", line 853, in do_for
    nodelist_loop = parser.parse(
  File "C:\Users\andre\PycharmProjects\DjangoHomework\venv\lib\site-packages\django\template\base.py", line 513, in parse
    raise self.error(token, e)
  File "C:\Users\andre\PycharmProjects\DjangoHomework\venv\lib\site-packages\django\template\base.py", line 511, in parse
    compiled_result = compile_func(self, token)
  File "C:\Users\andre\PycharmProjects\DjangoHomework\venv\lib\site-packages\django\template\defaulttags.py", line 852, in do_for
    sequence = parser.compile_filter(bits[in_index + 1])
  File "C:\Users\andre\PycharmProjects\DjangoHomework\venv\lib\site-packages\django\template\base.py", line 600, in compile_filter
    return FilterExpression(token, self)
  File "C:\Users\andre\PycharmProjects\DjangoHomework\venv\lib\site-packages\django\template\base.py", line 703, in __init__
    raise TemplateSyntaxError(
django.template.exceptions.TemplateSyntaxError: Could not parse the remainder: '()' from 'order.products.all()'
ERROR 2023-09-28 13:40:24,049 basehttp 23248 30792 "GET /orders/4/ HTTP/1.1" 500 193224
INFO 2023-09-28 13:43:00,264 autoreload 28348 4704 Watching for file changes with StatReloader
ERROR 2023-09-28 13:43:04,500 log 28348 28628 Internal Server Error: /orders/4/
Traceback (most recent call last):
  File "C:\Users\andre\PycharmProjects\DjangoHomework\venv\lib\site-packages\django\core\handlers\exception.py", line 55, in inner
    response = get_response(request)
  File "C:\Users\andre\PycharmProjects\DjangoHomework\venv\lib\site-packages\django\core\handlers\base.py", line 197, in _get_response
    response = wrapped_callback(request, *callback_args, **callback_kwargs)
  File "C:\Users\andre\PycharmProjects\DjangoHomework\myproject\myapp\views.py", line 26, in orders
    return render(request, 'myapp/orders.html', context)
  File "C:\Users\andre\PycharmProjects\DjangoHomework\venv\lib\site-packages\django\shortcuts.py", line 24, in render
    content = loader.render_to_string(template_name, context, request, using=using)
  File "C:\Users\andre\PycharmProjects\DjangoHomework\venv\lib\site-packages\django\template\loader.py", line 61, in render_to_string
    template = get_template(template_name, using=using)
  File "C:\Users\andre\PycharmProjects\DjangoHomework\venv\lib\site-packages\django\template\loader.py", line 15, in get_template
    return engine.get_template(template_name)
  File "C:\Users\andre\PycharmProjects\DjangoHomework\venv\lib\site-packages\django\template\backends\django.py", line 33, in get_template
    return Template(self.engine.get_template(template_name), self)
  File "C:\Users\andre\PycharmProjects\DjangoHomework\venv\lib\site-packages\django\template\engine.py", line 175, in get_template
    template, origin = self.find_template(template_name)
  File "C:\Users\andre\PycharmProjects\DjangoHomework\venv\lib\site-packages\django\template\engine.py", line 157, in find_template
    template = loader.get_template(name, skip=skip)
  File "C:\Users\andre\PycharmProjects\DjangoHomework\venv\lib\site-packages\django\template\loaders\cached.py", line 57, in get_template
    template = super().get_template(template_name, skip)
  File "C:\Users\andre\PycharmProjects\DjangoHomework\venv\lib\site-packages\django\template\loaders\base.py", line 28, in get_template
    return Template(
  File "C:\Users\andre\PycharmProjects\DjangoHomework\venv\lib\site-packages\django\template\base.py", line 154, in __init__
    self.nodelist = self.compile_nodelist()
  File "C:\Users\andre\PycharmProjects\DjangoHomework\venv\lib\site-packages\django\template\base.py", line 200, in compile_nodelist
    return parser.parse()
  File "C:\Users\andre\PycharmProjects\DjangoHomework\venv\lib\site-packages\django\template\base.py", line 513, in parse
    raise self.error(token, e)
  File "C:\Users\andre\PycharmProjects\DjangoHomework\venv\lib\site-packages\django\template\base.py", line 511, in parse
    compiled_result = compile_func(self, token)
  File "C:\Users\andre\PycharmProjects\DjangoHomework\venv\lib\site-packages\django\template\loader_tags.py", line 293, in do_extends
    nodelist = parser.parse()
  File "C:\Users\andre\PycharmProjects\DjangoHomework\venv\lib\site-packages\django\template\base.py", line 513, in parse
    raise self.error(token, e)
  File "C:\Users\andre\PycharmProjects\DjangoHomework\venv\lib\site-packages\django\template\base.py", line 511, in parse
    compiled_result = compile_func(self, token)
  File "C:\Users\andre\PycharmProjects\DjangoHomework\venv\lib\site-packages\django\template\loader_tags.py", line 232, in do_block
    nodelist = parser.parse(("endblock",))
  File "C:\Users\andre\PycharmProjects\DjangoHomework\venv\lib\site-packages\django\template\base.py", line 513, in parse
    raise self.error(token, e)
  File "C:\Users\andre\PycharmProjects\DjangoHomework\venv\lib\site-packages\django\template\base.py", line 511, in parse
    compiled_result = compile_func(self, token)
  File "C:\Users\andre\PycharmProjects\DjangoHomework\venv\lib\site-packages\django\template\defaulttags.py", line 853, in do_for
    nodelist_loop = parser.parse(
  File "C:\Users\andre\PycharmProjects\DjangoHomework\venv\lib\site-packages\django\template\base.py", line 513, in parse
    raise self.error(token, e)
  File "C:\Users\andre\PycharmProjects\DjangoHomework\venv\lib\site-packages\django\template\base.py", line 511, in parse
    compiled_result = compile_func(self, token)
  File "C:\Users\andre\PycharmProjects\DjangoHomework\venv\lib\site-packages\django\template\defaulttags.py", line 852, in do_for
    sequence = parser.compile_filter(bits[in_index + 1])
  File "C:\Users\andre\PycharmProjects\DjangoHomework\venv\lib\site-packages\django\template\base.py", line 600, in compile_filter
    return FilterExpression(token, self)
  File "C:\Users\andre\PycharmProjects\DjangoHomework\venv\lib\site-packages\django\template\base.py", line 703, in __init__
    raise TemplateSyntaxError(
django.template.exceptions.TemplateSyntaxError: Could not parse the remainder: '()' from 'order.products.all()'
ERROR 2023-09-28 13:43:04,506 basehttp 28348 28628 "GET /orders/4/ HTTP/1.1" 500 193417
INFO 2023-09-28 13:44:37,535 autoreload 7052 27384 Watching for file changes with StatReloader
ERROR 2023-09-28 13:44:40,525 log 7052 10156 Internal Server Error: /orders/4/
Traceback (most recent call last):
  File "C:\Users\andre\PycharmProjects\DjangoHomework\venv\lib\site-packages\django\core\handlers\exception.py", line 55, in inner
    response = get_response(request)
  File "C:\Users\andre\PycharmProjects\DjangoHomework\venv\lib\site-packages\django\core\handlers\base.py", line 197, in _get_response
    response = wrapped_callback(request, *callback_args, **callback_kwargs)
  File "C:\Users\andre\PycharmProjects\DjangoHomework\myproject\myapp\views.py", line 26, in orders
    return render(request, 'myapp/orders.html', context)
  File "C:\Users\andre\PycharmProjects\DjangoHomework\venv\lib\site-packages\django\shortcuts.py", line 24, in render
    content = loader.render_to_string(template_name, context, request, using=using)
  File "C:\Users\andre\PycharmProjects\DjangoHomework\venv\lib\site-packages\django\template\loader.py", line 61, in render_to_string
    template = get_template(template_name, using=using)
  File "C:\Users\andre\PycharmProjects\DjangoHomework\venv\lib\site-packages\django\template\loader.py", line 15, in get_template
    return engine.get_template(template_name)
  File "C:\Users\andre\PycharmProjects\DjangoHomework\venv\lib\site-packages\django\template\backends\django.py", line 33, in get_template
    return Template(self.engine.get_template(template_name), self)
  File "C:\Users\andre\PycharmProjects\DjangoHomework\venv\lib\site-packages\django\template\engine.py", line 175, in get_template
    template, origin = self.find_template(template_name)
  File "C:\Users\andre\PycharmProjects\DjangoHomework\venv\lib\site-packages\django\template\engine.py", line 157, in find_template
    template = loader.get_template(name, skip=skip)
  File "C:\Users\andre\PycharmProjects\DjangoHomework\venv\lib\site-packages\django\template\loaders\cached.py", line 57, in get_template
    template = super().get_template(template_name, skip)
  File "C:\Users\andre\PycharmProjects\DjangoHomework\venv\lib\site-packages\django\template\loaders\base.py", line 28, in get_template
    return Template(
  File "C:\Users\andre\PycharmProjects\DjangoHomework\venv\lib\site-packages\django\template\base.py", line 154, in __init__
    self.nodelist = self.compile_nodelist()
  File "C:\Users\andre\PycharmProjects\DjangoHomework\venv\lib\site-packages\django\template\base.py", line 200, in compile_nodelist
    return parser.parse()
  File "C:\Users\andre\PycharmProjects\DjangoHomework\venv\lib\site-packages\django\template\base.py", line 513, in parse
    raise self.error(token, e)
  File "C:\Users\andre\PycharmProjects\DjangoHomework\venv\lib\site-packages\django\template\base.py", line 511, in parse
    compiled_result = compile_func(self, token)
  File "C:\Users\andre\PycharmProjects\DjangoHomework\venv\lib\site-packages\django\template\loader_tags.py", line 293, in do_extends
    nodelist = parser.parse()
  File "C:\Users\andre\PycharmProjects\DjangoHomework\venv\lib\site-packages\django\template\base.py", line 513, in parse
    raise self.error(token, e)
  File "C:\Users\andre\PycharmProjects\DjangoHomework\venv\lib\site-packages\django\template\base.py", line 511, in parse
    compiled_result = compile_func(self, token)
  File "C:\Users\andre\PycharmProjects\DjangoHomework\venv\lib\site-packages\django\template\loader_tags.py", line 232, in do_block
    nodelist = parser.parse(("endblock",))
  File "C:\Users\andre\PycharmProjects\DjangoHomework\venv\lib\site-packages\django\template\base.py", line 513, in parse
    raise self.error(token, e)
  File "C:\Users\andre\PycharmProjects\DjangoHomework\venv\lib\site-packages\django\template\base.py", line 511, in parse
    compiled_result = compile_func(self, token)
  File "C:\Users\andre\PycharmProjects\DjangoHomework\venv\lib\site-packages\django\template\defaulttags.py", line 853, in do_for
    nodelist_loop = parser.parse(
  File "C:\Users\andre\PycharmProjects\DjangoHomework\venv\lib\site-packages\django\template\base.py", line 513, in parse
    raise self.error(token, e)
  File "C:\Users\andre\PycharmProjects\DjangoHomework\venv\lib\site-packages\django\template\base.py", line 511, in parse
    compiled_result = compile_func(self, token)
  File "C:\Users\andre\PycharmProjects\DjangoHomework\venv\lib\site-packages\django\template\defaulttags.py", line 852, in do_for
    sequence = parser.compile_filter(bits[in_index + 1])
  File "C:\Users\andre\PycharmProjects\DjangoHomework\venv\lib\site-packages\django\template\base.py", line 600, in compile_filter
    return FilterExpression(token, self)
  File "C:\Users\andre\PycharmProjects\DjangoHomework\venv\lib\site-packages\django\template\base.py", line 703, in __init__
    raise TemplateSyntaxError(
django.template.exceptions.TemplateSyntaxError: Could not parse the remainder: '()' from 'order.products.all()'
ERROR 2023-09-28 13:44:40,537 basehttp 7052 10156 "GET /orders/4/ HTTP/1.1" 500 193595
INFO 2023-09-28 13:45:55,398 autoreload 25144 26380 Watching for file changes with StatReloader
INFO 2023-09-28 13:45:58,485 basehttp 25144 28744 "GET /orders/4/ HTTP/1.1" 200 904
ERROR 2023-09-28 13:48:38,937 log 25144 28744 Internal Server Error: /orders/4/
Traceback (most recent call last):
  File "C:\Users\andre\PycharmProjects\DjangoHomework\venv\lib\site-packages\django\core\handlers\exception.py", line 55, in inner
    response = get_response(request)
  File "C:\Users\andre\PycharmProjects\DjangoHomework\venv\lib\site-packages\django\core\handlers\base.py", line 197, in _get_response
    response = wrapped_callback(request, *callback_args, **callback_kwargs)
  File "C:\Users\andre\PycharmProjects\DjangoHomework\myproject\myapp\views.py", line 26, in orders
    return render(request, 'myapp/orders.html', context)
  File "C:\Users\andre\PycharmProjects\DjangoHomework\venv\lib\site-packages\django\shortcuts.py", line 24, in render
    content = loader.render_to_string(template_name, context, request, using=using)
  File "C:\Users\andre\PycharmProjects\DjangoHomework\venv\lib\site-packages\django\template\loader.py", line 61, in render_to_string
    template = get_template(template_name, using=using)
  File "C:\Users\andre\PycharmProjects\DjangoHomework\venv\lib\site-packages\django\template\loader.py", line 15, in get_template
    return engine.get_template(template_name)
  File "C:\Users\andre\PycharmProjects\DjangoHomework\venv\lib\site-packages\django\template\backends\django.py", line 33, in get_template
    return Template(self.engine.get_template(template_name), self)
  File "C:\Users\andre\PycharmProjects\DjangoHomework\venv\lib\site-packages\django\template\engine.py", line 175, in get_template
    template, origin = self.find_template(template_name)
  File "C:\Users\andre\PycharmProjects\DjangoHomework\venv\lib\site-packages\django\template\engine.py", line 157, in find_template
    template = loader.get_template(name, skip=skip)
  File "C:\Users\andre\PycharmProjects\DjangoHomework\venv\lib\site-packages\django\template\loaders\cached.py", line 57, in get_template
    template = super().get_template(template_name, skip)
  File "C:\Users\andre\PycharmProjects\DjangoHomework\venv\lib\site-packages\django\template\loaders\base.py", line 28, in get_template
    return Template(
  File "C:\Users\andre\PycharmProjects\DjangoHomework\venv\lib\site-packages\django\template\base.py", line 154, in __init__
    self.nodelist = self.compile_nodelist()
  File "C:\Users\andre\PycharmProjects\DjangoHomework\venv\lib\site-packages\django\template\base.py", line 200, in compile_nodelist
    return parser.parse()
  File "C:\Users\andre\PycharmProjects\DjangoHomework\venv\lib\site-packages\django\template\base.py", line 513, in parse
    raise self.error(token, e)
  File "C:\Users\andre\PycharmProjects\DjangoHomework\venv\lib\site-packages\django\template\base.py", line 511, in parse
    compiled_result = compile_func(self, token)
  File "C:\Users\andre\PycharmProjects\DjangoHomework\venv\lib\site-packages\django\template\loader_tags.py", line 293, in do_extends
    nodelist = parser.parse()
  File "C:\Users\andre\PycharmProjects\DjangoHomework\venv\lib\site-packages\django\template\base.py", line 513, in parse
    raise self.error(token, e)
  File "C:\Users\andre\PycharmProjects\DjangoHomework\venv\lib\site-packages\django\template\base.py", line 511, in parse
    compiled_result = compile_func(self, token)
  File "C:\Users\andre\PycharmProjects\DjangoHomework\venv\lib\site-packages\django\template\loader_tags.py", line 232, in do_block
    nodelist = parser.parse(("endblock",))
  File "C:\Users\andre\PycharmProjects\DjangoHomework\venv\lib\site-packages\django\template\base.py", line 513, in parse
    raise self.error(token, e)
  File "C:\Users\andre\PycharmProjects\DjangoHomework\venv\lib\site-packages\django\template\base.py", line 511, in parse
    compiled_result = compile_func(self, token)
  File "C:\Users\andre\PycharmProjects\DjangoHomework\venv\lib\site-packages\django\template\defaulttags.py", line 853, in do_for
    nodelist_loop = parser.parse(
  File "C:\Users\andre\PycharmProjects\DjangoHomework\venv\lib\site-packages\django\template\base.py", line 513, in parse
    raise self.error(token, e)
  File "C:\Users\andre\PycharmProjects\DjangoHomework\venv\lib\site-packages\django\template\base.py", line 511, in parse
    compiled_result = compile_func(self, token)
  File "C:\Users\andre\PycharmProjects\DjangoHomework\venv\lib\site-packages\django\template\defaulttags.py", line 852, in do_for
    sequence = parser.compile_filter(bits[in_index + 1])
  File "C:\Users\andre\PycharmProjects\DjangoHomework\venv\lib\site-packages\django\template\base.py", line 600, in compile_filter
    return FilterExpression(token, self)
  File "C:\Users\andre\PycharmProjects\DjangoHomework\venv\lib\site-packages\django\template\base.py", line 703, in __init__
    raise TemplateSyntaxError(
django.template.exceptions.TemplateSyntaxError: Could not parse the remainder: '(3)' from 'range(3)'
ERROR 2023-09-28 13:48:38,942 basehttp 25144 28744 "GET /orders/4/ HTTP/1.1" 500 190285
INFO 2023-09-28 13:49:24,938 autoreload 22948 28644 Watching for file changes with StatReloader
ERROR 2023-09-28 13:49:27,004 log 22948 32440 Internal Server Error: /orders/4/
Traceback (most recent call last):
  File "C:\Users\andre\PycharmProjects\DjangoHomework\venv\lib\site-packages\django\core\handlers\exception.py", line 55, in inner
    response = get_response(request)
  File "C:\Users\andre\PycharmProjects\DjangoHomework\venv\lib\site-packages\django\core\handlers\base.py", line 197, in _get_response
    response = wrapped_callback(request, *callback_args, **callback_kwargs)
  File "C:\Users\andre\PycharmProjects\DjangoHomework\myproject\myapp\views.py", line 26, in orders
    return render(request, 'myapp/orders.html', context)
  File "C:\Users\andre\PycharmProjects\DjangoHomework\venv\lib\site-packages\django\shortcuts.py", line 24, in render
    content = loader.render_to_string(template_name, context, request, using=using)
  File "C:\Users\andre\PycharmProjects\DjangoHomework\venv\lib\site-packages\django\template\loader.py", line 61, in render_to_string
    template = get_template(template_name, using=using)
  File "C:\Users\andre\PycharmProjects\DjangoHomework\venv\lib\site-packages\django\template\loader.py", line 15, in get_template
    return engine.get_template(template_name)
  File "C:\Users\andre\PycharmProjects\DjangoHomework\venv\lib\site-packages\django\template\backends\django.py", line 33, in get_template
    return Template(self.engine.get_template(template_name), self)
  File "C:\Users\andre\PycharmProjects\DjangoHomework\venv\lib\site-packages\django\template\engine.py", line 175, in get_template
    template, origin = self.find_template(template_name)
  File "C:\Users\andre\PycharmProjects\DjangoHomework\venv\lib\site-packages\django\template\engine.py", line 157, in find_template
    template = loader.get_template(name, skip=skip)
  File "C:\Users\andre\PycharmProjects\DjangoHomework\venv\lib\site-packages\django\template\loaders\cached.py", line 57, in get_template
    template = super().get_template(template_name, skip)
  File "C:\Users\andre\PycharmProjects\DjangoHomework\venv\lib\site-packages\django\template\loaders\base.py", line 28, in get_template
    return Template(
  File "C:\Users\andre\PycharmProjects\DjangoHomework\venv\lib\site-packages\django\template\base.py", line 154, in __init__
    self.nodelist = self.compile_nodelist()
  File "C:\Users\andre\PycharmProjects\DjangoHomework\venv\lib\site-packages\django\template\base.py", line 200, in compile_nodelist
    return parser.parse()
  File "C:\Users\andre\PycharmProjects\DjangoHomework\venv\lib\site-packages\django\template\base.py", line 513, in parse
    raise self.error(token, e)
  File "C:\Users\andre\PycharmProjects\DjangoHomework\venv\lib\site-packages\django\template\base.py", line 511, in parse
    compiled_result = compile_func(self, token)
  File "C:\Users\andre\PycharmProjects\DjangoHomework\venv\lib\site-packages\django\template\loader_tags.py", line 293, in do_extends
    nodelist = parser.parse()
  File "C:\Users\andre\PycharmProjects\DjangoHomework\venv\lib\site-packages\django\template\base.py", line 513, in parse
    raise self.error(token, e)
  File "C:\Users\andre\PycharmProjects\DjangoHomework\venv\lib\site-packages\django\template\base.py", line 511, in parse
    compiled_result = compile_func(self, token)
  File "C:\Users\andre\PycharmProjects\DjangoHomework\venv\lib\site-packages\django\template\loader_tags.py", line 232, in do_block
    nodelist = parser.parse(("endblock",))
  File "C:\Users\andre\PycharmProjects\DjangoHomework\venv\lib\site-packages\django\template\base.py", line 513, in parse
    raise self.error(token, e)
  File "C:\Users\andre\PycharmProjects\DjangoHomework\venv\lib\site-packages\django\template\base.py", line 511, in parse
    compiled_result = compile_func(self, token)
  File "C:\Users\andre\PycharmProjects\DjangoHomework\venv\lib\site-packages\django\template\defaulttags.py", line 853, in do_for
    nodelist_loop = parser.parse(
  File "C:\Users\andre\PycharmProjects\DjangoHomework\venv\lib\site-packages\django\template\base.py", line 513, in parse
    raise self.error(token, e)
  File "C:\Users\andre\PycharmProjects\DjangoHomework\venv\lib\site-packages\django\template\base.py", line 511, in parse
    compiled_result = compile_func(self, token)
  File "C:\Users\andre\PycharmProjects\DjangoHomework\venv\lib\site-packages\django\template\defaulttags.py", line 852, in do_for
    sequence = parser.compile_filter(bits[in_index + 1])
  File "C:\Users\andre\PycharmProjects\DjangoHomework\venv\lib\site-packages\django\template\base.py", line 600, in compile_filter
    return FilterExpression(token, self)
  File "C:\Users\andre\PycharmProjects\DjangoHomework\venv\lib\site-packages\django\template\base.py", line 703, in __init__
    raise TemplateSyntaxError(
django.template.exceptions.TemplateSyntaxError: Could not parse the remainder: '(3)' from 'range(3)'
ERROR 2023-09-28 13:49:27,010 basehttp 22948 32440 "GET /orders/4/ HTTP/1.1" 500 191078
INFO 2023-09-28 13:50:10,690 autoreload 19160 22208 Watching for file changes with StatReloader
ERROR 2023-09-28 13:50:12,180 log 19160 14392 Internal Server Error: /orders/4/
Traceback (most recent call last):
  File "C:\Users\andre\PycharmProjects\DjangoHomework\venv\lib\site-packages\django\core\handlers\exception.py", line 55, in inner
    response = get_response(request)
  File "C:\Users\andre\PycharmProjects\DjangoHomework\venv\lib\site-packages\django\core\handlers\base.py", line 197, in _get_response
    response = wrapped_callback(request, *callback_args, **callback_kwargs)
  File "C:\Users\andre\PycharmProjects\DjangoHomework\myproject\myapp\views.py", line 26, in orders
    return render(request, 'myapp/orders.html', context)
  File "C:\Users\andre\PycharmProjects\DjangoHomework\venv\lib\site-packages\django\shortcuts.py", line 24, in render
    content = loader.render_to_string(template_name, context, request, using=using)
  File "C:\Users\andre\PycharmProjects\DjangoHomework\venv\lib\site-packages\django\template\loader.py", line 61, in render_to_string
    template = get_template(template_name, using=using)
  File "C:\Users\andre\PycharmProjects\DjangoHomework\venv\lib\site-packages\django\template\loader.py", line 15, in get_template
    return engine.get_template(template_name)
  File "C:\Users\andre\PycharmProjects\DjangoHomework\venv\lib\site-packages\django\template\backends\django.py", line 33, in get_template
    return Template(self.engine.get_template(template_name), self)
  File "C:\Users\andre\PycharmProjects\DjangoHomework\venv\lib\site-packages\django\template\engine.py", line 175, in get_template
    template, origin = self.find_template(template_name)
  File "C:\Users\andre\PycharmProjects\DjangoHomework\venv\lib\site-packages\django\template\engine.py", line 157, in find_template
    template = loader.get_template(name, skip=skip)
  File "C:\Users\andre\PycharmProjects\DjangoHomework\venv\lib\site-packages\django\template\loaders\cached.py", line 57, in get_template
    template = super().get_template(template_name, skip)
  File "C:\Users\andre\PycharmProjects\DjangoHomework\venv\lib\site-packages\django\template\loaders\base.py", line 28, in get_template
    return Template(
  File "C:\Users\andre\PycharmProjects\DjangoHomework\venv\lib\site-packages\django\template\base.py", line 154, in __init__
    self.nodelist = self.compile_nodelist()
  File "C:\Users\andre\PycharmProjects\DjangoHomework\venv\lib\site-packages\django\template\base.py", line 200, in compile_nodelist
    return parser.parse()
  File "C:\Users\andre\PycharmProjects\DjangoHomework\venv\lib\site-packages\django\template\base.py", line 513, in parse
    raise self.error(token, e)
  File "C:\Users\andre\PycharmProjects\DjangoHomework\venv\lib\site-packages\django\template\base.py", line 511, in parse
    compiled_result = compile_func(self, token)
  File "C:\Users\andre\PycharmProjects\DjangoHomework\venv\lib\site-packages\django\template\loader_tags.py", line 293, in do_extends
    nodelist = parser.parse()
  File "C:\Users\andre\PycharmProjects\DjangoHomework\venv\lib\site-packages\django\template\base.py", line 513, in parse
    raise self.error(token, e)
  File "C:\Users\andre\PycharmProjects\DjangoHomework\venv\lib\site-packages\django\template\base.py", line 511, in parse
    compiled_result = compile_func(self, token)
  File "C:\Users\andre\PycharmProjects\DjangoHomework\venv\lib\site-packages\django\template\loader_tags.py", line 232, in do_block
    nodelist = parser.parse(("endblock",))
  File "C:\Users\andre\PycharmProjects\DjangoHomework\venv\lib\site-packages\django\template\base.py", line 513, in parse
    raise self.error(token, e)
  File "C:\Users\andre\PycharmProjects\DjangoHomework\venv\lib\site-packages\django\template\base.py", line 511, in parse
    compiled_result = compile_func(self, token)
  File "C:\Users\andre\PycharmProjects\DjangoHomework\venv\lib\site-packages\django\template\defaulttags.py", line 853, in do_for
    nodelist_loop = parser.parse(
  File "C:\Users\andre\PycharmProjects\DjangoHomework\venv\lib\site-packages\django\template\base.py", line 513, in parse
    raise self.error(token, e)
  File "C:\Users\andre\PycharmProjects\DjangoHomework\venv\lib\site-packages\django\template\base.py", line 511, in parse
    compiled_result = compile_func(self, token)
  File "C:\Users\andre\PycharmProjects\DjangoHomework\venv\lib\site-packages\django\template\defaulttags.py", line 852, in do_for
    sequence = parser.compile_filter(bits[in_index + 1])
  File "C:\Users\andre\PycharmProjects\DjangoHomework\venv\lib\site-packages\django\template\base.py", line 600, in compile_filter
    return FilterExpression(token, self)
  File "C:\Users\andre\PycharmProjects\DjangoHomework\venv\lib\site-packages\django\template\base.py", line 703, in __init__
    raise TemplateSyntaxError(
django.template.exceptions.TemplateSyntaxError: Could not parse the remainder: '(3)' from 'range(3)'
ERROR 2023-09-28 13:50:12,180 basehttp 19160 14392 "GET /orders/4/ HTTP/1.1" 500 192079
INFO 2023-09-28 13:56:55,432 autoreload 11240 21264 Watching for file changes with StatReloader
ERROR 2023-09-28 13:56:59,958 log 11240 21632 Internal Server Error: /orders/4/
Traceback (most recent call last):
  File "C:\Users\andre\PycharmProjects\DjangoHomework\venv\lib\site-packages\django\core\handlers\exception.py", line 55, in inner
    response = get_response(request)
  File "C:\Users\andre\PycharmProjects\DjangoHomework\venv\lib\site-packages\django\core\handlers\base.py", line 197, in _get_response
    response = wrapped_callback(request, *callback_args, **callback_kwargs)
  File "C:\Users\andre\PycharmProjects\DjangoHomework\myproject\myapp\views.py", line 26, in orders
    return render(request, 'myapp/orders.html', context)
  File "C:\Users\andre\PycharmProjects\DjangoHomework\venv\lib\site-packages\django\shortcuts.py", line 24, in render
    content = loader.render_to_string(template_name, context, request, using=using)
  File "C:\Users\andre\PycharmProjects\DjangoHomework\venv\lib\site-packages\django\template\loader.py", line 61, in render_to_string
    template = get_template(template_name, using=using)
  File "C:\Users\andre\PycharmProjects\DjangoHomework\venv\lib\site-packages\django\template\loader.py", line 15, in get_template
    return engine.get_template(template_name)
  File "C:\Users\andre\PycharmProjects\DjangoHomework\venv\lib\site-packages\django\template\backends\django.py", line 33, in get_template
    return Template(self.engine.get_template(template_name), self)
  File "C:\Users\andre\PycharmProjects\DjangoHomework\venv\lib\site-packages\django\template\engine.py", line 175, in get_template
    template, origin = self.find_template(template_name)
  File "C:\Users\andre\PycharmProjects\DjangoHomework\venv\lib\site-packages\django\template\engine.py", line 157, in find_template
    template = loader.get_template(name, skip=skip)
  File "C:\Users\andre\PycharmProjects\DjangoHomework\venv\lib\site-packages\django\template\loaders\cached.py", line 57, in get_template
    template = super().get_template(template_name, skip)
  File "C:\Users\andre\PycharmProjects\DjangoHomework\venv\lib\site-packages\django\template\loaders\base.py", line 28, in get_template
    return Template(
  File "C:\Users\andre\PycharmProjects\DjangoHomework\venv\lib\site-packages\django\template\base.py", line 154, in __init__
    self.nodelist = self.compile_nodelist()
  File "C:\Users\andre\PycharmProjects\DjangoHomework\venv\lib\site-packages\django\template\base.py", line 200, in compile_nodelist
    return parser.parse()
  File "C:\Users\andre\PycharmProjects\DjangoHomework\venv\lib\site-packages\django\template\base.py", line 513, in parse
    raise self.error(token, e)
  File "C:\Users\andre\PycharmProjects\DjangoHomework\venv\lib\site-packages\django\template\base.py", line 511, in parse
    compiled_result = compile_func(self, token)
  File "C:\Users\andre\PycharmProjects\DjangoHomework\venv\lib\site-packages\django\template\loader_tags.py", line 293, in do_extends
    nodelist = parser.parse()
  File "C:\Users\andre\PycharmProjects\DjangoHomework\venv\lib\site-packages\django\template\base.py", line 513, in parse
    raise self.error(token, e)
  File "C:\Users\andre\PycharmProjects\DjangoHomework\venv\lib\site-packages\django\template\base.py", line 511, in parse
    compiled_result = compile_func(self, token)
  File "C:\Users\andre\PycharmProjects\DjangoHomework\venv\lib\site-packages\django\template\loader_tags.py", line 232, in do_block
    nodelist = parser.parse(("endblock",))
  File "C:\Users\andre\PycharmProjects\DjangoHomework\venv\lib\site-packages\django\template\base.py", line 513, in parse
    raise self.error(token, e)
  File "C:\Users\andre\PycharmProjects\DjangoHomework\venv\lib\site-packages\django\template\base.py", line 511, in parse
    compiled_result = compile_func(self, token)
  File "C:\Users\andre\PycharmProjects\DjangoHomework\venv\lib\site-packages\django\template\defaulttags.py", line 853, in do_for
    nodelist_loop = parser.parse(
  File "C:\Users\andre\PycharmProjects\DjangoHomework\venv\lib\site-packages\django\template\base.py", line 484, in parse
    raise self.error(token, e)
  File "C:\Users\andre\PycharmProjects\DjangoHomework\venv\lib\site-packages\django\template\base.py", line 482, in parse
    filter_expression = self.compile_filter(token.contents)
  File "C:\Users\andre\PycharmProjects\DjangoHomework\venv\lib\site-packages\django\template\base.py", line 600, in compile_filter
    return FilterExpression(token, self)
  File "C:\Users\andre\PycharmProjects\DjangoHomework\venv\lib\site-packages\django\template\base.py", line 703, in __init__
    raise TemplateSyntaxError(
django.template.exceptions.TemplateSyntaxError: Could not parse the remainder: '()' from 'order.products.all()'
ERROR 2023-09-28 13:56:59,958 basehttp 11240 21632 "GET /orders/4/ HTTP/1.1" 500 183229
INFO 2023-09-28 13:58:26,649 autoreload 20316 8412 Watching for file changes with StatReloader
INFO 2023-09-28 13:58:26,982 basehttp 20316 25896 "GET /orders/4/ HTTP/1.1" 200 928
INFO 2023-09-28 14:01:22,042 autoreload 24940 27344 Watching for file changes with StatReloader
ERROR 2023-09-28 14:01:22,822 log 24940 27420 Internal Server Error: /orders/4/
Traceback (most recent call last):
  File "C:\Users\andre\PycharmProjects\DjangoHomework\venv\lib\site-packages\django\core\handlers\exception.py", line 55, in inner
    response = get_response(request)
  File "C:\Users\andre\PycharmProjects\DjangoHomework\venv\lib\site-packages\django\core\handlers\base.py", line 197, in _get_response
    response = wrapped_callback(request, *callback_args, **callback_kwargs)
  File "C:\Users\andre\PycharmProjects\DjangoHomework\myproject\myapp\views.py", line 26, in orders
    return render(request, 'myapp/orders.html', context)
  File "C:\Users\andre\PycharmProjects\DjangoHomework\venv\lib\site-packages\django\shortcuts.py", line 24, in render
    content = loader.render_to_string(template_name, context, request, using=using)
  File "C:\Users\andre\PycharmProjects\DjangoHomework\venv\lib\site-packages\django\template\loader.py", line 61, in render_to_string
    template = get_template(template_name, using=using)
  File "C:\Users\andre\PycharmProjects\DjangoHomework\venv\lib\site-packages\django\template\loader.py", line 15, in get_template
    return engine.get_template(template_name)
  File "C:\Users\andre\PycharmProjects\DjangoHomework\venv\lib\site-packages\django\template\backends\django.py", line 33, in get_template
    return Template(self.engine.get_template(template_name), self)
  File "C:\Users\andre\PycharmProjects\DjangoHomework\venv\lib\site-packages\django\template\engine.py", line 175, in get_template
    template, origin = self.find_template(template_name)
  File "C:\Users\andre\PycharmProjects\DjangoHomework\venv\lib\site-packages\django\template\engine.py", line 157, in find_template
    template = loader.get_template(name, skip=skip)
  File "C:\Users\andre\PycharmProjects\DjangoHomework\venv\lib\site-packages\django\template\loaders\cached.py", line 57, in get_template
    template = super().get_template(template_name, skip)
  File "C:\Users\andre\PycharmProjects\DjangoHomework\venv\lib\site-packages\django\template\loaders\base.py", line 28, in get_template
    return Template(
  File "C:\Users\andre\PycharmProjects\DjangoHomework\venv\lib\site-packages\django\template\base.py", line 154, in __init__
    self.nodelist = self.compile_nodelist()
  File "C:\Users\andre\PycharmProjects\DjangoHomework\venv\lib\site-packages\django\template\base.py", line 200, in compile_nodelist
    return parser.parse()
  File "C:\Users\andre\PycharmProjects\DjangoHomework\venv\lib\site-packages\django\template\base.py", line 513, in parse
    raise self.error(token, e)
  File "C:\Users\andre\PycharmProjects\DjangoHomework\venv\lib\site-packages\django\template\base.py", line 511, in parse
    compiled_result = compile_func(self, token)
  File "C:\Users\andre\PycharmProjects\DjangoHomework\venv\lib\site-packages\django\template\loader_tags.py", line 293, in do_extends
    nodelist = parser.parse()
  File "C:\Users\andre\PycharmProjects\DjangoHomework\venv\lib\site-packages\django\template\base.py", line 513, in parse
    raise self.error(token, e)
  File "C:\Users\andre\PycharmProjects\DjangoHomework\venv\lib\site-packages\django\template\base.py", line 511, in parse
    compiled_result = compile_func(self, token)
  File "C:\Users\andre\PycharmProjects\DjangoHomework\venv\lib\site-packages\django\template\loader_tags.py", line 232, in do_block
    nodelist = parser.parse(("endblock",))
  File "C:\Users\andre\PycharmProjects\DjangoHomework\venv\lib\site-packages\django\template\base.py", line 513, in parse
    raise self.error(token, e)
  File "C:\Users\andre\PycharmProjects\DjangoHomework\venv\lib\site-packages\django\template\base.py", line 511, in parse
    compiled_result = compile_func(self, token)
  File "C:\Users\andre\PycharmProjects\DjangoHomework\venv\lib\site-packages\django\template\defaulttags.py", line 853, in do_for
    nodelist_loop = parser.parse(
  File "C:\Users\andre\PycharmProjects\DjangoHomework\venv\lib\site-packages\django\template\base.py", line 513, in parse
    raise self.error(token, e)
  File "C:\Users\andre\PycharmProjects\DjangoHomework\venv\lib\site-packages\django\template\base.py", line 511, in parse
    compiled_result = compile_func(self, token)
  File "C:\Users\andre\PycharmProjects\DjangoHomework\venv\lib\site-packages\django\template\defaulttags.py", line 839, in do_for
    raise TemplateSyntaxError(
django.template.exceptions.TemplateSyntaxError: 'for' statements should use the format 'for x in y': for i in range(0, 3)
ERROR 2023-09-28 14:01:22,822 basehttp 24940 27420 "GET /orders/4/ HTTP/1.1" 500 181080
INFO 2023-09-28 14:03:56,589 autoreload 8520 27960 Watching for file changes with StatReloader
ERROR 2023-09-28 14:03:58,565 log 8520 5520 Internal Server Error: /orders/4/
Traceback (most recent call last):
  File "C:\Users\andre\PycharmProjects\DjangoHomework\venv\lib\site-packages\django\core\handlers\exception.py", line 55, in inner
    response = get_response(request)
  File "C:\Users\andre\PycharmProjects\DjangoHomework\venv\lib\site-packages\django\core\handlers\base.py", line 197, in _get_response
    response = wrapped_callback(request, *callback_args, **callback_kwargs)
  File "C:\Users\andre\PycharmProjects\DjangoHomework\myproject\myapp\views.py", line 26, in orders
    return render(request, 'myapp/orders.html', context)
  File "C:\Users\andre\PycharmProjects\DjangoHomework\venv\lib\site-packages\django\shortcuts.py", line 24, in render
    content = loader.render_to_string(template_name, context, request, using=using)
  File "C:\Users\andre\PycharmProjects\DjangoHomework\venv\lib\site-packages\django\template\loader.py", line 61, in render_to_string
    template = get_template(template_name, using=using)
  File "C:\Users\andre\PycharmProjects\DjangoHomework\venv\lib\site-packages\django\template\loader.py", line 15, in get_template
    return engine.get_template(template_name)
  File "C:\Users\andre\PycharmProjects\DjangoHomework\venv\lib\site-packages\django\template\backends\django.py", line 33, in get_template
    return Template(self.engine.get_template(template_name), self)
  File "C:\Users\andre\PycharmProjects\DjangoHomework\venv\lib\site-packages\django\template\engine.py", line 175, in get_template
    template, origin = self.find_template(template_name)
  File "C:\Users\andre\PycharmProjects\DjangoHomework\venv\lib\site-packages\django\template\engine.py", line 157, in find_template
    template = loader.get_template(name, skip=skip)
  File "C:\Users\andre\PycharmProjects\DjangoHomework\venv\lib\site-packages\django\template\loaders\cached.py", line 57, in get_template
    template = super().get_template(template_name, skip)
  File "C:\Users\andre\PycharmProjects\DjangoHomework\venv\lib\site-packages\django\template\loaders\base.py", line 28, in get_template
    return Template(
  File "C:\Users\andre\PycharmProjects\DjangoHomework\venv\lib\site-packages\django\template\base.py", line 154, in __init__
    self.nodelist = self.compile_nodelist()
  File "C:\Users\andre\PycharmProjects\DjangoHomework\venv\lib\site-packages\django\template\base.py", line 200, in compile_nodelist
    return parser.parse()
  File "C:\Users\andre\PycharmProjects\DjangoHomework\venv\lib\site-packages\django\template\base.py", line 513, in parse
    raise self.error(token, e)
  File "C:\Users\andre\PycharmProjects\DjangoHomework\venv\lib\site-packages\django\template\base.py", line 511, in parse
    compiled_result = compile_func(self, token)
  File "C:\Users\andre\PycharmProjects\DjangoHomework\venv\lib\site-packages\django\template\loader_tags.py", line 293, in do_extends
    nodelist = parser.parse()
  File "C:\Users\andre\PycharmProjects\DjangoHomework\venv\lib\site-packages\django\template\base.py", line 513, in parse
    raise self.error(token, e)
  File "C:\Users\andre\PycharmProjects\DjangoHomework\venv\lib\site-packages\django\template\base.py", line 511, in parse
    compiled_result = compile_func(self, token)
  File "C:\Users\andre\PycharmProjects\DjangoHomework\venv\lib\site-packages\django\template\loader_tags.py", line 232, in do_block
    nodelist = parser.parse(("endblock",))
  File "C:\Users\andre\PycharmProjects\DjangoHomework\venv\lib\site-packages\django\template\base.py", line 513, in parse
    raise self.error(token, e)
  File "C:\Users\andre\PycharmProjects\DjangoHomework\venv\lib\site-packages\django\template\base.py", line 511, in parse
    compiled_result = compile_func(self, token)
  File "C:\Users\andre\PycharmProjects\DjangoHomework\venv\lib\site-packages\django\template\defaulttags.py", line 853, in do_for
    nodelist_loop = parser.parse(
  File "C:\Users\andre\PycharmProjects\DjangoHomework\venv\lib\site-packages\django\template\base.py", line 513, in parse
    raise self.error(token, e)
  File "C:\Users\andre\PycharmProjects\DjangoHomework\venv\lib\site-packages\django\template\base.py", line 511, in parse
    compiled_result = compile_func(self, token)
  File "C:\Users\andre\PycharmProjects\DjangoHomework\venv\lib\site-packages\django\template\defaulttags.py", line 852, in do_for
    sequence = parser.compile_filter(bits[in_index + 1])
  File "C:\Users\andre\PycharmProjects\DjangoHomework\venv\lib\site-packages\django\template\base.py", line 600, in compile_filter
    return FilterExpression(token, self)
  File "C:\Users\andre\PycharmProjects\DjangoHomework\venv\lib\site-packages\django\template\base.py", line 703, in __init__
    raise TemplateSyntaxError(
django.template.exceptions.TemplateSyntaxError: Could not parse the remainder: '()' from 'order.products.all()'
ERROR 2023-09-28 14:03:58,573 basehttp 8520 5520 "GET /orders/4/ HTTP/1.1" 500 193052
INFO 2023-09-28 14:08:35,124 autoreload 8520 27960 C:\Users\andre\PycharmProjects\DjangoHomework\myproject\myapp\views.py changed, reloading.
INFO 2023-09-28 14:08:35,737 autoreload 7388 8424 Watching for file changes with StatReloader
ERROR 2023-09-28 14:08:38,697 log 7388 28300 Internal Server Error: /orders/4/
Traceback (most recent call last):
  File "C:\Users\andre\PycharmProjects\DjangoHomework\venv\lib\site-packages\django\core\handlers\exception.py", line 55, in inner
    response = get_response(request)
  File "C:\Users\andre\PycharmProjects\DjangoHomework\venv\lib\site-packages\django\core\handlers\base.py", line 197, in _get_response
    response = wrapped_callback(request, *callback_args, **callback_kwargs)
  File "C:\Users\andre\PycharmProjects\DjangoHomework\myproject\myapp\views.py", line 27, in orders
    return render(request, 'myapp/orders.html', context)
  File "C:\Users\andre\PycharmProjects\DjangoHomework\venv\lib\site-packages\django\shortcuts.py", line 24, in render
    content = loader.render_to_string(template_name, context, request, using=using)
  File "C:\Users\andre\PycharmProjects\DjangoHomework\venv\lib\site-packages\django\template\loader.py", line 61, in render_to_string
    template = get_template(template_name, using=using)
  File "C:\Users\andre\PycharmProjects\DjangoHomework\venv\lib\site-packages\django\template\loader.py", line 15, in get_template
    return engine.get_template(template_name)
  File "C:\Users\andre\PycharmProjects\DjangoHomework\venv\lib\site-packages\django\template\backends\django.py", line 33, in get_template
    return Template(self.engine.get_template(template_name), self)
  File "C:\Users\andre\PycharmProjects\DjangoHomework\venv\lib\site-packages\django\template\engine.py", line 175, in get_template
    template, origin = self.find_template(template_name)
  File "C:\Users\andre\PycharmProjects\DjangoHomework\venv\lib\site-packages\django\template\engine.py", line 157, in find_template
    template = loader.get_template(name, skip=skip)
  File "C:\Users\andre\PycharmProjects\DjangoHomework\venv\lib\site-packages\django\template\loaders\cached.py", line 57, in get_template
    template = super().get_template(template_name, skip)
  File "C:\Users\andre\PycharmProjects\DjangoHomework\venv\lib\site-packages\django\template\loaders\base.py", line 28, in get_template
    return Template(
  File "C:\Users\andre\PycharmProjects\DjangoHomework\venv\lib\site-packages\django\template\base.py", line 154, in __init__
    self.nodelist = self.compile_nodelist()
  File "C:\Users\andre\PycharmProjects\DjangoHomework\venv\lib\site-packages\django\template\base.py", line 200, in compile_nodelist
    return parser.parse()
  File "C:\Users\andre\PycharmProjects\DjangoHomework\venv\lib\site-packages\django\template\base.py", line 513, in parse
    raise self.error(token, e)
  File "C:\Users\andre\PycharmProjects\DjangoHomework\venv\lib\site-packages\django\template\base.py", line 511, in parse
    compiled_result = compile_func(self, token)
  File "C:\Users\andre\PycharmProjects\DjangoHomework\venv\lib\site-packages\django\template\loader_tags.py", line 293, in do_extends
    nodelist = parser.parse()
  File "C:\Users\andre\PycharmProjects\DjangoHomework\venv\lib\site-packages\django\template\base.py", line 513, in parse
    raise self.error(token, e)
  File "C:\Users\andre\PycharmProjects\DjangoHomework\venv\lib\site-packages\django\template\base.py", line 511, in parse
    compiled_result = compile_func(self, token)
  File "C:\Users\andre\PycharmProjects\DjangoHomework\venv\lib\site-packages\django\template\loader_tags.py", line 232, in do_block
    nodelist = parser.parse(("endblock",))
  File "C:\Users\andre\PycharmProjects\DjangoHomework\venv\lib\site-packages\django\template\base.py", line 513, in parse
    raise self.error(token, e)
  File "C:\Users\andre\PycharmProjects\DjangoHomework\venv\lib\site-packages\django\template\base.py", line 511, in parse
    compiled_result = compile_func(self, token)
  File "C:\Users\andre\PycharmProjects\DjangoHomework\venv\lib\site-packages\django\template\defaulttags.py", line 853, in do_for
    nodelist_loop = parser.parse(
  File "C:\Users\andre\PycharmProjects\DjangoHomework\venv\lib\site-packages\django\template\base.py", line 513, in parse
    raise self.error(token, e)
  File "C:\Users\andre\PycharmProjects\DjangoHomework\venv\lib\site-packages\django\template\base.py", line 511, in parse
    compiled_result = compile_func(self, token)
  File "C:\Users\andre\PycharmProjects\DjangoHomework\venv\lib\site-packages\django\template\defaulttags.py", line 839, in do_for
    raise TemplateSyntaxError(
django.template.exceptions.TemplateSyntaxError: 'for' statements should use the format 'for x in y': for i in range(0, 3)
ERROR 2023-09-28 14:08:38,703 basehttp 7388 28300 "GET /orders/4/ HTTP/1.1" 500 181190
INFO 2023-09-28 14:09:37,653 autoreload 27496 4940 Watching for file changes with StatReloader
ERROR 2023-09-28 14:09:38,002 log 27496 24296 Internal Server Error: /orders/4/
Traceback (most recent call last):
  File "C:\Users\andre\PycharmProjects\DjangoHomework\venv\lib\site-packages\django\core\handlers\exception.py", line 55, in inner
    response = get_response(request)
  File "C:\Users\andre\PycharmProjects\DjangoHomework\venv\lib\site-packages\django\core\handlers\base.py", line 197, in _get_response
    response = wrapped_callback(request, *callback_args, **callback_kwargs)
  File "C:\Users\andre\PycharmProjects\DjangoHomework\myproject\myapp\views.py", line 27, in orders
    return render(request, 'myapp/orders.html', context)
  File "C:\Users\andre\PycharmProjects\DjangoHomework\venv\lib\site-packages\django\shortcuts.py", line 24, in render
    content = loader.render_to_string(template_name, context, request, using=using)
  File "C:\Users\andre\PycharmProjects\DjangoHomework\venv\lib\site-packages\django\template\loader.py", line 61, in render_to_string
    template = get_template(template_name, using=using)
  File "C:\Users\andre\PycharmProjects\DjangoHomework\venv\lib\site-packages\django\template\loader.py", line 15, in get_template
    return engine.get_template(template_name)
  File "C:\Users\andre\PycharmProjects\DjangoHomework\venv\lib\site-packages\django\template\backends\django.py", line 33, in get_template
    return Template(self.engine.get_template(template_name), self)
  File "C:\Users\andre\PycharmProjects\DjangoHomework\venv\lib\site-packages\django\template\engine.py", line 175, in get_template
    template, origin = self.find_template(template_name)
  File "C:\Users\andre\PycharmProjects\DjangoHomework\venv\lib\site-packages\django\template\engine.py", line 157, in find_template
    template = loader.get_template(name, skip=skip)
  File "C:\Users\andre\PycharmProjects\DjangoHomework\venv\lib\site-packages\django\template\loaders\cached.py", line 57, in get_template
    template = super().get_template(template_name, skip)
  File "C:\Users\andre\PycharmProjects\DjangoHomework\venv\lib\site-packages\django\template\loaders\base.py", line 28, in get_template
    return Template(
  File "C:\Users\andre\PycharmProjects\DjangoHomework\venv\lib\site-packages\django\template\base.py", line 154, in __init__
    self.nodelist = self.compile_nodelist()
  File "C:\Users\andre\PycharmProjects\DjangoHomework\venv\lib\site-packages\django\template\base.py", line 200, in compile_nodelist
    return parser.parse()
  File "C:\Users\andre\PycharmProjects\DjangoHomework\venv\lib\site-packages\django\template\base.py", line 513, in parse
    raise self.error(token, e)
  File "C:\Users\andre\PycharmProjects\DjangoHomework\venv\lib\site-packages\django\template\base.py", line 511, in parse
    compiled_result = compile_func(self, token)
  File "C:\Users\andre\PycharmProjects\DjangoHomework\venv\lib\site-packages\django\template\loader_tags.py", line 293, in do_extends
    nodelist = parser.parse()
  File "C:\Users\andre\PycharmProjects\DjangoHomework\venv\lib\site-packages\django\template\base.py", line 513, in parse
    raise self.error(token, e)
  File "C:\Users\andre\PycharmProjects\DjangoHomework\venv\lib\site-packages\django\template\base.py", line 511, in parse
    compiled_result = compile_func(self, token)
  File "C:\Users\andre\PycharmProjects\DjangoHomework\venv\lib\site-packages\django\template\loader_tags.py", line 232, in do_block
    nodelist = parser.parse(("endblock",))
  File "C:\Users\andre\PycharmProjects\DjangoHomework\venv\lib\site-packages\django\template\base.py", line 513, in parse
    raise self.error(token, e)
  File "C:\Users\andre\PycharmProjects\DjangoHomework\venv\lib\site-packages\django\template\base.py", line 511, in parse
    compiled_result = compile_func(self, token)
  File "C:\Users\andre\PycharmProjects\DjangoHomework\venv\lib\site-packages\django\template\defaulttags.py", line 853, in do_for
    nodelist_loop = parser.parse(
  File "C:\Users\andre\PycharmProjects\DjangoHomework\venv\lib\site-packages\django\template\base.py", line 513, in parse
    raise self.error(token, e)
  File "C:\Users\andre\PycharmProjects\DjangoHomework\venv\lib\site-packages\django\template\base.py", line 511, in parse
    compiled_result = compile_func(self, token)
  File "C:\Users\andre\PycharmProjects\DjangoHomework\venv\lib\site-packages\django\template\defaulttags.py", line 839, in do_for
    raise TemplateSyntaxError(
django.template.exceptions.TemplateSyntaxError: 'for' statements should use the format 'for x in y': for i in range(0, 3)
ERROR 2023-09-28 14:09:38,018 basehttp 27496 24296 "GET /orders/4/ HTTP/1.1" 500 182686
INFO 2023-09-28 14:10:26,853 autoreload 17456 12376 Watching for file changes with StatReloader
INFO 2023-09-28 14:10:28,780 basehttp 17456 30680 "GET /orders/4/ HTTP/1.1" 200 1244
INFO 2023-09-28 14:12:43,066 autoreload 17456 12376 C:\Users\andre\PycharmProjects\DjangoHomework\myproject\myapp\models.py changed, reloading.
INFO 2023-09-28 14:12:43,857 autoreload 5848 32760 Watching for file changes with StatReloader
ERROR 2023-09-28 14:12:44,494 log 5848 29692 Internal Server Error: /orders/4/
Traceback (most recent call last):
  File "C:\Users\andre\PycharmProjects\DjangoHomework\venv\lib\site-packages\django\core\handlers\exception.py", line 55, in inner
    response = get_response(request)
  File "C:\Users\andre\PycharmProjects\DjangoHomework\venv\lib\site-packages\django\core\handlers\base.py", line 197, in _get_response
    response = wrapped_callback(request, *callback_args, **callback_kwargs)
  File "C:\Users\andre\PycharmProjects\DjangoHomework\myproject\myapp\views.py", line 27, in orders
    return render(request, 'myapp/orders.html', context)
  File "C:\Users\andre\PycharmProjects\DjangoHomework\venv\lib\site-packages\django\shortcuts.py", line 24, in render
    content = loader.render_to_string(template_name, context, request, using=using)
  File "C:\Users\andre\PycharmProjects\DjangoHomework\venv\lib\site-packages\django\template\loader.py", line 62, in render_to_string
    return template.render(context, request)
  File "C:\Users\andre\PycharmProjects\DjangoHomework\venv\lib\site-packages\django\template\backends\django.py", line 61, in render
    return self.template.render(context)
  File "C:\Users\andre\PycharmProjects\DjangoHomework\venv\lib\site-packages\django\template\base.py", line 175, in render
    return self._render(context)
  File "C:\Users\andre\PycharmProjects\DjangoHomework\venv\lib\site-packages\django\template\base.py", line 167, in _render
    return self.nodelist.render(context)
  File "C:\Users\andre\PycharmProjects\DjangoHomework\venv\lib\site-packages\django\template\base.py", line 1005, in render
    return SafeString("".join([node.render_annotated(context) for node in self]))
  File "C:\Users\andre\PycharmProjects\DjangoHomework\venv\lib\site-packages\django\template\base.py", line 1005, in <listcomp>
    return SafeString("".join([node.render_annotated(context) for node in self]))
  File "C:\Users\andre\PycharmProjects\DjangoHomework\venv\lib\site-packages\django\template\base.py", line 966, in render_annotated
    return self.render(context)
  File "C:\Users\andre\PycharmProjects\DjangoHomework\venv\lib\site-packages\django\template\loader_tags.py", line 157, in render
    return compiled_parent._render(context)
  File "C:\Users\andre\PycharmProjects\DjangoHomework\venv\lib\site-packages\django\template\base.py", line 167, in _render
    return self.nodelist.render(context)
  File "C:\Users\andre\PycharmProjects\DjangoHomework\venv\lib\site-packages\django\template\base.py", line 1005, in render
    return SafeString("".join([node.render_annotated(context) for node in self]))
  File "C:\Users\andre\PycharmProjects\DjangoHomework\venv\lib\site-packages\django\template\base.py", line 1005, in <listcomp>
    return SafeString("".join([node.render_annotated(context) for node in self]))
  File "C:\Users\andre\PycharmProjects\DjangoHomework\venv\lib\site-packages\django\template\base.py", line 966, in render_annotated
    return self.render(context)
  File "C:\Users\andre\PycharmProjects\DjangoHomework\venv\lib\site-packages\django\template\loader_tags.py", line 63, in render
    result = block.nodelist.render(context)
  File "C:\Users\andre\PycharmProjects\DjangoHomework\venv\lib\site-packages\django\template\base.py", line 1005, in render
    return SafeString("".join([node.render_annotated(context) for node in self]))
  File "C:\Users\andre\PycharmProjects\DjangoHomework\venv\lib\site-packages\django\template\base.py", line 1005, in <listcomp>
    return SafeString("".join([node.render_annotated(context) for node in self]))
  File "C:\Users\andre\PycharmProjects\DjangoHomework\venv\lib\site-packages\django\template\base.py", line 966, in render_annotated
    return self.render(context)
  File "C:\Users\andre\PycharmProjects\DjangoHomework\venv\lib\site-packages\django\template\defaulttags.py", line 238, in render
    nodelist.append(node.render_annotated(context))
  File "C:\Users\andre\PycharmProjects\DjangoHomework\venv\lib\site-packages\django\template\base.py", line 966, in render_annotated
    return self.render(context)
  File "C:\Users\andre\PycharmProjects\DjangoHomework\venv\lib\site-packages\django\template\base.py", line 1070, in render
    return render_value_in_context(output, context)
  File "C:\Users\andre\PycharmProjects\DjangoHomework\venv\lib\site-packages\django\template\base.py", line 1047, in render_value_in_context
    value = str(value)
TypeError: __str__ returned non-string (type set)
ERROR 2023-09-28 14:12:44,498 basehttp 5848 29692 "GET /orders/4/ HTTP/1.1" 500 156158
INFO 2023-09-28 14:13:44,752 autoreload 5848 32760 C:\Users\andre\PycharmProjects\DjangoHomework\myproject\myapp\models.py changed, reloading.
INFO 2023-09-28 14:13:45,414 autoreload 32508 28744 Watching for file changes with StatReloader
INFO 2023-09-28 14:13:48,674 basehttp 32508 26548 "GET /orders/4/ HTTP/1.1" 200 936
INFO 2023-09-28 14:17:34,573 basehttp 32508 26548 "GET /orders/4/ HTTP/1.1" 200 1228
INFO 2023-09-28 14:32:52,852 autoreload 23872 12684 Watching for file changes with StatReloader
INFO 2023-09-28 14:32:55,860 basehttp 23872 26448 "GET /orders/4/ HTTP/1.1" 200 1736
ERROR 2023-09-28 14:35:03,261 log 23872 26448 Internal Server Error: /orders/4/
Traceback (most recent call last):
  File "C:\Users\andre\PycharmProjects\DjangoHomework\venv\lib\site-packages\django\core\handlers\exception.py", line 55, in inner
    response = get_response(request)
  File "C:\Users\andre\PycharmProjects\DjangoHomework\venv\lib\site-packages\django\core\handlers\base.py", line 197, in _get_response
    response = wrapped_callback(request, *callback_args, **callback_kwargs)
  File "C:\Users\andre\PycharmProjects\DjangoHomework\myproject\myapp\views.py", line 26, in orders
    return render(request, 'myapp/orders.html', context)
  File "C:\Users\andre\PycharmProjects\DjangoHomework\venv\lib\site-packages\django\shortcuts.py", line 24, in render
    content = loader.render_to_string(template_name, context, request, using=using)
  File "C:\Users\andre\PycharmProjects\DjangoHomework\venv\lib\site-packages\django\template\loader.py", line 61, in render_to_string
    template = get_template(template_name, using=using)
  File "C:\Users\andre\PycharmProjects\DjangoHomework\venv\lib\site-packages\django\template\loader.py", line 15, in get_template
    return engine.get_template(template_name)
  File "C:\Users\andre\PycharmProjects\DjangoHomework\venv\lib\site-packages\django\template\backends\django.py", line 33, in get_template
    return Template(self.engine.get_template(template_name), self)
  File "C:\Users\andre\PycharmProjects\DjangoHomework\venv\lib\site-packages\django\template\engine.py", line 175, in get_template
    template, origin = self.find_template(template_name)
  File "C:\Users\andre\PycharmProjects\DjangoHomework\venv\lib\site-packages\django\template\engine.py", line 157, in find_template
    template = loader.get_template(name, skip=skip)
  File "C:\Users\andre\PycharmProjects\DjangoHomework\venv\lib\site-packages\django\template\loaders\cached.py", line 57, in get_template
    template = super().get_template(template_name, skip)
  File "C:\Users\andre\PycharmProjects\DjangoHomework\venv\lib\site-packages\django\template\loaders\base.py", line 28, in get_template
    return Template(
  File "C:\Users\andre\PycharmProjects\DjangoHomework\venv\lib\site-packages\django\template\base.py", line 154, in __init__
    self.nodelist = self.compile_nodelist()
  File "C:\Users\andre\PycharmProjects\DjangoHomework\venv\lib\site-packages\django\template\base.py", line 200, in compile_nodelist
    return parser.parse()
  File "C:\Users\andre\PycharmProjects\DjangoHomework\venv\lib\site-packages\django\template\base.py", line 513, in parse
    raise self.error(token, e)
  File "C:\Users\andre\PycharmProjects\DjangoHomework\venv\lib\site-packages\django\template\base.py", line 511, in parse
    compiled_result = compile_func(self, token)
  File "C:\Users\andre\PycharmProjects\DjangoHomework\venv\lib\site-packages\django\template\loader_tags.py", line 293, in do_extends
    nodelist = parser.parse()
  File "C:\Users\andre\PycharmProjects\DjangoHomework\venv\lib\site-packages\django\template\base.py", line 513, in parse
    raise self.error(token, e)
  File "C:\Users\andre\PycharmProjects\DjangoHomework\venv\lib\site-packages\django\template\base.py", line 511, in parse
    compiled_result = compile_func(self, token)
  File "C:\Users\andre\PycharmProjects\DjangoHomework\venv\lib\site-packages\django\template\loader_tags.py", line 232, in do_block
    nodelist = parser.parse(("endblock",))
  File "C:\Users\andre\PycharmProjects\DjangoHomework\venv\lib\site-packages\django\template\base.py", line 513, in parse
    raise self.error(token, e)
  File "C:\Users\andre\PycharmProjects\DjangoHomework\venv\lib\site-packages\django\template\base.py", line 511, in parse
    compiled_result = compile_func(self, token)
  File "C:\Users\andre\PycharmProjects\DjangoHomework\venv\lib\site-packages\django\template\defaulttags.py", line 853, in do_for
    nodelist_loop = parser.parse(
  File "C:\Users\andre\PycharmProjects\DjangoHomework\venv\lib\site-packages\django\template\base.py", line 513, in parse
    raise self.error(token, e)
  File "C:\Users\andre\PycharmProjects\DjangoHomework\venv\lib\site-packages\django\template\base.py", line 511, in parse
    compiled_result = compile_func(self, token)
  File "C:\Users\andre\PycharmProjects\DjangoHomework\venv\lib\site-packages\django\template\defaulttags.py", line 839, in do_for
    raise TemplateSyntaxError(
django.template.exceptions.TemplateSyntaxError: 'for' statements should use the format 'for x in y': for {{ product }} in {{ order.products.all() }}
ERROR 2023-09-28 14:35:03,269 basehttp 23872 26448 "GET /orders/4/ HTTP/1.1" 500 182872
INFO 2023-09-28 14:38:36,699 autoreload 28664 1292 Watching for file changes with StatReloader
ERROR 2023-09-28 14:38:41,929 log 28664 29004 Internal Server Error: /orders/4/
Traceback (most recent call last):
  File "C:\Users\andre\PycharmProjects\DjangoHomework\venv\lib\site-packages\django\core\handlers\exception.py", line 55, in inner
    response = get_response(request)
  File "C:\Users\andre\PycharmProjects\DjangoHomework\venv\lib\site-packages\django\core\handlers\base.py", line 197, in _get_response
    response = wrapped_callback(request, *callback_args, **callback_kwargs)
  File "C:\Users\andre\PycharmProjects\DjangoHomework\myproject\myapp\views.py", line 26, in orders
    return render(request, 'myapp/orders.html', context)
  File "C:\Users\andre\PycharmProjects\DjangoHomework\venv\lib\site-packages\django\shortcuts.py", line 24, in render
    content = loader.render_to_string(template_name, context, request, using=using)
  File "C:\Users\andre\PycharmProjects\DjangoHomework\venv\lib\site-packages\django\template\loader.py", line 61, in render_to_string
    template = get_template(template_name, using=using)
  File "C:\Users\andre\PycharmProjects\DjangoHomework\venv\lib\site-packages\django\template\loader.py", line 15, in get_template
    return engine.get_template(template_name)
  File "C:\Users\andre\PycharmProjects\DjangoHomework\venv\lib\site-packages\django\template\backends\django.py", line 33, in get_template
    return Template(self.engine.get_template(template_name), self)
  File "C:\Users\andre\PycharmProjects\DjangoHomework\venv\lib\site-packages\django\template\engine.py", line 175, in get_template
    template, origin = self.find_template(template_name)
  File "C:\Users\andre\PycharmProjects\DjangoHomework\venv\lib\site-packages\django\template\engine.py", line 157, in find_template
    template = loader.get_template(name, skip=skip)
  File "C:\Users\andre\PycharmProjects\DjangoHomework\venv\lib\site-packages\django\template\loaders\cached.py", line 57, in get_template
    template = super().get_template(template_name, skip)
  File "C:\Users\andre\PycharmProjects\DjangoHomework\venv\lib\site-packages\django\template\loaders\base.py", line 28, in get_template
    return Template(
  File "C:\Users\andre\PycharmProjects\DjangoHomework\venv\lib\site-packages\django\template\base.py", line 154, in __init__
    self.nodelist = self.compile_nodelist()
  File "C:\Users\andre\PycharmProjects\DjangoHomework\venv\lib\site-packages\django\template\base.py", line 200, in compile_nodelist
    return parser.parse()
  File "C:\Users\andre\PycharmProjects\DjangoHomework\venv\lib\site-packages\django\template\base.py", line 513, in parse
    raise self.error(token, e)
  File "C:\Users\andre\PycharmProjects\DjangoHomework\venv\lib\site-packages\django\template\base.py", line 511, in parse
    compiled_result = compile_func(self, token)
  File "C:\Users\andre\PycharmProjects\DjangoHomework\venv\lib\site-packages\django\template\loader_tags.py", line 293, in do_extends
    nodelist = parser.parse()
  File "C:\Users\andre\PycharmProjects\DjangoHomework\venv\lib\site-packages\django\template\base.py", line 513, in parse
    raise self.error(token, e)
  File "C:\Users\andre\PycharmProjects\DjangoHomework\venv\lib\site-packages\django\template\base.py", line 511, in parse
    compiled_result = compile_func(self, token)
  File "C:\Users\andre\PycharmProjects\DjangoHomework\venv\lib\site-packages\django\template\loader_tags.py", line 232, in do_block
    nodelist = parser.parse(("endblock",))
  File "C:\Users\andre\PycharmProjects\DjangoHomework\venv\lib\site-packages\django\template\base.py", line 513, in parse
    raise self.error(token, e)
  File "C:\Users\andre\PycharmProjects\DjangoHomework\venv\lib\site-packages\django\template\base.py", line 511, in parse
    compiled_result = compile_func(self, token)
  File "C:\Users\andre\PycharmProjects\DjangoHomework\venv\lib\site-packages\django\template\defaulttags.py", line 853, in do_for
    nodelist_loop = parser.parse(
  File "C:\Users\andre\PycharmProjects\DjangoHomework\venv\lib\site-packages\django\template\base.py", line 513, in parse
    raise self.error(token, e)
  File "C:\Users\andre\PycharmProjects\DjangoHomework\venv\lib\site-packages\django\template\base.py", line 511, in parse
    compiled_result = compile_func(self, token)
  File "C:\Users\andre\PycharmProjects\DjangoHomework\venv\lib\site-packages\django\template\defaulttags.py", line 839, in do_for
    raise TemplateSyntaxError(
django.template.exceptions.TemplateSyntaxError: 'for' statements should use the format 'for x in y': for i in range(0, 3) }}
ERROR 2023-09-28 14:38:41,933 basehttp 28664 29004 "GET /orders/4/ HTTP/1.1" 500 182474
INFO 2023-09-28 14:41:42,916 autoreload 14732 22204 Watching for file changes with StatReloader
INFO 2023-09-28 14:41:43,205 basehttp 14732 31240 "GET /orders/4/ HTTP/1.1" 200 1212
INFO 2023-09-28 14:44:57,164 basehttp 14732 31240 "GET /orders/4/ HTTP/1.1" 200 908
ERROR 2023-09-28 14:46:41,584 log 14732 31240 Internal Server Error: /orders/4/
Traceback (most recent call last):
  File "C:\Users\andre\PycharmProjects\DjangoHomework\venv\lib\site-packages\django\core\handlers\exception.py", line 55, in inner
    response = get_response(request)
  File "C:\Users\andre\PycharmProjects\DjangoHomework\venv\lib\site-packages\django\core\handlers\base.py", line 197, in _get_response
    response = wrapped_callback(request, *callback_args, **callback_kwargs)
  File "C:\Users\andre\PycharmProjects\DjangoHomework\myproject\myapp\views.py", line 26, in orders
    return render(request, 'myapp/orders.html', context)
  File "C:\Users\andre\PycharmProjects\DjangoHomework\venv\lib\site-packages\django\shortcuts.py", line 24, in render
    content = loader.render_to_string(template_name, context, request, using=using)
  File "C:\Users\andre\PycharmProjects\DjangoHomework\venv\lib\site-packages\django\template\loader.py", line 61, in render_to_string
    template = get_template(template_name, using=using)
  File "C:\Users\andre\PycharmProjects\DjangoHomework\venv\lib\site-packages\django\template\loader.py", line 15, in get_template
    return engine.get_template(template_name)
  File "C:\Users\andre\PycharmProjects\DjangoHomework\venv\lib\site-packages\django\template\backends\django.py", line 33, in get_template
    return Template(self.engine.get_template(template_name), self)
  File "C:\Users\andre\PycharmProjects\DjangoHomework\venv\lib\site-packages\django\template\engine.py", line 175, in get_template
    template, origin = self.find_template(template_name)
  File "C:\Users\andre\PycharmProjects\DjangoHomework\venv\lib\site-packages\django\template\engine.py", line 157, in find_template
    template = loader.get_template(name, skip=skip)
  File "C:\Users\andre\PycharmProjects\DjangoHomework\venv\lib\site-packages\django\template\loaders\cached.py", line 57, in get_template
    template = super().get_template(template_name, skip)
  File "C:\Users\andre\PycharmProjects\DjangoHomework\venv\lib\site-packages\django\template\loaders\base.py", line 28, in get_template
    return Template(
  File "C:\Users\andre\PycharmProjects\DjangoHomework\venv\lib\site-packages\django\template\base.py", line 154, in __init__
    self.nodelist = self.compile_nodelist()
  File "C:\Users\andre\PycharmProjects\DjangoHomework\venv\lib\site-packages\django\template\base.py", line 200, in compile_nodelist
    return parser.parse()
  File "C:\Users\andre\PycharmProjects\DjangoHomework\venv\lib\site-packages\django\template\base.py", line 513, in parse
    raise self.error(token, e)
  File "C:\Users\andre\PycharmProjects\DjangoHomework\venv\lib\site-packages\django\template\base.py", line 511, in parse
    compiled_result = compile_func(self, token)
  File "C:\Users\andre\PycharmProjects\DjangoHomework\venv\lib\site-packages\django\template\loader_tags.py", line 293, in do_extends
    nodelist = parser.parse()
  File "C:\Users\andre\PycharmProjects\DjangoHomework\venv\lib\site-packages\django\template\base.py", line 513, in parse
    raise self.error(token, e)
  File "C:\Users\andre\PycharmProjects\DjangoHomework\venv\lib\site-packages\django\template\base.py", line 511, in parse
    compiled_result = compile_func(self, token)
  File "C:\Users\andre\PycharmProjects\DjangoHomework\venv\lib\site-packages\django\template\loader_tags.py", line 232, in do_block
    nodelist = parser.parse(("endblock",))
  File "C:\Users\andre\PycharmProjects\DjangoHomework\venv\lib\site-packages\django\template\base.py", line 513, in parse
    raise self.error(token, e)
  File "C:\Users\andre\PycharmProjects\DjangoHomework\venv\lib\site-packages\django\template\base.py", line 511, in parse
    compiled_result = compile_func(self, token)
  File "C:\Users\andre\PycharmProjects\DjangoHomework\venv\lib\site-packages\django\template\defaulttags.py", line 853, in do_for
    nodelist_loop = parser.parse(
  File "C:\Users\andre\PycharmProjects\DjangoHomework\venv\lib\site-packages\django\template\base.py", line 484, in parse
    raise self.error(token, e)
  File "C:\Users\andre\PycharmProjects\DjangoHomework\venv\lib\site-packages\django\template\base.py", line 482, in parse
    filter_expression = self.compile_filter(token.contents)
  File "C:\Users\andre\PycharmProjects\DjangoHomework\venv\lib\site-packages\django\template\base.py", line 600, in compile_filter
    return FilterExpression(token, self)
  File "C:\Users\andre\PycharmProjects\DjangoHomework\venv\lib\site-packages\django\template\base.py", line 703, in __init__
    raise TemplateSyntaxError(
django.template.exceptions.TemplateSyntaxError: Could not parse the remainder: '()' from 'order.producrs.all()'
ERROR 2023-09-28 14:46:41,590 basehttp 14732 31240 "GET /orders/4/ HTTP/1.1" 500 183373
INFO 2023-09-28 14:47:14,189 autoreload 5584 22908 Watching for file changes with StatReloader
INFO 2023-09-28 14:47:14,749 basehttp 5584 7240 "GET /orders/4/ HTTP/1.1" 200 904
INFO 2023-09-28 14:47:30,449 basehttp 5584 7240 "GET /orders/4/ HTTP/1.1" 200 976
ERROR 2023-09-28 14:47:39,558 log 5584 7240 Internal Server Error: /orders/4/
Traceback (most recent call last):
  File "C:\Users\andre\PycharmProjects\DjangoHomework\venv\lib\site-packages\django\core\handlers\exception.py", line 55, in inner
    response = get_response(request)
  File "C:\Users\andre\PycharmProjects\DjangoHomework\venv\lib\site-packages\django\core\handlers\base.py", line 197, in _get_response
    response = wrapped_callback(request, *callback_args, **callback_kwargs)
  File "C:\Users\andre\PycharmProjects\DjangoHomework\myproject\myapp\views.py", line 26, in orders
    return render(request, 'myapp/orders.html', context)
  File "C:\Users\andre\PycharmProjects\DjangoHomework\venv\lib\site-packages\django\shortcuts.py", line 24, in render
    content = loader.render_to_string(template_name, context, request, using=using)
  File "C:\Users\andre\PycharmProjects\DjangoHomework\venv\lib\site-packages\django\template\loader.py", line 61, in render_to_string
    template = get_template(template_name, using=using)
  File "C:\Users\andre\PycharmProjects\DjangoHomework\venv\lib\site-packages\django\template\loader.py", line 15, in get_template
    return engine.get_template(template_name)
  File "C:\Users\andre\PycharmProjects\DjangoHomework\venv\lib\site-packages\django\template\backends\django.py", line 33, in get_template
    return Template(self.engine.get_template(template_name), self)
  File "C:\Users\andre\PycharmProjects\DjangoHomework\venv\lib\site-packages\django\template\engine.py", line 175, in get_template
    template, origin = self.find_template(template_name)
  File "C:\Users\andre\PycharmProjects\DjangoHomework\venv\lib\site-packages\django\template\engine.py", line 157, in find_template
    template = loader.get_template(name, skip=skip)
  File "C:\Users\andre\PycharmProjects\DjangoHomework\venv\lib\site-packages\django\template\loaders\cached.py", line 57, in get_template
    template = super().get_template(template_name, skip)
  File "C:\Users\andre\PycharmProjects\DjangoHomework\venv\lib\site-packages\django\template\loaders\base.py", line 28, in get_template
    return Template(
  File "C:\Users\andre\PycharmProjects\DjangoHomework\venv\lib\site-packages\django\template\base.py", line 154, in __init__
    self.nodelist = self.compile_nodelist()
  File "C:\Users\andre\PycharmProjects\DjangoHomework\venv\lib\site-packages\django\template\base.py", line 200, in compile_nodelist
    return parser.parse()
  File "C:\Users\andre\PycharmProjects\DjangoHomework\venv\lib\site-packages\django\template\base.py", line 513, in parse
    raise self.error(token, e)
  File "C:\Users\andre\PycharmProjects\DjangoHomework\venv\lib\site-packages\django\template\base.py", line 511, in parse
    compiled_result = compile_func(self, token)
  File "C:\Users\andre\PycharmProjects\DjangoHomework\venv\lib\site-packages\django\template\loader_tags.py", line 293, in do_extends
    nodelist = parser.parse()
  File "C:\Users\andre\PycharmProjects\DjangoHomework\venv\lib\site-packages\django\template\base.py", line 513, in parse
    raise self.error(token, e)
  File "C:\Users\andre\PycharmProjects\DjangoHomework\venv\lib\site-packages\django\template\base.py", line 511, in parse
    compiled_result = compile_func(self, token)
  File "C:\Users\andre\PycharmProjects\DjangoHomework\venv\lib\site-packages\django\template\loader_tags.py", line 232, in do_block
    nodelist = parser.parse(("endblock",))
  File "C:\Users\andre\PycharmProjects\DjangoHomework\venv\lib\site-packages\django\template\base.py", line 513, in parse
    raise self.error(token, e)
  File "C:\Users\andre\PycharmProjects\DjangoHomework\venv\lib\site-packages\django\template\base.py", line 511, in parse
    compiled_result = compile_func(self, token)
  File "C:\Users\andre\PycharmProjects\DjangoHomework\venv\lib\site-packages\django\template\defaulttags.py", line 853, in do_for
    nodelist_loop = parser.parse(
  File "C:\Users\andre\PycharmProjects\DjangoHomework\venv\lib\site-packages\django\template\base.py", line 484, in parse
    raise self.error(token, e)
  File "C:\Users\andre\PycharmProjects\DjangoHomework\venv\lib\site-packages\django\template\base.py", line 482, in parse
    filter_expression = self.compile_filter(token.contents)
  File "C:\Users\andre\PycharmProjects\DjangoHomework\venv\lib\site-packages\django\template\base.py", line 600, in compile_filter
    return FilterExpression(token, self)
  File "C:\Users\andre\PycharmProjects\DjangoHomework\venv\lib\site-packages\django\template\base.py", line 703, in __init__
    raise TemplateSyntaxError(
django.template.exceptions.TemplateSyntaxError: Could not parse the remainder: '()' from 'order.products.all()'
ERROR 2023-09-28 14:47:39,563 basehttp 5584 7240 "GET /orders/4/ HTTP/1.1" 500 183373
INFO 2023-09-28 14:50:30,733 autoreload 25220 26680 Watching for file changes with StatReloader
ERROR 2023-09-28 14:50:33,538 log 25220 11012 Internal Server Error: /orders/4/
Traceback (most recent call last):
  File "C:\Users\andre\PycharmProjects\DjangoHomework\venv\lib\site-packages\django\core\handlers\exception.py", line 55, in inner
    response = get_response(request)
  File "C:\Users\andre\PycharmProjects\DjangoHomework\venv\lib\site-packages\django\core\handlers\base.py", line 197, in _get_response
    response = wrapped_callback(request, *callback_args, **callback_kwargs)
  File "C:\Users\andre\PycharmProjects\DjangoHomework\myproject\myapp\views.py", line 26, in orders
    return render(request, 'myapp/orders.html', context)
  File "C:\Users\andre\PycharmProjects\DjangoHomework\venv\lib\site-packages\django\shortcuts.py", line 24, in render
    content = loader.render_to_string(template_name, context, request, using=using)
  File "C:\Users\andre\PycharmProjects\DjangoHomework\venv\lib\site-packages\django\template\loader.py", line 61, in render_to_string
    template = get_template(template_name, using=using)
  File "C:\Users\andre\PycharmProjects\DjangoHomework\venv\lib\site-packages\django\template\loader.py", line 15, in get_template
    return engine.get_template(template_name)
  File "C:\Users\andre\PycharmProjects\DjangoHomework\venv\lib\site-packages\django\template\backends\django.py", line 33, in get_template
    return Template(self.engine.get_template(template_name), self)
  File "C:\Users\andre\PycharmProjects\DjangoHomework\venv\lib\site-packages\django\template\engine.py", line 175, in get_template
    template, origin = self.find_template(template_name)
  File "C:\Users\andre\PycharmProjects\DjangoHomework\venv\lib\site-packages\django\template\engine.py", line 157, in find_template
    template = loader.get_template(name, skip=skip)
  File "C:\Users\andre\PycharmProjects\DjangoHomework\venv\lib\site-packages\django\template\loaders\cached.py", line 57, in get_template
    template = super().get_template(template_name, skip)
  File "C:\Users\andre\PycharmProjects\DjangoHomework\venv\lib\site-packages\django\template\loaders\base.py", line 28, in get_template
    return Template(
  File "C:\Users\andre\PycharmProjects\DjangoHomework\venv\lib\site-packages\django\template\base.py", line 154, in __init__
    self.nodelist = self.compile_nodelist()
  File "C:\Users\andre\PycharmProjects\DjangoHomework\venv\lib\site-packages\django\template\base.py", line 200, in compile_nodelist
    return parser.parse()
  File "C:\Users\andre\PycharmProjects\DjangoHomework\venv\lib\site-packages\django\template\base.py", line 513, in parse
    raise self.error(token, e)
  File "C:\Users\andre\PycharmProjects\DjangoHomework\venv\lib\site-packages\django\template\base.py", line 511, in parse
    compiled_result = compile_func(self, token)
  File "C:\Users\andre\PycharmProjects\DjangoHomework\venv\lib\site-packages\django\template\loader_tags.py", line 293, in do_extends
    nodelist = parser.parse()
  File "C:\Users\andre\PycharmProjects\DjangoHomework\venv\lib\site-packages\django\template\base.py", line 513, in parse
    raise self.error(token, e)
  File "C:\Users\andre\PycharmProjects\DjangoHomework\venv\lib\site-packages\django\template\base.py", line 511, in parse
    compiled_result = compile_func(self, token)
  File "C:\Users\andre\PycharmProjects\DjangoHomework\venv\lib\site-packages\django\template\loader_tags.py", line 232, in do_block
    nodelist = parser.parse(("endblock",))
  File "C:\Users\andre\PycharmProjects\DjangoHomework\venv\lib\site-packages\django\template\base.py", line 513, in parse
    raise self.error(token, e)
  File "C:\Users\andre\PycharmProjects\DjangoHomework\venv\lib\site-packages\django\template\base.py", line 511, in parse
    compiled_result = compile_func(self, token)
  File "C:\Users\andre\PycharmProjects\DjangoHomework\venv\lib\site-packages\django\template\defaulttags.py", line 853, in do_for
    nodelist_loop = parser.parse(
  File "C:\Users\andre\PycharmProjects\DjangoHomework\venv\lib\site-packages\django\template\base.py", line 513, in parse
    raise self.error(token, e)
  File "C:\Users\andre\PycharmProjects\DjangoHomework\venv\lib\site-packages\django\template\base.py", line 511, in parse
    compiled_result = compile_func(self, token)
  File "C:\Users\andre\PycharmProjects\DjangoHomework\venv\lib\site-packages\django\template\defaulttags.py", line 852, in do_for
    sequence = parser.compile_filter(bits[in_index + 1])
  File "C:\Users\andre\PycharmProjects\DjangoHomework\venv\lib\site-packages\django\template\base.py", line 600, in compile_filter
    return FilterExpression(token, self)
  File "C:\Users\andre\PycharmProjects\DjangoHomework\venv\lib\site-packages\django\template\base.py", line 703, in __init__
    raise TemplateSyntaxError(
django.template.exceptions.TemplateSyntaxError: Could not parse the remainder: '()' from 'order.products.all()'
ERROR 2023-09-28 14:50:33,538 basehttp 25220 11012 "GET /orders/4/ HTTP/1.1" 500 193184
INFO 2023-09-28 15:01:04,956 autoreload 31816 24492 Watching for file changes with StatReloader
ERROR 2023-09-28 15:01:08,928 log 31816 29452 Internal Server Error: /orders/4/
Traceback (most recent call last):
  File "C:\Users\andre\PycharmProjects\DjangoHomework\venv\lib\site-packages\django\core\handlers\exception.py", line 55, in inner
    response = get_response(request)
  File "C:\Users\andre\PycharmProjects\DjangoHomework\venv\lib\site-packages\django\core\handlers\base.py", line 197, in _get_response
    response = wrapped_callback(request, *callback_args, **callback_kwargs)
  File "C:\Users\andre\PycharmProjects\DjangoHomework\myproject\myapp\views.py", line 27, in orders
    return render(request, 'myapp/orders.html', context)
  File "C:\Users\andre\PycharmProjects\DjangoHomework\venv\lib\site-packages\django\shortcuts.py", line 24, in render
    content = loader.render_to_string(template_name, context, request, using=using)
  File "C:\Users\andre\PycharmProjects\DjangoHomework\venv\lib\site-packages\django\template\loader.py", line 62, in render_to_string
    return template.render(context, request)
  File "C:\Users\andre\PycharmProjects\DjangoHomework\venv\lib\site-packages\django\template\backends\django.py", line 61, in render
    return self.template.render(context)
  File "C:\Users\andre\PycharmProjects\DjangoHomework\venv\lib\site-packages\django\template\base.py", line 175, in render
    return self._render(context)
  File "C:\Users\andre\PycharmProjects\DjangoHomework\venv\lib\site-packages\django\template\base.py", line 167, in _render
    return self.nodelist.render(context)
  File "C:\Users\andre\PycharmProjects\DjangoHomework\venv\lib\site-packages\django\template\base.py", line 1005, in render
    return SafeString("".join([node.render_annotated(context) for node in self]))
  File "C:\Users\andre\PycharmProjects\DjangoHomework\venv\lib\site-packages\django\template\base.py", line 1005, in <listcomp>
    return SafeString("".join([node.render_annotated(context) for node in self]))
  File "C:\Users\andre\PycharmProjects\DjangoHomework\venv\lib\site-packages\django\template\base.py", line 966, in render_annotated
    return self.render(context)
  File "C:\Users\andre\PycharmProjects\DjangoHomework\venv\lib\site-packages\django\template\loader_tags.py", line 157, in render
    return compiled_parent._render(context)
  File "C:\Users\andre\PycharmProjects\DjangoHomework\venv\lib\site-packages\django\template\base.py", line 167, in _render
    return self.nodelist.render(context)
  File "C:\Users\andre\PycharmProjects\DjangoHomework\venv\lib\site-packages\django\template\base.py", line 1005, in render
    return SafeString("".join([node.render_annotated(context) for node in self]))
  File "C:\Users\andre\PycharmProjects\DjangoHomework\venv\lib\site-packages\django\template\base.py", line 1005, in <listcomp>
    return SafeString("".join([node.render_annotated(context) for node in self]))
  File "C:\Users\andre\PycharmProjects\DjangoHomework\venv\lib\site-packages\django\template\base.py", line 966, in render_annotated
    return self.render(context)
  File "C:\Users\andre\PycharmProjects\DjangoHomework\venv\lib\site-packages\django\template\loader_tags.py", line 63, in render
    result = block.nodelist.render(context)
  File "C:\Users\andre\PycharmProjects\DjangoHomework\venv\lib\site-packages\django\template\base.py", line 1005, in render
    return SafeString("".join([node.render_annotated(context) for node in self]))
  File "C:\Users\andre\PycharmProjects\DjangoHomework\venv\lib\site-packages\django\template\base.py", line 1005, in <listcomp>
    return SafeString("".join([node.render_annotated(context) for node in self]))
  File "C:\Users\andre\PycharmProjects\DjangoHomework\venv\lib\site-packages\django\template\base.py", line 966, in render_annotated
    return self.render(context)
  File "C:\Users\andre\PycharmProjects\DjangoHomework\venv\lib\site-packages\django\template\defaulttags.py", line 238, in render
    nodelist.append(node.render_annotated(context))
  File "C:\Users\andre\PycharmProjects\DjangoHomework\venv\lib\site-packages\django\template\base.py", line 966, in render_annotated
    return self.render(context)
  File "C:\Users\andre\PycharmProjects\DjangoHomework\venv\lib\site-packages\django\template\defaulttags.py", line 193, in render
    values = list(values)
TypeError: 'ManyRelatedManager' object is not iterable
ERROR 2023-09-28 15:01:08,934 basehttp 31816 29452 "GET /orders/4/ HTTP/1.1" 500 157926
INFO 2023-09-28 15:01:33,827 autoreload 29840 20016 Watching for file changes with StatReloader
ERROR 2023-09-28 15:01:35,837 log 29840 25556 Internal Server Error: /orders/4/
Traceback (most recent call last):
  File "C:\Users\andre\PycharmProjects\DjangoHomework\venv\lib\site-packages\django\core\handlers\exception.py", line 55, in inner
    response = get_response(request)
  File "C:\Users\andre\PycharmProjects\DjangoHomework\venv\lib\site-packages\django\core\handlers\base.py", line 197, in _get_response
    response = wrapped_callback(request, *callback_args, **callback_kwargs)
  File "C:\Users\andre\PycharmProjects\DjangoHomework\myproject\myapp\views.py", line 27, in orders
    return render(request, 'myapp/orders.html', context)
  File "C:\Users\andre\PycharmProjects\DjangoHomework\venv\lib\site-packages\django\shortcuts.py", line 24, in render
    content = loader.render_to_string(template_name, context, request, using=using)
  File "C:\Users\andre\PycharmProjects\DjangoHomework\venv\lib\site-packages\django\template\loader.py", line 61, in render_to_string
    template = get_template(template_name, using=using)
  File "C:\Users\andre\PycharmProjects\DjangoHomework\venv\lib\site-packages\django\template\loader.py", line 15, in get_template
    return engine.get_template(template_name)
  File "C:\Users\andre\PycharmProjects\DjangoHomework\venv\lib\site-packages\django\template\backends\django.py", line 33, in get_template
    return Template(self.engine.get_template(template_name), self)
  File "C:\Users\andre\PycharmProjects\DjangoHomework\venv\lib\site-packages\django\template\engine.py", line 175, in get_template
    template, origin = self.find_template(template_name)
  File "C:\Users\andre\PycharmProjects\DjangoHomework\venv\lib\site-packages\django\template\engine.py", line 157, in find_template
    template = loader.get_template(name, skip=skip)
  File "C:\Users\andre\PycharmProjects\DjangoHomework\venv\lib\site-packages\django\template\loaders\cached.py", line 57, in get_template
    template = super().get_template(template_name, skip)
  File "C:\Users\andre\PycharmProjects\DjangoHomework\venv\lib\site-packages\django\template\loaders\base.py", line 28, in get_template
    return Template(
  File "C:\Users\andre\PycharmProjects\DjangoHomework\venv\lib\site-packages\django\template\base.py", line 154, in __init__
    self.nodelist = self.compile_nodelist()
  File "C:\Users\andre\PycharmProjects\DjangoHomework\venv\lib\site-packages\django\template\base.py", line 200, in compile_nodelist
    return parser.parse()
  File "C:\Users\andre\PycharmProjects\DjangoHomework\venv\lib\site-packages\django\template\base.py", line 513, in parse
    raise self.error(token, e)
  File "C:\Users\andre\PycharmProjects\DjangoHomework\venv\lib\site-packages\django\template\base.py", line 511, in parse
    compiled_result = compile_func(self, token)
  File "C:\Users\andre\PycharmProjects\DjangoHomework\venv\lib\site-packages\django\template\loader_tags.py", line 293, in do_extends
    nodelist = parser.parse()
  File "C:\Users\andre\PycharmProjects\DjangoHomework\venv\lib\site-packages\django\template\base.py", line 513, in parse
    raise self.error(token, e)
  File "C:\Users\andre\PycharmProjects\DjangoHomework\venv\lib\site-packages\django\template\base.py", line 511, in parse
    compiled_result = compile_func(self, token)
  File "C:\Users\andre\PycharmProjects\DjangoHomework\venv\lib\site-packages\django\template\loader_tags.py", line 232, in do_block
    nodelist = parser.parse(("endblock",))
  File "C:\Users\andre\PycharmProjects\DjangoHomework\venv\lib\site-packages\django\template\base.py", line 513, in parse
    raise self.error(token, e)
  File "C:\Users\andre\PycharmProjects\DjangoHomework\venv\lib\site-packages\django\template\base.py", line 511, in parse
    compiled_result = compile_func(self, token)
  File "C:\Users\andre\PycharmProjects\DjangoHomework\venv\lib\site-packages\django\template\defaulttags.py", line 853, in do_for
    nodelist_loop = parser.parse(
  File "C:\Users\andre\PycharmProjects\DjangoHomework\venv\lib\site-packages\django\template\base.py", line 513, in parse
    raise self.error(token, e)
  File "C:\Users\andre\PycharmProjects\DjangoHomework\venv\lib\site-packages\django\template\base.py", line 511, in parse
    compiled_result = compile_func(self, token)
  File "C:\Users\andre\PycharmProjects\DjangoHomework\venv\lib\site-packages\django\template\defaulttags.py", line 852, in do_for
    sequence = parser.compile_filter(bits[in_index + 1])
  File "C:\Users\andre\PycharmProjects\DjangoHomework\venv\lib\site-packages\django\template\base.py", line 600, in compile_filter
    return FilterExpression(token, self)
  File "C:\Users\andre\PycharmProjects\DjangoHomework\venv\lib\site-packages\django\template\base.py", line 703, in __init__
    raise TemplateSyntaxError(
django.template.exceptions.TemplateSyntaxError: Could not parse the remainder: '()' from 'order.products.all()'
ERROR 2023-09-28 15:01:35,844 basehttp 29840 25556 "GET /orders/4/ HTTP/1.1" 500 193119
INFO 2023-09-28 15:01:54,934 autoreload 29272 3580 Watching for file changes with StatReloader
INFO 2023-09-28 15:01:57,000 basehttp 29272 18292 "GET /orders/4/ HTTP/1.1" 200 1069
INFO 2023-09-28 15:02:33,061 basehttp 29272 24428 "GET /orders/9/ HTTP/1.1" 200 782
INFO 2023-09-28 15:33:30,313 autoreload 32660 16508 Watching for file changes with StatReloader
INFO 2023-09-28 15:33:43,020 basehttp 32660 32036 "GET /orders/1/ HTTP/1.1" 200 501
INFO 2023-09-28 15:36:51,129 basehttp 32660 14748 "GET /orders/1/ HTTP/1.1" 200 543
INFO 2023-09-28 15:36:52,480 basehttp 32660 14748 "GET /orders/1/ HTTP/1.1" 200 543
INFO 2023-09-28 15:36:54,349 basehttp 32660 14748 "GET /orders/1/ HTTP/1.1" 200 543
INFO 2023-09-28 15:37:24,688 basehttp 32660 17596 "GET /orders/1/ HTTP/1.1" 200 536
INFO 2023-09-28 15:38:08,934 basehttp 32660 16708 "GET /orders/1/ HTTP/1.1" 200 555
INFO 2023-09-28 15:38:22,627 basehttp 32660 30568 "GET /orders/1/ HTTP/1.1" 200 556
INFO 2023-09-28 15:38:34,667 basehttp 32660 15804 "GET /orders/1/ HTTP/1.1" 200 555
INFO 2023-09-28 15:39:14,512 basehttp 32660 1204 "GET /orders/1/ HTTP/1.1" 200 549
INFO 2023-09-28 15:39:32,185 basehttp 32660 10048 "GET /orders/1/ HTTP/1.1" 200 548
INFO 2023-09-28 15:41:39,963 basehttp 32660 26176 "GET /orders/1/ HTTP/1.1" 200 561
INFO 2023-09-28 15:41:48,084 basehttp 32660 16676 "GET /orders/1/ HTTP/1.1" 200 550
INFO 2023-09-28 15:41:55,207 basehttp 32660 16676 "GET /orders/1/ HTTP/1.1" 200 561
INFO 2023-09-28 16:05:29,965 autoreload 30940 31552 Watching for file changes with StatReloader
INFO 2023-09-28 16:05:32,115 basehttp 30940 22120 "GET /orders/2/ HTTP/1.1" 200 561
INFO 2023-09-28 16:05:39,434 basehttp 30940 22120 "GET /orders/3/ HTTP/1.1" 200 561
INFO 2023-09-28 16:06:33,722 autoreload 32156 25408 Watching for file changes with StatReloader
INFO 2023-09-28 16:06:39,326 basehttp 32156 7860 "GET /orders/1/ HTTP/1.1" 200 842
INFO 2023-09-28 16:08:54,940 basehttp 32156 7860 "GET /orders/1/ HTTP/1.1" 200 936
INFO 2023-09-28 16:10:24,718 autoreload 21632 17680 Watching for file changes with StatReloader
INFO 2023-09-28 16:10:26,233 basehttp 21632 29056 "GET /orders/1/ HTTP/1.1" 200 1303
INFO 2023-09-28 16:56:49,510 autoreload 21576 16948 Watching for file changes with StatReloader
INFO 2023-09-28 16:56:51,983 basehttp 21576 31412 "GET /orders/1/ HTTP/1.1" 200 1670
INFO 2023-09-28 17:02:36,532 autoreload 25004 10728 Watching for file changes with StatReloader
INFO 2023-09-28 17:02:56,965 basehttp 25004 17416 "GET /orders/1/ HTTP/1.1" 200 1790
INFO 2023-09-28 17:03:23,330 autoreload 25004 10728 C:\Users\andre\PycharmProjects\DjangoHomework\myproject\myapp\models.py changed, reloading.
INFO 2023-09-28 17:03:24,100 autoreload 25612 31900 Watching for file changes with StatReloader
INFO 2023-09-28 17:03:24,374 basehttp 25612 11516 "GET /orders/1/ HTTP/1.1" 200 1670
INFO 2023-09-28 17:45:56,325 basehttp 25612 11716 "GET /orders/2 HTTP/1.1" 301 0
INFO 2023-09-28 17:45:56,346 basehttp 25612 23712 "GET /orders/2/ HTTP/1.1" 200 624
INFO 2023-09-28 17:46:02,304 basehttp 25612 14820 "GET /orders/3/ HTTP/1.1" 200 624
INFO 2023-09-28 17:46:08,351 basehttp 25612 14820 "GET /orders/4/ HTTP/1.1" 200 312
INFO 2023-09-28 17:46:23,228 basehttp 25612 1984 "GET /orders/3/ HTTP/1.1" 200 624
INFO 2023-09-28 17:46:53,298 basehttp 25612 24016 "GET /orders/1/ HTTP/1.1" 200 1670
INFO 2023-09-28 17:47:18,854 basehttp 25612 8648 "GET /orders/2/ HTTP/1.1" 200 624
INFO 2023-09-28 17:47:23,226 basehttp 25612 6080 "GET /orders/23 HTTP/1.1" 301 0
WARNING 2023-09-28 17:47:23,247 log 25612 7268 Not Found: /orders/23/
WARNING 2023-09-28 17:47:23,248 basehttp 25612 7268 "GET /orders/23/ HTTP/1.1" 404 2781
INFO 2023-09-28 17:47:36,727 basehttp 25612 4672 "GET /orders/3/ HTTP/1.1" 200 624
INFO 2023-09-28 20:12:53,511 basehttp 25612 1480 "GET /orders/4/ HTTP/1.1" 200 312
INFO 2023-09-28 20:12:58,038 basehttp 25612 1480 "GET /orders/42 HTTP/1.1" 301 0
WARNING 2023-09-28 20:12:58,054 log 25612 30200 Not Found: /orders/42/
WARNING 2023-09-28 20:12:58,054 basehttp 25612 30200 "GET /orders/42/ HTTP/1.1" 404 2781
INFO 2023-09-28 20:13:02,702 basehttp 25612 7144 "GET /orders/2/ HTTP/1.1" 200 624
INFO 2023-09-28 20:13:06,986 basehttp 25612 7144 "GET /orders/1/ HTTP/1.1" 200 1670
INFO 2023-09-28 20:15:11,953 autoreload 31552 21864 Watching for file changes with StatReloader
INFO 2023-09-28 20:15:27,054 basehttp 31552 23896 "GET /orders/2/ HTTP/1.1" 200 624
INFO 2023-09-28 20:15:32,185 basehttp 31552 23896 "GET /orders/1/ HTTP/1.1" 200 1670
INFO 2023-09-28 20:17:23,655 basehttp 31552 23896 "GET /orders/2/ HTTP/1.1" 200 624
INFO 2023-09-28 20:23:06,421 autoreload 31552 21864 C:\Users\andre\PycharmProjects\DjangoHomework\myproject\myapp\views.py changed, reloading.
INFO 2023-09-28 20:23:07,247 autoreload 2336 32172 Watching for file changes with StatReloader
INFO 2023-09-28 20:23:08,692 basehttp 2336 7264 "GET /orders/2/ HTTP/1.1" 200 668
INFO 2023-09-28 20:23:17,628 basehttp 2336 7264 "GET /orders/1/ HTTP/1.1" 200 1714
INFO 2023-09-28 20:26:52,229 autoreload 2336 32172 C:\Users\andre\PycharmProjects\DjangoHomework\myproject\myapp\views.py changed, reloading.
INFO 2023-09-28 20:26:53,067 autoreload 24172 17772 Watching for file changes with StatReloader
INFO 2023-09-28 21:03:06,307 autoreload 22104 24920 Watching for file changes with StatReloader
INFO 2023-09-28 21:07:24,923 autoreload 26784 12332 Watching for file changes with StatReloader
INFO 2023-09-28 21:07:55,509 basehttp 26784 24204 "GET /order_last_days/1/ HTTP/1.1" 200 815
INFO 2023-09-28 21:09:41,044 autoreload 26784 12332 C:\Users\andre\PycharmProjects\DjangoHomework\myproject\myapp\views.py changed, reloading.
INFO 2023-09-28 21:09:41,933 autoreload 23632 32412 Watching for file changes with StatReloader
INFO 2023-09-28 21:09:42,279 basehttp 23632 8836 "GET /order_last_days/1/ HTTP/1.1" 200 808
INFO 2023-09-28 21:10:06,641 basehttp 23632 8836 "GET /order_last_days/2/ HTTP/1.1" 200 574
INFO 2023-09-28 21:10:29,587 basehttp 23632 8836 "GET /order_last_days/3/ HTTP/1.1" 200 574
INFO 2023-09-28 21:32:56,134 autoreload 16096 10996 Watching for file changes with StatReloader
WARNING 2023-09-28 21:33:03,154 log 16096 25280 Not Found: /order/3/
WARNING 2023-09-28 21:33:03,154 basehttp 16096 25280 "GET /order/3/ HTTP/1.1" 404 2828
INFO 2023-09-28 21:33:14,650 basehttp 16096 25280 "GET /orders/3/ HTTP/1.1" 200 668
INFO 2023-09-28 21:33:21,606 basehttp 16096 25280 "GET /orders/4/ HTTP/1.1" 200 723
INFO 2023-09-28 21:33:50,594 autoreload 20780 30932 Watching for file changes with StatReloader
INFO 2023-09-28 21:33:54,057 basehttp 20780 27160 "GET /orders/4/ HTTP/1.1" 200 1090
INFO 2023-09-28 21:34:44,322 basehttp 20780 27160 "GET /orders/1/ HTTP/1.1" 200 1714
WARNING 2023-09-28 21:40:10,344 log 20780 10928 Not Found: /orders_last_days/1/
WARNING 2023-09-28 21:40:10,346 basehttp 20780 10928 "GET /orders_last_days/1/ HTTP/1.1" 404 2861
INFO 2023-09-28 21:40:51,557 basehttp 20780 10928 "GET /orders/1/ HTTP/1.1" 200 1714
INFO 2023-09-28 21:41:18,672 basehttp 20780 10928 "GET /order_last_days/1/ HTTP/1.1" 200 808
INFO 2023-09-29 14:25:17,106 autoreload 17468 13024 Watching for file changes with StatReloader
INFO 2023-09-29 14:25:30,388 basehttp 17468 18860 "GET / HTTP/1.1" 200 245
INFO 2023-09-29 14:25:42,750 basehttp 17468 18860 "GET /orders/1/ HTTP/1.1" 200 1714
INFO 2023-09-29 14:26:05,077 autoreload 17468 13024 C:\Users\andre\PycharmProjects\DjangoHomework\myproject\myapp\models.py changed, reloading.
INFO 2023-09-29 14:26:05,975 autoreload 29544 29340 Watching for file changes with StatReloader
INFO 2023-09-29 14:26:08,478 basehttp 29544 30560 "GET /orders/2/ HTTP/1.1" 200 668
INFO 2023-09-29 14:57:17,188 autoreload 12576 23348 Watching for file changes with StatReloader
INFO 2023-09-29 14:57:56,674 basehttp 12576 30220 "GET / HTTP/1.1" 200 245
INFO 2023-09-29 14:58:14,985 basehttp 12576 30220 "GET /user/add/ HTTP/1.1" 200 1003
INFO 2023-09-29 14:59:02,830 autoreload 12576 23348 C:\Users\andre\PycharmProjects\DjangoHomework\myproject\myapp\views.py changed, reloading.
INFO 2023-09-29 14:59:03,629 autoreload 25824 26052 Watching for file changes with StatReloader
INFO 2023-09-29 14:59:05,679 basehttp 25824 24988 "GET /user/add/ HTTP/1.1" 200 1001
INFO 2023-09-29 14:59:35,179 basehttp 25824 24988 "POST /user/add/ HTTP/1.1" 200 1148
ERROR 2023-09-29 15:01:26,852 log 25824 24988 Internal Server Error: /user/add/
Traceback (most recent call last):
  File "C:\Users\andre\PycharmProjects\DjangoHomework\venv\lib\site-packages\django\db\utils.py", line 98, in inner
    return func(*args, **kwargs)
sqlite3.OperationalError: database is locked

The above exception was the direct cause of the following exception:

Traceback (most recent call last):
  File "C:\Users\andre\PycharmProjects\DjangoHomework\venv\lib\site-packages\django\core\handlers\exception.py", line 55, in inner
    response = get_response(request)
  File "C:\Users\andre\PycharmProjects\DjangoHomework\venv\lib\site-packages\django\core\handlers\base.py", line 197, in _get_response
    response = wrapped_callback(request, *callback_args, **callback_kwargs)
  File "C:\Users\andre\PycharmProjects\DjangoHomework\myproject\myapp\views.py", line 66, in add_user
    user.save()
  File "C:\Users\andre\PycharmProjects\DjangoHomework\venv\lib\site-packages\django\db\models\base.py", line 814, in save
    self.save_base(
  File "C:\Users\andre\PycharmProjects\DjangoHomework\venv\lib\site-packages\django\db\models\base.py", line 877, in save_base
    updated = self._save_table(
  File "C:\Users\andre\PycharmProjects\DjangoHomework\venv\lib\site-packages\django\db\models\base.py", line 1020, in _save_table
    results = self._do_insert(
  File "C:\Users\andre\PycharmProjects\DjangoHomework\venv\lib\site-packages\django\db\models\base.py", line 1061, in _do_insert
    return manager._insert(
  File "C:\Users\andre\PycharmProjects\DjangoHomework\venv\lib\site-packages\django\db\models\manager.py", line 87, in manager_method
    return getattr(self.get_queryset(), name)(*args, **kwargs)
  File "C:\Users\andre\PycharmProjects\DjangoHomework\venv\lib\site-packages\django\db\models\query.py", line 1805, in _insert
    return query.get_compiler(using=using).execute_sql(returning_fields)
  File "C:\Users\andre\PycharmProjects\DjangoHomework\venv\lib\site-packages\django\db\models\sql\compiler.py", line 1833, in execute_sql
    self.connection.ops.fetch_returned_insert_columns(
  File "C:\Users\andre\PycharmProjects\DjangoHomework\venv\lib\site-packages\django\db\backends\base\operations.py", line 213, in fetch_returned_insert_columns
    return cursor.fetchone()
  File "C:\Users\andre\PycharmProjects\DjangoHomework\venv\lib\site-packages\django\db\utils.py", line 97, in inner
    with self:
  File "C:\Users\andre\PycharmProjects\DjangoHomework\venv\lib\site-packages\django\db\utils.py", line 91, in __exit__
    raise dj_exc_value.with_traceback(traceback) from exc_value
  File "C:\Users\andre\PycharmProjects\DjangoHomework\venv\lib\site-packages\django\db\utils.py", line 98, in inner
    return func(*args, **kwargs)
django.db.utils.OperationalError: database is locked
ERROR 2023-09-29 15:01:26,869 basehttp 25824 24988 "POST /user/add/ HTTP/1.1" 500 125608
INFO 2023-09-29 15:01:26,888 basehttp 25824 24988 - Broken pipe from ('127.0.0.1', 50789)
WARNING 2023-09-29 15:01:35,338 log 25824 30212 Not Found: /user/ad
WARNING 2023-09-29 15:01:35,338 basehttp 25824 30212 "GET /user/ad HTTP/1.1" 404 2998
INFO 2023-09-29 15:01:41,482 basehttp 25824 30212 "GET /user/add/ HTTP/1.1" 200 1001
ERROR 2023-09-29 15:02:59,102 log 25824 30212 Internal Server Error: /user/add/
Traceback (most recent call last):
  File "C:\Users\andre\PycharmProjects\DjangoHomework\venv\lib\site-packages\django\db\utils.py", line 98, in inner
    return func(*args, **kwargs)
sqlite3.OperationalError: database is locked

The above exception was the direct cause of the following exception:

Traceback (most recent call last):
  File "C:\Users\andre\PycharmProjects\DjangoHomework\venv\lib\site-packages\django\core\handlers\exception.py", line 55, in inner
    response = get_response(request)
  File "C:\Users\andre\PycharmProjects\DjangoHomework\venv\lib\site-packages\django\core\handlers\base.py", line 197, in _get_response
    response = wrapped_callback(request, *callback_args, **callback_kwargs)
  File "C:\Users\andre\PycharmProjects\DjangoHomework\myproject\myapp\views.py", line 66, in add_user
    user.save()
  File "C:\Users\andre\PycharmProjects\DjangoHomework\venv\lib\site-packages\django\db\models\base.py", line 814, in save
    self.save_base(
  File "C:\Users\andre\PycharmProjects\DjangoHomework\venv\lib\site-packages\django\db\models\base.py", line 877, in save_base
    updated = self._save_table(
  File "C:\Users\andre\PycharmProjects\DjangoHomework\venv\lib\site-packages\django\db\models\base.py", line 1020, in _save_table
    results = self._do_insert(
  File "C:\Users\andre\PycharmProjects\DjangoHomework\venv\lib\site-packages\django\db\models\base.py", line 1061, in _do_insert
    return manager._insert(
  File "C:\Users\andre\PycharmProjects\DjangoHomework\venv\lib\site-packages\django\db\models\manager.py", line 87, in manager_method
    return getattr(self.get_queryset(), name)(*args, **kwargs)
  File "C:\Users\andre\PycharmProjects\DjangoHomework\venv\lib\site-packages\django\db\models\query.py", line 1805, in _insert
    return query.get_compiler(using=using).execute_sql(returning_fields)
  File "C:\Users\andre\PycharmProjects\DjangoHomework\venv\lib\site-packages\django\db\models\sql\compiler.py", line 1833, in execute_sql
    self.connection.ops.fetch_returned_insert_columns(
  File "C:\Users\andre\PycharmProjects\DjangoHomework\venv\lib\site-packages\django\db\backends\base\operations.py", line 213, in fetch_returned_insert_columns
    return cursor.fetchone()
  File "C:\Users\andre\PycharmProjects\DjangoHomework\venv\lib\site-packages\django\db\utils.py", line 97, in inner
    with self:
  File "C:\Users\andre\PycharmProjects\DjangoHomework\venv\lib\site-packages\django\db\utils.py", line 91, in __exit__
    raise dj_exc_value.with_traceback(traceback) from exc_value
  File "C:\Users\andre\PycharmProjects\DjangoHomework\venv\lib\site-packages\django\db\utils.py", line 98, in inner
    return func(*args, **kwargs)
django.db.utils.OperationalError: database is locked
ERROR 2023-09-29 15:02:59,107 basehttp 25824 30212 "POST /user/add/ HTTP/1.1" 500 125401
ERROR 2023-09-29 15:03:04,606 log 25824 23792 Internal Server Error: /user/add/
Traceback (most recent call last):
  File "C:\Users\andre\PycharmProjects\DjangoHomework\venv\lib\site-packages\django\db\utils.py", line 98, in inner
    return func(*args, **kwargs)
sqlite3.OperationalError: database is locked

The above exception was the direct cause of the following exception:

Traceback (most recent call last):
  File "C:\Users\andre\PycharmProjects\DjangoHomework\venv\lib\site-packages\django\core\handlers\exception.py", line 55, in inner
    response = get_response(request)
  File "C:\Users\andre\PycharmProjects\DjangoHomework\venv\lib\site-packages\django\core\handlers\base.py", line 197, in _get_response
    response = wrapped_callback(request, *callback_args, **callback_kwargs)
  File "C:\Users\andre\PycharmProjects\DjangoHomework\myproject\myapp\views.py", line 66, in add_user
    user.save()
  File "C:\Users\andre\PycharmProjects\DjangoHomework\venv\lib\site-packages\django\db\models\base.py", line 814, in save
    self.save_base(
  File "C:\Users\andre\PycharmProjects\DjangoHomework\venv\lib\site-packages\django\db\models\base.py", line 877, in save_base
    updated = self._save_table(
  File "C:\Users\andre\PycharmProjects\DjangoHomework\venv\lib\site-packages\django\db\models\base.py", line 1020, in _save_table
    results = self._do_insert(
  File "C:\Users\andre\PycharmProjects\DjangoHomework\venv\lib\site-packages\django\db\models\base.py", line 1061, in _do_insert
    return manager._insert(
  File "C:\Users\andre\PycharmProjects\DjangoHomework\venv\lib\site-packages\django\db\models\manager.py", line 87, in manager_method
    return getattr(self.get_queryset(), name)(*args, **kwargs)
  File "C:\Users\andre\PycharmProjects\DjangoHomework\venv\lib\site-packages\django\db\models\query.py", line 1805, in _insert
    return query.get_compiler(using=using).execute_sql(returning_fields)
  File "C:\Users\andre\PycharmProjects\DjangoHomework\venv\lib\site-packages\django\db\models\sql\compiler.py", line 1833, in execute_sql
    self.connection.ops.fetch_returned_insert_columns(
  File "C:\Users\andre\PycharmProjects\DjangoHomework\venv\lib\site-packages\django\db\backends\base\operations.py", line 213, in fetch_returned_insert_columns
    return cursor.fetchone()
  File "C:\Users\andre\PycharmProjects\DjangoHomework\venv\lib\site-packages\django\db\utils.py", line 97, in inner
    with self:
  File "C:\Users\andre\PycharmProjects\DjangoHomework\venv\lib\site-packages\django\db\utils.py", line 91, in __exit__
    raise dj_exc_value.with_traceback(traceback) from exc_value
  File "C:\Users\andre\PycharmProjects\DjangoHomework\venv\lib\site-packages\django\db\utils.py", line 98, in inner
    return func(*args, **kwargs)
django.db.utils.OperationalError: database is locked
ERROR 2023-09-29 15:03:04,621 basehttp 25824 23792 "POST /user/add/ HTTP/1.1" 500 125401
INFO 2023-09-29 15:03:27,140 autoreload 2252 23576 Watching for file changes with StatReloader
WARNING 2023-09-29 15:03:39,919 log 2252 26800 Not Found: /user/ad
WARNING 2023-09-29 15:03:39,934 basehttp 2252 26800 "GET /user/ad HTTP/1.1" 404 2998
INFO 2023-09-29 15:03:44,435 basehttp 2252 26800 "GET /user/add/ HTTP/1.1" 200 1001
INFO 2023-09-29 15:04:22,457 basehttp 2252 26800 "POST /user/add/ HTTP/1.1" 200 1165
INFO 2023-09-29 15:51:53,525 autoreload 2252 23576 C:\Users\andre\PycharmProjects\DjangoHomework\myproject\myapp\views.py changed, reloading.
INFO 2023-09-29 15:51:54,878 autoreload 27132 26500 Watching for file changes with StatReloader
WARNING 2023-09-29 15:51:57,382 log 27132 22136 Not Found: /user/ad
WARNING 2023-09-29 15:51:57,382 basehttp 27132 22136 "GET /user/ad HTTP/1.1" 404 2998
INFO 2023-09-29 15:52:04,950 basehttp 27132 22136 "GET /user/add/ HTTP/1.1" 200 1001
ERROR 2023-09-29 15:52:16,183 log 27132 22136 Internal Server Error: /user/add/
Traceback (most recent call last):
  File "C:\Users\andre\PycharmProjects\DjangoHomework\venv\lib\site-packages\django\core\handlers\exception.py", line 55, in inner
    response = get_response(request)
  File "C:\Users\andre\PycharmProjects\DjangoHomework\venv\lib\site-packages\django\core\handlers\base.py", line 204, in _get_response
    self.check_response(response, callback)
  File "C:\Users\andre\PycharmProjects\DjangoHomework\venv\lib\site-packages\django\core\handlers\base.py", line 332, in check_response
    raise ValueError(
ValueError: The view myapp.views.add_user didn't return an HttpResponse object. It returned None instead.
ERROR 2023-09-29 15:52:16,185 basehttp 27132 22136 "POST /user/add/ HTTP/1.1" 500 67051
INFO 2023-09-29 15:52:47,929 autoreload 27132 26500 C:\Users\andre\PycharmProjects\DjangoHomework\myproject\myapp\views.py changed, reloading.
INFO 2023-09-29 15:52:48,650 autoreload 12516 20720 Watching for file changes with StatReloader
WARNING 2023-09-29 15:52:52,110 log 12516 19668 Not Found: /user/ad
WARNING 2023-09-29 15:52:52,110 basehttp 12516 19668 "GET /user/ad HTTP/1.1" 404 2998
INFO 2023-09-29 15:52:55,825 basehttp 12516 19668 "GET /user/add/ HTTP/1.1" 200 1001
INFO 2023-09-29 15:53:01,862 basehttp 12516 19668 "POST /user/add/ HTTP/1.1" 200 1113
INFO 2023-09-29 15:53:27,350 autoreload 12516 20720 C:\Users\andre\PycharmProjects\DjangoHomework\myproject\myapp\views.py changed, reloading.
INFO 2023-09-29 15:53:28,527 autoreload 22704 24624 Watching for file changes with StatReloader
INFO 2023-09-29 15:53:42,699 basehttp 22704 4680 "POST /user/add/ HTTP/1.1" 200 1113
INFO 2023-09-29 16:09:33,356 autoreload 22704 24624 C:\Users\andre\PycharmProjects\DjangoHomework\myproject\myapp\forms.py changed, reloading.
INFO 2023-09-29 16:09:34,263 autoreload 24396 20352 Watching for file changes with StatReloader
INFO 2023-09-29 16:11:25,444 autoreload 24396 20352 C:\Users\andre\PycharmProjects\DjangoHomework\myproject\myapp\views.py changed, reloading.
INFO 2023-09-29 16:11:26,398 autoreload 10448 30960 Watching for file changes with StatReloader
INFO 2023-09-29 16:16:11,808 autoreload 10448 30960 C:\Users\andre\PycharmProjects\DjangoHomework\myproject\myapp\views.py changed, reloading.
INFO 2023-09-29 16:16:12,622 autoreload 11548 30968 Watching for file changes with StatReloader
INFO 2023-09-29 16:17:17,573 autoreload 31988 17960 Watching for file changes with StatReloader
INFO 2023-09-29 16:19:00,546 autoreload 31988 17960 C:\Users\andre\PycharmProjects\DjangoHomework\myproject\myapp\urls.py changed, reloading.
INFO 2023-09-29 16:19:01,185 autoreload 25284 32480 Watching for file changes with StatReloader
INFO 2023-09-29 16:19:04,786 basehttp 25284 3788 "GET /user/add/ HTTP/1.1" 200 1001
INFO 2023-09-29 16:19:20,764 basehttp 25284 3788 "GET /product/add/ HTTP/1.1" 200 1014
INFO 2023-09-29 16:20:26,688 basehttp 25284 3788 "GET /product/add/ HTTP/1.1" 200 1002
INFO 2023-09-29 16:21:57,685 autoreload 25284 32480 C:\Users\andre\PycharmProjects\DjangoHomework\myproject\myapp\views.py changed, reloading.
INFO 2023-09-29 16:21:59,021 autoreload 17580 31804 Watching for file changes with StatReloader
INFO 2023-09-29 16:23:18,416 autoreload 17580 31804 C:\Users\andre\PycharmProjects\DjangoHomework\myproject\myapp\views.py changed, reloading.
INFO 2023-09-29 16:23:19,034 autoreload 22900 13300 Watching for file changes with StatReloader
INFO 2023-09-29 16:23:22,266 basehttp 22900 10992 "GET /product/add/ HTTP/1.1" 200 1002
INFO 2023-09-29 16:23:26,148 basehttp 22900 10992 "GET /product/add/ HTTP/1.1" 200 1002
INFO 2023-09-29 16:23:27,521 basehttp 22900 10992 "GET /product/add/ HTTP/1.1" 200 1002
INFO 2023-09-29 16:23:35,539 basehttp 22900 10992 "GET /user/add/ HTTP/1.1" 200 1001
INFO 2023-09-29 16:23:42,822 basehttp 22900 10992 "GET /product/add/ HTTP/1.1" 200 1002
INFO 2023-09-29 16:24:27,208 autoreload 22900 13300 C:\Users\andre\PycharmProjects\DjangoHomework\myproject\myapp\views.py changed, reloading.
INFO 2023-09-29 16:24:28,022 autoreload 29712 28116 Watching for file changes with StatReloader
INFO 2023-09-29 16:24:28,354 basehttp 29712 28960 "GET /product/add/ HTTP/1.1" 200 1002
INFO 2023-09-29 16:24:30,156 basehttp 29712 28960 "GET /product/add/ HTTP/1.1" 200 1002
INFO 2023-09-29 16:24:39,864 autoreload 27264 25188 Watching for file changes with StatReloader
INFO 2023-09-29 16:24:47,825 basehttp 27264 21704 "GET /user/add/ HTTP/1.1" 200 1001
INFO 2023-09-29 16:24:53,042 basehttp 27264 21704 "GET /product/add/ HTTP/1.1" 200 1002
INFO 2023-09-29 16:25:28,850 autoreload 27264 25188 C:\Users\andre\PycharmProjects\DjangoHomework\myproject\myapp\views.py changed, reloading.
INFO 2023-09-29 16:25:29,585 autoreload 17756 6872 Watching for file changes with StatReloader
INFO 2023-09-29 16:25:29,964 basehttp 17756 30136 "GET /product/add/ HTTP/1.1" 200 986
INFO 2023-09-29 16:26:20,853 basehttp 17756 30136 "POST /product/add/ HTTP/1.1" 200 1039
INFO 2023-09-29 21:58:20,819 autoreload 29348 20732 Watching for file changes with StatReloader
INFO 2023-09-29 21:58:31,377 basehttp 29348 30052 "GET /user/add/ HTTP/1.1" 200 1001
INFO 2023-09-29 21:58:38,776 basehttp 29348 30052 "GET /product/add/ HTTP/1.1" 200 1182
INFO 2023-09-29 21:59:17,028 basehttp 29348 30052 "GET /product/add/ HTTP/1.1" 200 1201
INFO 2023-09-29 21:59:26,440 basehttp 29348 30052 "GET /product/add/ HTTP/1.1" 200 1200
INFO 2023-09-29 21:59:41,641 basehttp 29348 30052 "GET /product/add/ HTTP/1.1" 200 1213
INFO 2023-09-29 21:59:58,270 basehttp 29348 30052 "GET /product/add/ HTTP/1.1" 200 1214
INFO 2023-09-29 22:00:28,740 basehttp 29348 30052 "GET /product/add/ HTTP/1.1" 200 1233
INFO 2023-09-29 22:00:56,513 basehttp 29348 30052 "GET /product/add/ HTTP/1.1" 200 1213
INFO 2023-09-29 22:01:02,791 basehttp 29348 30052 "GET /product/add/ HTTP/1.1" 200 1214
INFO 2023-09-29 22:01:04,144 basehttp 29348 30052 "GET /product/add/ HTTP/1.1" 200 1214
INFO 2023-09-29 22:01:10,704 basehttp 29348 30052 "GET /product/add/ HTTP/1.1" 200 1200
INFO 2023-09-29 22:01:33,051 basehttp 29348 30052 "GET /product/add/ HTTP/1.1" 200 1226
INFO 2023-09-29 22:02:21,227 basehttp 29348 30052 "GET /product/add/ HTTP/1.1" 200 1230
INFO 2023-09-29 22:02:34,233 basehttp 29348 30052 "GET /product/add/ HTTP/1.1" 200 1226
INFO 2023-09-29 22:04:04,222 basehttp 29348 13080 "GET /product/add/ HTTP/1.1" 200 1238
INFO 2023-09-29 22:04:15,234 basehttp 29348 31448 "GET /product/add/ HTTP/1.1" 200 1251
INFO 2023-10-02 11:08:49,753 autoreload 32496 20736 Watching for file changes with StatReloader
INFO 2023-10-02 11:09:02,843 basehttp 32496 2176 "GET / HTTP/1.1" 200 245
WARNING 2023-10-02 11:09:03,060 log 32496 2176 Not Found: /favicon.ico
WARNING 2023-10-02 11:09:03,061 basehttp 32496 2176 "GET /favicon.ico HTTP/1.1" 404 3189
INFO 2023-10-02 11:09:14,047 basehttp 32496 22664 "GET /product/add/ HTTP/1.1" 200 1436
INFO 2023-10-02 11:09:43,510 basehttp 32496 29752 "POST /product/add/ HTTP/1.1" 200 1546
INFO 2023-10-02 11:15:16,418 basehttp 32496 19088 "POST /product/add/ HTTP/1.1" 200 1546
INFO 2023-10-02 11:42:12,717 autoreload 19304 34440 Watching for file changes with StatReloader
WARNING 2023-10-02 11:42:23,120 log 19304 31144 Not Found: /product/ad
WARNING 2023-10-02 11:42:23,120 basehttp 19304 31144 "GET /product/ad HTTP/1.1" 404 3186
INFO 2023-10-02 11:42:29,803 basehttp 19304 31144 "GET /product/add/ HTTP/1.1" 200 1436
INFO 2023-10-02 11:42:48,870 basehttp 19304 31144 "POST /product/add/ HTTP/1.1" 200 1547
INFO 2023-10-02 11:57:34,472 autoreload 32308 9656 Watching for file changes with StatReloader
INFO 2023-10-02 11:57:44,896 basehttp 32308 23528 "POST /product/add/ HTTP/1.1" 200 1577
WARNING 2023-10-02 11:57:53,938 log 32308 23528 Not Found: /product/ad
WARNING 2023-10-02 11:57:53,938 basehttp 32308 23528 "GET /product/ad HTTP/1.1" 404 3186
INFO 2023-10-02 11:57:58,204 basehttp 32308 23528 "GET /product/add/ HTTP/1.1" 200 1466
INFO 2023-10-02 11:58:11,264 basehttp 32308 23528 "POST /product/add/ HTTP/1.1" 200 1581
INFO 2023-10-02 12:00:38,289 autoreload 32308 9656 C:\Users\andre\PycharmProjects\DjangoHomework\myproject\myapp\views.py changed, reloading.
INFO 2023-10-02 12:00:39,056 autoreload 14500 33744 Watching for file changes with StatReloader
WARNING 2023-10-02 12:00:45,624 log 14500 31036 Not Found: /product/ad
WARNING 2023-10-02 12:00:45,624 basehttp 14500 31036 "GET /product/ad HTTP/1.1" 404 3186
INFO 2023-10-02 12:00:49,842 basehttp 14500 31036 "GET /product/add/ HTTP/1.1" 200 1466
INFO 2023-10-02 12:01:03,981 basehttp 14500 31036 "POST /product/add/ HTTP/1.1" 200 1581
INFO 2023-10-02 12:14:18,593 autoreload 14020 33332 Watching for file changes with StatReloader
INFO 2023-10-02 12:14:19,678 basehttp 14020 3324 "GET /product/add/ HTTP/1.1" 200 1466
INFO 2023-10-02 12:14:26,015 basehttp 14020 3324 "GET /product/add/ HTTP/1.1" 200 1466
INFO 2023-10-02 12:14:35,566 basehttp 14020 3324 "POST /product/add/ HTTP/1.1" 200 1581
INFO 2023-10-02 12:18:32,647 autoreload 29968 23648 Watching for file changes with StatReloader
WARNING 2023-10-02 12:18:40,821 log 29968 12680 Not Found: /product/ad
WARNING 2023-10-02 12:18:40,821 basehttp 29968 12680 "GET /product/ad HTTP/1.1" 404 3186
INFO 2023-10-02 12:18:44,600 basehttp 29968 25052 "GET /product/add/ HTTP/1.1" 200 1466
INFO 2023-10-02 12:19:21,829 basehttp 29968 25052 "POST /product/add/ HTTP/1.1" 200 1574
INFO 2023-10-02 12:27:59,695 basehttp 29968 4496 "POST /product/add/ HTTP/1.1" 200 1564
INFO 2023-10-02 13:46:26,894 autoreload 29968 23648 C:\Users\andre\PycharmProjects\DjangoHomework\myproject\myapp\models.py changed, reloading.
INFO 2023-10-02 13:46:28,028 autoreload 34924 13508 Watching for file changes with StatReloader
INFO 2023-10-02 13:46:32,540 autoreload 19444 21524 Watching for file changes with StatReloader
INFO 2023-10-02 13:46:36,657 basehttp 19444 28556 "GET / HTTP/1.1" 200 245
INFO 2023-10-02 13:46:44,808 basehttp 19444 28556 "GET /product/add/ HTTP/1.1" 200 1466
INFO 2023-10-02 13:47:19,132 basehttp 19444 33584 "POST /product/add/ HTTP/1.1" 200 1577
INFO 2023-10-02 13:49:17,495 autoreload 19444 21524 C:\Users\andre\PycharmProjects\DjangoHomework\myproject\myapp\views.py changed, reloading.
INFO 2023-10-02 13:49:18,218 autoreload 24688 24820 Watching for file changes with StatReloader
INFO 2023-10-02 13:49:20,647 basehttp 24688 31008 "GET / HTTP/1.1" 200 245
INFO 2023-10-02 13:49:24,885 basehttp 24688 31008 "GET /product/add/ HTTP/1.1" 200 1466
INFO 2023-10-02 13:49:49,318 basehttp 24688 31008 "POST /product/add/ HTTP/1.1" 200 1517
INFO 2023-10-02 13:52:09,216 basehttp 24688 31008 "POST /product/add/ HTTP/1.1" 200 1514
INFO 2023-10-02 13:53:19,449 basehttp 24688 31008 "POST /product/add/ HTTP/1.1" 200 1514
INFO 2023-10-02 13:53:59,550 autoreload 24688 24820 C:\Users\andre\PycharmProjects\DjangoHomework\myproject\myapp\models.py changed, reloading.
INFO 2023-10-02 13:54:00,361 autoreload 35208 1508 Watching for file changes with StatReloader
INFO 2023-10-02 13:54:16,622 basehttp 35208 19264 "POST /product/add/ HTTP/1.1" 200 1514
INFO 2023-10-02 13:54:48,294 basehttp 35208 19264 "POST /product/add/ HTTP/1.1" 200 1514
INFO 2023-10-02 13:57:16,570 autoreload 35208 1508 C:\Users\andre\PycharmProjects\DjangoHomework\myproject\myapp\views.py changed, reloading.
INFO 2023-10-02 13:57:17,315 autoreload 11100 30804 Watching for file changes with StatReloader
INFO 2023-10-02 13:57:20,846 basehttp 11100 33904 "GET / HTTP/1.1" 200 245
INFO 2023-10-02 13:57:24,339 basehttp 11100 33904 "GET /product/add/ HTTP/1.1" 200 1466
INFO 2023-10-02 13:57:49,066 basehttp 11100 33904 "POST /product/add/ HTTP/1.1" 200 1514
INFO 2023-10-02 14:16:31,672 basehttp 11100 34992 "POST /product/add/ HTTP/1.1" 200 1514
INFO 2023-10-03 10:34:56,488 autoreload 33172 11756 Watching for file changes with StatReloader
INFO 2023-10-03 10:34:58,362 basehttp 33172 13612 "GET / HTTP/1.1" 200 245
WARNING 2023-10-03 10:34:58,559 log 33172 13612 Not Found: /favicon.ico
WARNING 2023-10-03 10:34:58,559 basehttp 33172 13612 "GET /favicon.ico HTTP/1.1" 404 3189
ERROR 2023-10-03 10:35:04,060 log 33172 17280 Internal Server Error: /admin/
Traceback (most recent call last):
  File "C:\Users\andre\PycharmProjects\DjangoHomework\venv\lib\site-packages\django\contrib\sessions\backends\base.py", line 187, in _get_session
    return self._session_cache
AttributeError: 'SessionStore' object has no attribute '_session_cache'

During handling of the above exception, another exception occurred:

Traceback (most recent call last):
  File "C:\Users\andre\PycharmProjects\DjangoHomework\venv\lib\site-packages\django\db\backends\utils.py", line 89, in _execute
    return self.cursor.execute(sql, params)
  File "C:\Users\andre\PycharmProjects\DjangoHomework\venv\lib\site-packages\django\db\backends\sqlite3\base.py", line 328, in execute
    return super().execute(query, params)
sqlite3.OperationalError: no such table: django_session

The above exception was the direct cause of the following exception:

Traceback (most recent call last):
  File "C:\Users\andre\PycharmProjects\DjangoHomework\venv\lib\site-packages\django\core\handlers\exception.py", line 55, in inner
    response = get_response(request)
  File "C:\Users\andre\PycharmProjects\DjangoHomework\venv\lib\site-packages\django\core\handlers\base.py", line 197, in _get_response
    response = wrapped_callback(request, *callback_args, **callback_kwargs)
  File "C:\Users\andre\PycharmProjects\DjangoHomework\venv\lib\site-packages\django\contrib\admin\sites.py", line 261, in wrapper
    return self.admin_view(view, cacheable)(*args, **kwargs)
  File "C:\Users\andre\PycharmProjects\DjangoHomework\venv\lib\site-packages\django\utils\decorators.py", line 134, in _wrapper_view
    response = view_func(request, *args, **kwargs)
  File "C:\Users\andre\PycharmProjects\DjangoHomework\venv\lib\site-packages\django\views\decorators\cache.py", line 62, in _wrapper_view_func
    response = view_func(request, *args, **kwargs)
  File "C:\Users\andre\PycharmProjects\DjangoHomework\venv\lib\site-packages\django\contrib\admin\sites.py", line 230, in inner
    if not self.has_permission(request):
  File "C:\Users\andre\PycharmProjects\DjangoHomework\venv\lib\site-packages\django\contrib\admin\sites.py", line 203, in has_permission
    return request.user.is_active and request.user.is_staff
  File "C:\Users\andre\PycharmProjects\DjangoHomework\venv\lib\site-packages\django\utils\functional.py", line 266, in inner
    self._setup()
  File "C:\Users\andre\PycharmProjects\DjangoHomework\venv\lib\site-packages\django\utils\functional.py", line 419, in _setup
    self._wrapped = self._setupfunc()
  File "C:\Users\andre\PycharmProjects\DjangoHomework\venv\lib\site-packages\django\contrib\auth\middleware.py", line 25, in <lambda>
    request.user = SimpleLazyObject(lambda: get_user(request))
  File "C:\Users\andre\PycharmProjects\DjangoHomework\venv\lib\site-packages\django\contrib\auth\middleware.py", line 11, in get_user
    request._cached_user = auth.get_user(request)
  File "C:\Users\andre\PycharmProjects\DjangoHomework\venv\lib\site-packages\django\contrib\auth\__init__.py", line 191, in get_user
    user_id = _get_user_session_key(request)
  File "C:\Users\andre\PycharmProjects\DjangoHomework\venv\lib\site-packages\django\contrib\auth\__init__.py", line 60, in _get_user_session_key
    return get_user_model()._meta.pk.to_python(request.session[SESSION_KEY])
  File "C:\Users\andre\PycharmProjects\DjangoHomework\venv\lib\site-packages\django\contrib\sessions\backends\base.py", line 53, in __getitem__
    return self._session[key]
  File "C:\Users\andre\PycharmProjects\DjangoHomework\venv\lib\site-packages\django\contrib\sessions\backends\base.py", line 192, in _get_session
    self._session_cache = self.load()
  File "C:\Users\andre\PycharmProjects\DjangoHomework\venv\lib\site-packages\django\contrib\sessions\backends\db.py", line 42, in load
    s = self._get_session_from_db()
  File "C:\Users\andre\PycharmProjects\DjangoHomework\venv\lib\site-packages\django\contrib\sessions\backends\db.py", line 32, in _get_session_from_db
    return self.model.objects.get(
  File "C:\Users\andre\PycharmProjects\DjangoHomework\venv\lib\site-packages\django\db\models\manager.py", line 87, in manager_method
    return getattr(self.get_queryset(), name)(*args, **kwargs)
  File "C:\Users\andre\PycharmProjects\DjangoHomework\venv\lib\site-packages\django\db\models\query.py", line 633, in get
    num = len(clone)
  File "C:\Users\andre\PycharmProjects\DjangoHomework\venv\lib\site-packages\django\db\models\query.py", line 380, in __len__
    self._fetch_all()
  File "C:\Users\andre\PycharmProjects\DjangoHomework\venv\lib\site-packages\django\db\models\query.py", line 1881, in _fetch_all
    self._result_cache = list(self._iterable_class(self))
  File "C:\Users\andre\PycharmProjects\DjangoHomework\venv\lib\site-packages\django\db\models\query.py", line 91, in __iter__
    results = compiler.execute_sql(
  File "C:\Users\andre\PycharmProjects\DjangoHomework\venv\lib\site-packages\django\db\models\sql\compiler.py", line 1562, in execute_sql
    cursor.execute(sql, params)
  File "C:\Users\andre\PycharmProjects\DjangoHomework\venv\lib\site-packages\django\db\backends\utils.py", line 102, in execute
    return super().execute(sql, params)
  File "C:\Users\andre\PycharmProjects\DjangoHomework\venv\lib\site-packages\django\db\backends\utils.py", line 67, in execute
    return self._execute_with_wrappers(
  File "C:\Users\andre\PycharmProjects\DjangoHomework\venv\lib\site-packages\django\db\backends\utils.py", line 80, in _execute_with_wrappers
    return executor(sql, params, many, context)
  File "C:\Users\andre\PycharmProjects\DjangoHomework\venv\lib\site-packages\django\db\backends\utils.py", line 84, in _execute
    with self.db.wrap_database_errors:
  File "C:\Users\andre\PycharmProjects\DjangoHomework\venv\lib\site-packages\django\db\utils.py", line 91, in __exit__
    raise dj_exc_value.with_traceback(traceback) from exc_value
  File "C:\Users\andre\PycharmProjects\DjangoHomework\venv\lib\site-packages\django\db\backends\utils.py", line 89, in _execute
    return self.cursor.execute(sql, params)
  File "C:\Users\andre\PycharmProjects\DjangoHomework\venv\lib\site-packages\django\db\backends\sqlite3\base.py", line 328, in execute
    return super().execute(query, params)
django.db.utils.OperationalError: no such table: django_session
ERROR 2023-10-03 10:35:04,077 basehttp 33172 17280 "GET /admin/ HTTP/1.1" 500 195488
INFO 2023-10-03 10:41:00,668 autoreload 34088 19704 Watching for file changes with StatReloader
INFO 2023-10-03 10:41:01,917 basehttp 34088 10364 "GET / HTTP/1.1" 200 245
INFO 2023-10-03 10:41:08,025 basehttp 34088 35624 "GET /admin/ HTTP/1.1" 302 0
INFO 2023-10-03 10:41:08,483 basehttp 34088 35624 "GET /admin/login/?next=/admin/ HTTP/1.1" 200 4267
INFO 2023-10-03 10:41:11,061 basehttp 34088 31424 "GET /static/admin/css/responsive.css HTTP/1.1" 200 18533
INFO 2023-10-03 10:41:11,098 basehttp 34088 3540 "GET /static/admin/css/login.css HTTP/1.1" 200 958
INFO 2023-10-03 10:41:11,101 basehttp 34088 35624 "GET /static/admin/css/dark_mode.css HTTP/1.1" 200 2929
INFO 2023-10-03 10:41:11,156 basehttp 34088 32248 "GET /static/admin/css/nav_sidebar.css HTTP/1.1" 200 2694
INFO 2023-10-03 10:41:11,179 basehttp 34088 33688 "GET /static/admin/js/theme.js HTTP/1.1" 200 1943
INFO 2023-10-03 10:41:11,179 basehttp 34088 25976 "GET /static/admin/css/base.css HTTP/1.1" 200 21207
INFO 2023-10-03 10:41:11,227 basehttp 34088 31424 "GET /static/admin/js/nav_sidebar.js HTTP/1.1" 200 3063
INFO 2023-10-03 10:41:28,462 basehttp 34088 2528 "POST /admin/login/?next=/admin/ HTTP/1.1" 302 0
INFO 2023-10-03 10:41:28,510 basehttp 34088 2528 "GET /admin/ HTTP/1.1" 200 5855
INFO 2023-10-03 10:41:28,576 basehttp 34088 2528 "GET /static/admin/css/dashboard.css HTTP/1.1" 200 441
INFO 2023-10-03 10:41:28,600 basehttp 34088 23404 "GET /static/admin/img/icon-changelink.svg HTTP/1.1" 200 380
INFO 2023-10-03 10:41:28,600 basehttp 34088 2528 "GET /static/admin/img/icon-addlink.svg HTTP/1.1" 200 331
INFO 2023-10-03 10:42:52,786 basehttp 34088 35796 "GET /admin/auth/user/add/ HTTP/1.1" 200 10991
INFO 2023-10-03 10:42:52,872 basehttp 34088 35796 "GET /static/admin/css/forms.css HTTP/1.1" 200 9047
INFO 2023-10-03 10:42:52,876 basehttp 34088 30204 "GET /static/admin/js/jquery.init.js HTTP/1.1" 200 347
INFO 2023-10-03 10:42:52,883 basehttp 34088 30280 "GET /admin/jsi18n/ HTTP/1.1" 200 16066
INFO 2023-10-03 10:42:52,887 basehttp 34088 30120 "GET /static/admin/js/core.js HTTP/1.1" 200 5682
INFO 2023-10-03 10:42:52,896 basehttp 34088 1572 "GET /static/admin/js/admin/RelatedObjectLookups.js HTTP/1.1" 200 8943
INFO 2023-10-03 10:42:52,899 basehttp 34088 30204 "GET /static/admin/css/widgets.css HTTP/1.1" 200 11900
INFO 2023-10-03 10:42:52,901 basehttp 34088 35796 "GET /static/admin/js/actions.js HTTP/1.1" 200 7872
INFO 2023-10-03 10:42:52,912 basehttp 34088 30120 "GET /static/admin/js/prepopulate.js HTTP/1.1" 200 1531
INFO 2023-10-03 10:42:52,920 basehttp 34088 30280 "GET /static/admin/js/urlify.js HTTP/1.1" 200 7887
INFO 2023-10-03 10:42:52,938 basehttp 34088 35796 "GET /static/admin/js/prepopulate_init.js HTTP/1.1" 200 586
INFO 2023-10-03 10:42:52,940 basehttp 34088 28900 "GET /static/admin/js/vendor/jquery/jquery.js HTTP/1.1" 200 292458
INFO 2023-10-03 10:42:52,954 basehttp 34088 30204 "GET /static/admin/js/vendor/xregexp/xregexp.js HTTP/1.1" 200 232381
INFO 2023-10-03 10:42:53,050 basehttp 34088 28900 "GET /static/admin/js/change_form.js HTTP/1.1" 200 606
INFO 2023-10-03 10:43:29,304 basehttp 34088 4236 "POST /admin/auth/user/add/ HTTP/1.1" 302 0
INFO 2023-10-03 10:43:29,493 basehttp 34088 4236 "GET /admin/auth/user/2/change/ HTTP/1.1" 200 22654
INFO 2023-10-03 10:43:29,597 basehttp 34088 35904 "GET /admin/jsi18n/ HTTP/1.1" 200 16066
INFO 2023-10-03 10:43:29,603 basehttp 34088 4236 "GET /static/admin/js/calendar.js HTTP/1.1" 200 8466
INFO 2023-10-03 10:43:29,605 basehttp 34088 28780 "GET /static/admin/js/SelectBox.js HTTP/1.1" 200 4530
INFO 2023-10-03 10:43:29,607 basehttp 34088 7840 "GET /static/admin/js/admin/DateTimeShortcuts.js HTTP/1.1" 200 19319
INFO 2023-10-03 10:43:29,614 basehttp 34088 20028 "GET /static/admin/js/SelectFilter2.js HTTP/1.1" 200 15292
INFO 2023-10-03 10:43:29,661 basehttp 34088 4236 "GET /static/admin/img/icon-yes.svg HTTP/1.1" 200 436
INFO 2023-10-03 10:43:29,734 basehttp 34088 20028 "GET /static/admin/img/selector-icons.svg HTTP/1.1" 200 3291
INFO 2023-10-03 10:43:29,736 basehttp 34088 4236 "GET /static/admin/img/icon-unknown.svg HTTP/1.1" 200 655
INFO 2023-10-03 10:43:29,738 basehttp 34088 35904 "GET /static/admin/img/icon-calendar.svg HTTP/1.1" 200 1086
INFO 2023-10-03 10:43:29,740 basehttp 34088 7840 "GET /static/admin/img/search.svg HTTP/1.1" 200 458
INFO 2023-10-03 10:43:29,742 basehttp 34088 28780 "GET /static/admin/img/icon-unknown-alt.svg HTTP/1.1" 200 655
INFO 2023-10-03 10:43:29,750 basehttp 34088 20648 "GET /static/admin/img/icon-clock.svg HTTP/1.1" 200 677
INFO 2023-10-03 10:44:09,480 basehttp 34088 20648 "POST /admin/auth/user/2/change/ HTTP/1.1" 302 0
INFO 2023-10-03 10:44:09,601 basehttp 34088 20648 "GET /admin/auth/user/ HTTP/1.1" 200 11964
INFO 2023-10-03 10:44:09,669 basehttp 34088 28780 "GET /admin/jsi18n/ HTTP/1.1" 200 16066
INFO 2023-10-03 10:44:09,671 basehttp 34088 20648 "GET /static/admin/css/changelists.css HTTP/1.1" 200 6566
INFO 2023-10-03 10:44:09,692 basehttp 34088 28780 "GET /static/admin/js/filters.js HTTP/1.1" 200 978
INFO 2023-10-03 10:44:09,715 basehttp 34088 28780 "GET /static/admin/img/tooltag-add.svg HTTP/1.1" 200 331
INFO 2023-10-03 10:44:09,717 basehttp 34088 20648 "GET /static/admin/img/sorting-icons.svg HTTP/1.1" 200 1097
INFO 2023-10-03 10:44:15,543 basehttp 34088 23220 "GET /admin/auth/user/1/change/ HTTP/1.1" 200 22452
INFO 2023-10-03 10:44:15,611 basehttp 34088 23220 "GET /admin/jsi18n/ HTTP/1.1" 200 16066
INFO 2023-10-03 10:44:21,752 basehttp 34088 15016 "GET /admin/auth/user/ HTTP/1.1" 200 11742
INFO 2023-10-03 11:01:01,448 basehttp 34088 29160 "GET /admin/ HTTP/1.1" 200 6481
INFO 2023-10-03 11:10:32,752 autoreload 16924 36824 Watching for file changes with StatReloader
INFO 2023-10-03 11:10:34,173 basehttp 16924 5252 "GET /admin/ HTTP/1.1" 200 7611
INFO 2023-10-03 11:10:58,630 basehttp 16924 18404 "GET /admin/auth/group/add/ HTTP/1.1" 200 13162
INFO 2023-10-03 11:10:58,688 basehttp 16924 18404 "GET /admin/jsi18n/ HTTP/1.1" 200 16066
INFO 2023-10-03 11:11:27,550 basehttp 16924 11288 "GET /admin/ HTTP/1.1" 200 7611
INFO 2023-10-03 11:11:36,415 basehttp 16924 11288 "GET /admin/auth/user/ HTTP/1.1" 200 12591
INFO 2023-10-03 11:11:36,479 basehttp 16924 11288 "GET /admin/jsi18n/ HTTP/1.1" 200 16066
INFO 2023-10-03 11:11:37,904 basehttp 16924 26588 "GET /admin/auth/user/2/change/ HTTP/1.1" 200 23548
INFO 2023-10-03 11:11:37,970 basehttp 16924 26588 "GET /admin/jsi18n/ HTTP/1.1" 200 16066
INFO 2023-10-03 11:14:19,036 basehttp 16924 35584 "GET /admin/ HTTP/1.1" 200 7611
INFO 2023-10-03 11:14:21,714 basehttp 16924 35584 "GET /admin/myapp/category/add/ HTTP/1.1" 200 8975
INFO 2023-10-03 11:14:21,776 basehttp 16924 35584 "GET /admin/jsi18n/ HTTP/1.1" 200 16066
ERROR 2023-10-03 11:14:35,886 log 16924 6080 Internal Server Error: /admin/myapp/category/add/
Traceback (most recent call last):
  File "C:\Users\andre\PycharmProjects\DjangoHomework\venv\lib\site-packages\django\db\backends\utils.py", line 89, in _execute
    return self.cursor.execute(sql, params)
  File "C:\Users\andre\PycharmProjects\DjangoHomework\venv\lib\site-packages\django\db\backends\sqlite3\base.py", line 328, in execute
    return super().execute(query, params)
sqlite3.OperationalError: no such table: myapp_category

The above exception was the direct cause of the following exception:

Traceback (most recent call last):
  File "C:\Users\andre\PycharmProjects\DjangoHomework\venv\lib\site-packages\django\core\handlers\exception.py", line 55, in inner
    response = get_response(request)
  File "C:\Users\andre\PycharmProjects\DjangoHomework\venv\lib\site-packages\django\core\handlers\base.py", line 197, in _get_response
    response = wrapped_callback(request, *callback_args, **callback_kwargs)
  File "C:\Users\andre\PycharmProjects\DjangoHomework\venv\lib\site-packages\django\contrib\admin\options.py", line 688, in wrapper
    return self.admin_site.admin_view(view)(*args, **kwargs)
  File "C:\Users\andre\PycharmProjects\DjangoHomework\venv\lib\site-packages\django\utils\decorators.py", line 134, in _wrapper_view
    response = view_func(request, *args, **kwargs)
  File "C:\Users\andre\PycharmProjects\DjangoHomework\venv\lib\site-packages\django\views\decorators\cache.py", line 62, in _wrapper_view_func
    response = view_func(request, *args, **kwargs)
  File "C:\Users\andre\PycharmProjects\DjangoHomework\venv\lib\site-packages\django\contrib\admin\sites.py", line 242, in inner
    return view(request, *args, **kwargs)
  File "C:\Users\andre\PycharmProjects\DjangoHomework\venv\lib\site-packages\django\contrib\admin\options.py", line 1886, in add_view
    return self.changeform_view(request, None, form_url, extra_context)
  File "C:\Users\andre\PycharmProjects\DjangoHomework\venv\lib\site-packages\django\utils\decorators.py", line 46, in _wrapper
    return bound_method(*args, **kwargs)
  File "C:\Users\andre\PycharmProjects\DjangoHomework\venv\lib\site-packages\django\utils\decorators.py", line 134, in _wrapper_view
    response = view_func(request, *args, **kwargs)
  File "C:\Users\andre\PycharmProjects\DjangoHomework\venv\lib\site-packages\django\contrib\admin\options.py", line 1747, in changeform_view
    return self._changeform_view(request, object_id, form_url, extra_context)
  File "C:\Users\andre\PycharmProjects\DjangoHomework\venv\lib\site-packages\django\contrib\admin\options.py", line 1792, in _changeform_view
    form_validated = form.is_valid()
  File "C:\Users\andre\PycharmProjects\DjangoHomework\venv\lib\site-packages\django\forms\forms.py", line 201, in is_valid
    return self.is_bound and not self.errors
  File "C:\Users\andre\PycharmProjects\DjangoHomework\venv\lib\site-packages\django\forms\forms.py", line 196, in errors
    self.full_clean()
  File "C:\Users\andre\PycharmProjects\DjangoHomework\venv\lib\site-packages\django\forms\forms.py", line 435, in full_clean
    self._post_clean()
  File "C:\Users\andre\PycharmProjects\DjangoHomework\venv\lib\site-packages\django\forms\models.py", line 492, in _post_clean
    self.validate_unique()
  File "C:\Users\andre\PycharmProjects\DjangoHomework\venv\lib\site-packages\django\forms\models.py", line 501, in validate_unique
    self.instance.validate_unique(exclude=exclude)
  File "C:\Users\andre\PycharmProjects\DjangoHomework\venv\lib\site-packages\django\db\models\base.py", line 1229, in validate_unique
    errors = self._perform_unique_checks(unique_checks)
  File "C:\Users\andre\PycharmProjects\DjangoHomework\venv\lib\site-packages\django\db\models\base.py", line 1339, in _perform_unique_checks
    if qs.exists():
  File "C:\Users\andre\PycharmProjects\DjangoHomework\venv\lib\site-packages\django\db\models\query.py", line 1241, in exists
    return self.query.has_results(using=self.db)
  File "C:\Users\andre\PycharmProjects\DjangoHomework\venv\lib\site-packages\django\db\models\sql\query.py", line 598, in has_results
    return compiler.has_results()
  File "C:\Users\andre\PycharmProjects\DjangoHomework\venv\lib\site-packages\django\db\models\sql\compiler.py", line 1530, in has_results
    return bool(self.execute_sql(SINGLE))
  File "C:\Users\andre\PycharmProjects\DjangoHomework\venv\lib\site-packages\django\db\models\sql\compiler.py", line 1562, in execute_sql
    cursor.execute(sql, params)
  File "C:\Users\andre\PycharmProjects\DjangoHomework\venv\lib\site-packages\django\db\backends\utils.py", line 102, in execute
    return super().execute(sql, params)
  File "C:\Users\andre\PycharmProjects\DjangoHomework\venv\lib\site-packages\django\db\backends\utils.py", line 67, in execute
    return self._execute_with_wrappers(
  File "C:\Users\andre\PycharmProjects\DjangoHomework\venv\lib\site-packages\django\db\backends\utils.py", line 80, in _execute_with_wrappers
    return executor(sql, params, many, context)
  File "C:\Users\andre\PycharmProjects\DjangoHomework\venv\lib\site-packages\django\db\backends\utils.py", line 84, in _execute
    with self.db.wrap_database_errors:
  File "C:\Users\andre\PycharmProjects\DjangoHomework\venv\lib\site-packages\django\db\utils.py", line 91, in __exit__
    raise dj_exc_value.with_traceback(traceback) from exc_value
  File "C:\Users\andre\PycharmProjects\DjangoHomework\venv\lib\site-packages\django\db\backends\utils.py", line 89, in _execute
    return self.cursor.execute(sql, params)
  File "C:\Users\andre\PycharmProjects\DjangoHomework\venv\lib\site-packages\django\db\backends\sqlite3\base.py", line 328, in execute
    return super().execute(query, params)
django.db.utils.OperationalError: no such table: myapp_category
ERROR 2023-10-03 11:14:35,900 basehttp 16924 6080 "POST /admin/myapp/category/add/ HTTP/1.1" 500 193384
INFO 2023-10-03 11:17:07,908 autoreload 8632 33864 Watching for file changes with StatReloader
INFO 2023-10-03 11:17:22,373 basehttp 8632 19832 "GET /admin/ HTTP/1.1" 302 0
INFO 2023-10-03 11:17:22,440 basehttp 8632 19832 "GET /admin/login/?next=/admin/ HTTP/1.1" 200 4267
INFO 2023-10-03 11:17:30,823 basehttp 8632 6476 "POST /admin/login/?next=/admin/ HTTP/1.1" 200 4537
INFO 2023-10-03 11:17:46,118 basehttp 8632 36688 "POST /admin/login/?next=/admin/ HTTP/1.1" 200 4537
INFO 2023-10-03 11:18:01,901 basehttp 8632 14160 "POST /admin/login/?next=/admin/ HTTP/1.1" 200 4537
INFO 2023-10-03 11:19:23,246 autoreload 36796 26800 Watching for file changes with StatReloader
INFO 2023-10-03 11:19:28,550 basehttp 36796 2896 "POST /admin/login/?next=/admin/ HTTP/1.1" 302 0
INFO 2023-10-03 11:19:28,597 basehttp 36796 2896 "GET /admin/ HTTP/1.1" 200 6985
INFO 2023-10-03 11:19:34,479 basehttp 36796 2896 "GET /admin/auth/user/add/ HTTP/1.1" 200 11840
INFO 2023-10-03 11:19:34,551 basehttp 36796 2896 "GET /admin/jsi18n/ HTTP/1.1" 200 16066
INFO 2023-10-03 11:20:06,720 basehttp 36796 26620 "POST /admin/auth/user/add/ HTTP/1.1" 302 0
INFO 2023-10-03 11:20:06,816 basehttp 36796 26620 "GET /admin/auth/user/2/change/ HTTP/1.1" 200 23778
INFO 2023-10-03 11:20:06,889 basehttp 36796 26620 "GET /admin/jsi18n/ HTTP/1.1" 200 16066
INFO 2023-10-03 11:20:12,841 basehttp 36796 26620 "POST /admin/auth/user/2/change/ HTTP/1.1" 302 0
INFO 2023-10-03 11:20:12,895 basehttp 36796 26620 "GET /admin/auth/user/ HTTP/1.1" 200 12780
INFO 2023-10-03 11:20:12,965 basehttp 36796 26620 "GET /admin/jsi18n/ HTTP/1.1" 200 16066
INFO 2023-10-03 11:20:16,296 basehttp 36796 20644 "GET /admin/ HTTP/1.1" 200 7611
INFO 2023-10-03 11:20:18,647 basehttp 36796 20644 "GET /admin/myapp/category/add/ HTTP/1.1" 200 8975
INFO 2023-10-03 11:20:18,717 basehttp 36796 20644 "GET /admin/jsi18n/ HTTP/1.1" 200 16066
INFO 2023-10-03 11:20:34,632 basehttp 36796 8940 "POST /admin/myapp/category/add/ HTTP/1.1" 302 0
INFO 2023-10-03 11:20:34,668 basehttp 36796 8940 "GET /admin/myapp/category/add/ HTTP/1.1" 200 9272
INFO 2023-10-03 11:20:34,722 basehttp 36796 8940 "GET /admin/jsi18n/ HTTP/1.1" 200 16066
INFO 2023-10-03 11:20:38,494 basehttp 36796 8940 "POST /admin/myapp/category/add/ HTTP/1.1" 302 0
INFO 2023-10-03 11:20:38,528 basehttp 36796 8940 "GET /admin/myapp/category/add/ HTTP/1.1" 200 9272
INFO 2023-10-03 11:20:38,587 basehttp 36796 8940 "GET /admin/jsi18n/ HTTP/1.1" 200 16066
INFO 2023-10-03 11:20:41,847 basehttp 36796 8940 "POST /admin/myapp/category/add/ HTTP/1.1" 302 0
INFO 2023-10-03 11:20:41,864 basehttp 36796 8940 "GET /admin/myapp/category/add/ HTTP/1.1" 200 9272
INFO 2023-10-03 11:20:41,931 basehttp 36796 8940 "GET /admin/jsi18n/ HTTP/1.1" 200 16066
INFO 2023-10-03 11:20:44,646 basehttp 36796 20200 "POST /admin/myapp/category/add/ HTTP/1.1" 302 0
INFO 2023-10-03 11:20:44,685 basehttp 36796 20200 "GET /admin/myapp/category/add/ HTTP/1.1" 200 9272
INFO 2023-10-03 11:20:44,744 basehttp 36796 20200 "GET /admin/jsi18n/ HTTP/1.1" 200 16066
INFO 2023-10-03 11:20:48,392 basehttp 36796 20200 "POST /admin/myapp/category/add/ HTTP/1.1" 302 0
INFO 2023-10-03 11:20:48,427 basehttp 36796 20200 "GET /admin/myapp/category/ HTTP/1.1" 200 10508
INFO 2023-10-03 11:20:48,492 basehttp 36796 20200 "GET /admin/jsi18n/ HTTP/1.1" 200 16066
INFO 2023-10-03 11:20:54,384 basehttp 36796 9000 "GET /admin/myapp/product/add/ HTTP/1.1" 200 13512
INFO 2023-10-03 11:20:54,444 basehttp 36796 9000 "GET /admin/jsi18n/ HTTP/1.1" 200 16066
INFO 2023-10-03 11:20:54,550 basehttp 36796 36496 "GET /static/admin/img/icon-viewlink.svg HTTP/1.1" 200 581
INFO 2023-10-03 11:21:35,971 basehttp 36796 29164 "POST /admin/myapp/product/add/ HTTP/1.1" 302 0
INFO 2023-10-03 11:21:36,071 basehttp 36796 29164 "GET /admin/myapp/product/add/ HTTP/1.1" 200 13802
INFO 2023-10-03 11:21:36,138 basehttp 36796 29164 "GET /admin/jsi18n/ HTTP/1.1" 200 16066
INFO 2023-10-03 11:21:54,175 basehttp 36796 25440 "POST /admin/myapp/product/add/ HTTP/1.1" 200 13859
INFO 2023-10-03 11:21:54,252 basehttp 36796 25440 "GET /admin/jsi18n/ HTTP/1.1" 200 16066
INFO 2023-10-03 11:22:25,446 basehttp 36796 25976 "POST /admin/myapp/product/add/ HTTP/1.1" 302 0
INFO 2023-10-03 11:22:25,520 basehttp 36796 25976 "GET /admin/myapp/product/ HTTP/1.1" 200 9820
INFO 2023-10-03 11:22:25,588 basehttp 36796 25976 "GET /admin/jsi18n/ HTTP/1.1" 200 16066
INFO 2023-10-03 11:30:00,246 autoreload 36796 26800 C:\Users\andre\PycharmProjects\DjangoHomework\myproject\myapp\models.py changed, reloading.
INFO 2023-10-03 11:30:01,847 autoreload 27660 31360 Watching for file changes with StatReloader
INFO 2023-10-03 11:30:27,376 autoreload 27660 31360 C:\Users\andre\PycharmProjects\DjangoHomework\myproject\myapp\models.py changed, reloading.
INFO 2023-10-03 11:30:28,287 autoreload 30160 33488 Watching for file changes with StatReloader
INFO 2023-10-03 11:34:01,871 autoreload 30160 33488 C:\Users\andre\PycharmProjects\DjangoHomework\myproject\myapp\models.py changed, reloading.
INFO 2023-10-03 11:34:02,831 autoreload 35372 23164 Watching for file changes with StatReloader
INFO 2023-10-03 11:36:06,022 autoreload 30264 32700 Watching for file changes with StatReloader
INFO 2023-10-03 11:36:08,992 basehttp 30264 31836 "GET /admin/myapp/product/ HTTP/1.1" 200 9603
INFO 2023-10-03 11:36:09,061 basehttp 30264 31836 "GET /admin/jsi18n/ HTTP/1.1" 200 16066
INFO 2023-10-03 11:36:13,417 basehttp 30264 31836 "GET /admin/myapp/product/1/change/ HTTP/1.1" 200 13791
INFO 2023-10-03 11:36:13,490 basehttp 30264 31836 "GET /admin/jsi18n/ HTTP/1.1" 200 16066
INFO 2023-10-03 11:36:27,564 basehttp 30264 31836 "GET /admin/myapp/product/add/ HTTP/1.1" 200 13522
INFO 2023-10-03 11:36:27,627 basehttp 30264 31836 "GET /admin/jsi18n/ HTTP/1.1" 200 16066
INFO 2023-10-03 11:37:03,845 basehttp 30264 19896 "POST /admin/myapp/product/add/ HTTP/1.1" 302 0
INFO 2023-10-03 11:37:03,866 basehttp 30264 19896 "GET /admin/myapp/product/ HTTP/1.1" 200 10036
INFO 2023-10-03 11:37:03,939 basehttp 30264 19896 "GET /admin/jsi18n/ HTTP/1.1" 200 16066
INFO 2023-10-03 11:44:10,082 autoreload 27624 17368 Watching for file changes with StatReloader
INFO 2023-10-03 11:44:13,161 basehttp 27624 23404 "GET /admin/myapp/product/ HTTP/1.1" 200 9819
INFO 2023-10-03 11:44:13,240 basehttp 27624 23404 "GET /admin/jsi18n/ HTTP/1.1" 200 16066
INFO 2023-10-03 11:44:17,556 basehttp 27624 23404 "GET /admin/myapp/product/ HTTP/1.1" 200 9819
INFO 2023-10-03 11:44:17,613 basehttp 27624 23404 "GET /admin/jsi18n/ HTTP/1.1" 200 16066
INFO 2023-10-03 11:44:20,969 basehttp 27624 23404 "GET /admin/myapp/product/3/change/ HTTP/1.1" 200 13795
INFO 2023-10-03 11:44:21,040 basehttp 27624 23404 "GET /admin/jsi18n/ HTTP/1.1" 200 16066
INFO 2023-10-03 11:44:24,705 basehttp 27624 23404 "GET /admin/myapp/product/ HTTP/1.1" 200 9819
INFO 2023-10-03 11:45:05,515 autoreload 27624 17368 C:\Users\andre\PycharmProjects\DjangoHomework\myproject\myapp\admin.py changed, reloading.
INFO 2023-10-03 11:45:06,208 autoreload 29396 19292 Watching for file changes with StatReloader
INFO 2023-10-03 11:45:09,386 basehttp 29396 32500 "GET /admin/myapp/product/ HTTP/1.1" 200 10627
INFO 2023-10-03 11:45:09,454 basehttp 29396 32500 "GET /admin/jsi18n/ HTTP/1.1" 200 16066
INFO 2023-10-03 11:45:47,308 autoreload 29396 19292 C:\Users\andre\PycharmProjects\DjangoHomework\myproject\myapp\admin.py changed, reloading.
INFO 2023-10-03 11:45:48,159 autoreload 2108 35520 Watching for file changes with StatReloader
INFO 2023-10-03 11:45:49,163 basehttp 2108 25868 "GET /admin/myapp/product/ HTTP/1.1" 200 11422
INFO 2023-10-03 11:45:49,226 basehttp 2108 25868 "GET /admin/jsi18n/ HTTP/1.1" 200 16066
INFO 2023-10-03 11:45:56,836 basehttp 2108 25868 "GET /admin/myapp/product/?o=4.2.-3 HTTP/1.1" 200 11955
INFO 2023-10-03 11:45:56,895 basehttp 2108 25868 "GET /admin/jsi18n/ HTTP/1.1" 200 16066
INFO 2023-10-03 11:45:58,343 basehttp 2108 25868 "GET /admin/myapp/product/?o=-4.2.-3 HTTP/1.1" 200 11966
INFO 2023-10-03 11:45:58,399 basehttp 2108 25868 "GET /admin/jsi18n/ HTTP/1.1" 200 16066
INFO 2023-10-03 11:45:59,332 basehttp 2108 25868 "GET /admin/myapp/product/?o=3.-4.2 HTTP/1.1" 200 11955
INFO 2023-10-03 11:45:59,398 basehttp 2108 25868 "GET /admin/jsi18n/ HTTP/1.1" 200 16066
INFO 2023-10-03 11:46:00,116 basehttp 2108 25868 "GET /admin/myapp/product/?o=-3.-4.2 HTTP/1.1" 200 11966
INFO 2023-10-03 11:46:00,174 basehttp 2108 25868 "GET /admin/jsi18n/ HTTP/1.1" 200 16066
INFO 2023-10-03 11:46:00,911 basehttp 2108 25868 "GET /admin/myapp/product/?o=3.-4.2 HTTP/1.1" 200 11955
INFO 2023-10-03 11:46:00,969 basehttp 2108 25868 "GET /admin/jsi18n/ HTTP/1.1" 200 16066
INFO 2023-10-03 11:46:02,124 basehttp 2108 25868 "GET /admin/myapp/product/?o=-3.-4.2 HTTP/1.1" 200 11966
INFO 2023-10-03 11:46:02,186 basehttp 2108 25868 "GET /admin/jsi18n/ HTTP/1.1" 200 16066
INFO 2023-10-03 11:46:04,786 basehttp 2108 25868 "GET /admin/myapp/product/?o=-3.-4.-2 HTTP/1.1" 200 11977
INFO 2023-10-03 11:46:04,844 basehttp 2108 25868 "GET /admin/jsi18n/ HTTP/1.1" 200 16066
INFO 2023-10-03 11:46:06,022 basehttp 2108 25868 "GET /admin/myapp/product/?o=-3.-4.2 HTTP/1.1" 200 11966
INFO 2023-10-03 11:46:06,079 basehttp 2108 25868 "GET /admin/jsi18n/ HTTP/1.1" 200 16066
INFO 2023-10-03 11:46:11,270 basehttp 2108 25868 "GET /admin/myapp/product/?o=-3.4.2 HTTP/1.1" 200 11955
INFO 2023-10-03 11:46:11,328 basehttp 2108 25868 "GET /admin/jsi18n/ HTTP/1.1" 200 16066
INFO 2023-10-03 11:46:12,277 basehttp 2108 25868 "GET /admin/myapp/product/?o=-3.-4.2 HTTP/1.1" 200 11966
INFO 2023-10-03 11:46:12,338 basehttp 2108 25868 "GET /admin/jsi18n/ HTTP/1.1" 200 16066
INFO 2023-10-03 11:46:13,203 basehttp 2108 25868 "GET /admin/myapp/product/?o=-3.4.2 HTTP/1.1" 200 11955
INFO 2023-10-03 11:46:13,260 basehttp 2108 25868 "GET /admin/jsi18n/ HTTP/1.1" 200 16066
INFO 2023-10-03 11:46:16,061 basehttp 2108 25868 "GET /admin/myapp/product/?o=-3.4.-2 HTTP/1.1" 200 11966
INFO 2023-10-03 11:46:16,121 basehttp 2108 25868 "GET /admin/jsi18n/ HTTP/1.1" 200 16066
INFO 2023-10-03 11:46:20,118 basehttp 2108 25868 "GET /admin/myapp/product/?o=-3.4.2 HTTP/1.1" 200 11955
INFO 2023-10-03 11:46:20,182 basehttp 2108 25868 "GET /admin/jsi18n/ HTTP/1.1" 200 16066
INFO 2023-10-03 11:46:21,793 basehttp 2108 25868 "GET /admin/myapp/product/?o=-3.4.-2 HTTP/1.1" 200 11966
INFO 2023-10-03 11:46:21,854 basehttp 2108 25868 "GET /admin/jsi18n/ HTTP/1.1" 200 16066
INFO 2023-10-03 11:46:24,852 basehttp 2108 25868 "GET /admin/myapp/product/?o=-3.4.2 HTTP/1.1" 200 11955
INFO 2023-10-03 11:46:24,894 basehttp 2108 25868 "GET /admin/jsi18n/ HTTP/1.1" 200 16066
INFO 2023-10-03 11:47:09,906 autoreload 2108 35520 C:\Users\andre\PycharmProjects\DjangoHomework\myproject\myapp\admin.py changed, reloading.
INFO 2023-10-03 11:47:10,732 autoreload 19368 9612 Watching for file changes with StatReloader
INFO 2023-10-03 11:47:12,204 basehttp 19368 3404 "GET /admin/myapp/product/?o=-3.4.2 HTTP/1.1" 200 13293
INFO 2023-10-03 11:47:12,262 basehttp 19368 3404 "GET /admin/jsi18n/ HTTP/1.1" 200 16066
INFO 2023-10-03 11:47:31,231 basehttp 19368 3404 "GET / HTTP/1.1" 200 245
INFO 2023-10-03 11:47:33,778 basehttp 19368 3404 "GET /admin/myapp/product/?o=-3.4.2 HTTP/1.1" 200 13293
INFO 2023-10-03 11:47:36,608 basehttp 19368 3404 "GET /admin/password_change/ HTTP/1.1" 200 8305
INFO 2023-10-03 11:47:38,563 basehttp 19368 3404 "GET /admin/myapp/product/?o=-3.4.2 HTTP/1.1" 200 13293
INFO 2023-10-03 11:48:15,320 autoreload 19368 9612 C:\Users\andre\PycharmProjects\DjangoHomework\myproject\myapp\admin.py changed, reloading.
INFO 2023-10-03 11:48:16,365 autoreload 33532 33584 Watching for file changes with StatReloader
INFO 2023-10-03 11:48:19,073 autoreload 33532 33584 C:\Users\andre\PycharmProjects\DjangoHomework\myproject\myapp\admin.py changed, reloading.
INFO 2023-10-03 11:48:19,978 autoreload 34984 34004 Watching for file changes with StatReloader
INFO 2023-10-03 11:48:21,725 basehttp 34984 33728 "GET /admin/myapp/product/?o=-3.4.2 HTTP/1.1" 200 13659
INFO 2023-10-03 11:48:21,790 basehttp 34984 33728 "GET /admin/jsi18n/ HTTP/1.1" 200 16066
INFO 2023-10-03 11:48:42,638 autoreload 34984 34004 C:\Users\andre\PycharmProjects\DjangoHomework\myproject\myapp\admin.py changed, reloading.
INFO 2023-10-03 11:48:43,345 autoreload 32588 35964 Watching for file changes with StatReloader
INFO 2023-10-03 11:48:52,124 basehttp 32588 20028 "GET /admin/myapp/product/?o=-3.4.2 HTTP/1.1" 200 13838
INFO 2023-10-03 11:48:52,183 basehttp 32588 20028 "GET /admin/jsi18n/ HTTP/1.1" 200 16066
INFO 2023-10-03 11:51:54,610 autoreload 32588 35964 C:\Users\andre\PycharmProjects\DjangoHomework\myproject\myapp\admin.py changed, reloading.
INFO 2023-10-03 11:51:55,300 autoreload 33888 25200 Watching for file changes with StatReloader
INFO 2023-10-03 11:52:09,270 autoreload 33888 25200 C:\Users\andre\PycharmProjects\DjangoHomework\myproject\myapp\admin.py changed, reloading.
INFO 2023-10-03 11:52:09,949 autoreload 35272 24980 Watching for file changes with StatReloader
INFO 2023-10-03 11:52:14,380 basehttp 35272 12112 "GET /admin/myapp/product/?o=-3.4.2 HTTP/1.1" 200 13931
INFO 2023-10-03 11:52:14,444 basehttp 35272 12112 "GET /admin/jsi18n/ HTTP/1.1" 200 16066
INFO 2023-10-03 11:52:24,713 basehttp 35272 12112 "GET /admin/myapp/product/1/change/?_changelist_filters=o%3D-3.4.2 HTTP/1.1" 200 13894
INFO 2023-10-03 11:52:24,780 basehttp 35272 12112 "GET /admin/jsi18n/ HTTP/1.1" 200 16066
INFO 2023-10-03 11:52:30,747 basehttp 35272 12112 "POST /admin/myapp/product/1/change/?_changelist_filters=o%3D-3.4.2 HTTP/1.1" 302 0
INFO 2023-10-03 11:52:30,786 basehttp 35272 12112 "GET /admin/myapp/product/?o=-3.4.2 HTTP/1.1" 200 14152
INFO 2023-10-03 11:52:30,847 basehttp 35272 12112 "GET /admin/jsi18n/ HTTP/1.1" 200 16066
INFO 2023-10-03 11:52:41,278 basehttp 35272 12112 "POST /admin/myapp/product/?o=-3.4.2 HTTP/1.1" 302 0
INFO 2023-10-03 11:52:41,319 basehttp 35272 12112 "GET /admin/myapp/product/?o=-3.4.2 HTTP/1.1" 200 13931
INFO 2023-10-03 11:52:41,375 basehttp 35272 12112 "GET /admin/jsi18n/ HTTP/1.1" 200 16066
INFO 2023-10-03 11:56:28,365 autoreload 35272 24980 C:\Users\andre\PycharmProjects\DjangoHomework\myproject\myapp\admin.py changed, reloading.
INFO 2023-10-03 11:56:29,183 autoreload 8052 5252 Watching for file changes with StatReloader
INFO 2023-10-03 11:56:29,848 basehttp 8052 17332 "GET /admin/myapp/product/?o=-3.4.2 HTTP/1.1" 200 13931
INFO 2023-10-03 11:56:29,908 basehttp 8052 17332 "GET /admin/jsi18n/ HTTP/1.1" 200 16066
INFO 2023-10-03 11:56:34,590 basehttp 8052 17332 "GET /admin/myapp/product/1/change/?_changelist_filters=o%3D-3.4.2 HTTP/1.1" 200 13117
INFO 2023-10-03 11:56:34,662 basehttp 8052 17332 "GET /admin/jsi18n/ HTTP/1.1" 200 16066
INFO 2023-10-03 11:57:54,010 autoreload 8052 5252 C:\Users\andre\PycharmProjects\DjangoHomework\myproject\myapp\admin.py changed, reloading.
INFO 2023-10-03 11:57:54,929 autoreload 28900 34368 Watching for file changes with StatReloader
INFO 2023-10-03 11:58:34,234 autoreload 28900 34368 C:\Users\andre\PycharmProjects\DjangoHomework\myproject\myapp\admin.py changed, reloading.
INFO 2023-10-03 11:58:35,119 autoreload 29548 36608 Watching for file changes with StatReloader
INFO 2023-10-03 11:58:38,280 basehttp 29548 27880 "GET /admin/ HTTP/1.1" 200 10001
INFO 2023-10-03 11:58:40,850 basehttp 29548 27880 "GET /admin/myapp/product/ HTTP/1.1" 200 13253
INFO 2023-10-03 11:58:40,918 basehttp 29548 27880 "GET /admin/jsi18n/ HTTP/1.1" 200 16066
INFO 2023-10-03 11:58:43,950 basehttp 29548 27880 "GET /admin/myapp/product/1/change/ HTTP/1.1" 200 14924
INFO 2023-10-03 11:58:44,031 basehttp 29548 27880 "GET /admin/jsi18n/ HTTP/1.1" 200 16066
INFO 2023-10-03 11:58:44,132 basehttp 29548 24632 "GET /static/admin/js/collapse.js HTTP/1.1" 200 1803
INFO 2023-10-03 11:59:31,898 autoreload 29548 36608 C:\Users\andre\PycharmProjects\DjangoHomework\myproject\myapp\admin.py changed, reloading.
INFO 2023-10-03 11:59:32,708 autoreload 15840 26084 Watching for file changes with StatReloader
INFO 2023-10-03 11:59:32,903 basehttp 15840 8792 "GET /admin/myapp/product/1/change/ HTTP/1.1" 200 14949
INFO 2023-10-03 11:59:32,974 basehttp 15840 8792 "GET /admin/jsi18n/ HTTP/1.1" 200 16066
INFO 2023-10-03 12:00:40,452 autoreload 15840 26084 C:\Users\andre\PycharmProjects\DjangoHomework\myproject\myapp\admin.py changed, reloading.
INFO 2023-10-03 12:00:41,418 autoreload 32516 11080 Watching for file changes with StatReloader
INFO 2023-10-03 12:00:42,313 basehttp 32516 33640 "GET /admin/myapp/product/1/change/ HTTP/1.1" 200 14945
INFO 2023-10-03 12:00:42,382 basehttp 32516 33640 "GET /admin/jsi18n/ HTTP/1.1" 200 16066
INFO 2023-10-03 12:00:44,123 basehttp 32516 33640 "GET /admin/myapp/product/1/change/ HTTP/1.1" 200 14945
INFO 2023-10-03 12:00:44,186 basehttp 32516 33640 "GET /admin/jsi18n/ HTTP/1.1" 200 16066
INFO 2023-10-03 12:00:50,223 autoreload 32516 11080 C:\Users\andre\PycharmProjects\DjangoHomework\myproject\myapp\admin.py changed, reloading.
INFO 2023-10-03 12:00:51,038 autoreload 12284 11244 Watching for file changes with StatReloader
